       100	      1765  	0.000494
       200	      3857  	0.000986
       300	      6148  	0.009006
       400	      7704  	0.002697
       500	      9953  	0.002654
       600	     12375  	0.003367
       700	     14645  	0.005926
       800	     18000  	0.005365
       900	     19599  	0.005217
      1000	     21540  	0.005702
      1100	     25053  	0.006625
      1200	     27152  	0.007079
      1300	     28974  	0.007863
      1400	     32383  	0.009112
      1500	     34931  	0.010601
      1600	     36333  	0.009600
      1700	     39915  	0.011804
      1800	     41773  	0.012961
      1900	     42850  	0.011368
      2000	     45379  	0.011702
      2100	     47526  	0.014535
      2200	     52160  	0.013655
      2300	     52809  	0.014587
      2400	     54783  	0.014740
      2500	     60954  	0.015689
      2600	     59516  	0.015627
      2700	     64056  	0.016972
      2800	     66126  	0.018693
      2900	     69049  	0.019665
      3000	     71561  	0.020249
      3100	     72274  	0.020718
      3200	     85332  	0.022990
      3300	     77823  	0.032329
      3400	     82395  	0.023441
      3500	     84943  	0.023424
      3600	     89362  	0.024675
      3700	     87780  	0.024939
      3800	     90975  	0.025315
      3900	     95251  	0.026312
      4000	     95108  	0.026386
      4100	     97956  	0.026844
      4200	    105406  	0.031265
      4300	    106804  	0.029524
      4400	    112454  	0.030264
      4500	    111877  	0.030526
      4600	    119140  	0.031219
      4700	    118235  	0.031596
      4800	    121384  	0.032967
      4900	    118595  	0.032109
      5000	    124887  	0.046266
       100	      1664  	0.000476
       200	      3574  	0.000969
       300	      5861  	0.001562
       400	      8103  	0.002111
       500	     10318  	0.002864
       600	     13074  	0.003373
       700	     14520  	0.004030
       800	     17179  	0.004597
       900	     20479  	0.005405
      1000	     21940  	0.007298
      1100	     22994  	0.007288
      1200	     25796  	0.010105
      1300	     28496  	0.009622
      1400	     32692  	0.010086
      1500	     35597  	0.010519
      1600	     36262  	0.009443
      1700	     38361  	0.010555
      1800	     41770  	0.013476
      1900	     47142  	0.016281
      2000	     46421  	0.012060
      2100	     48388  	0.035287
      2200	     50961  	0.073837
      2300	     54354  	0.052581
      2400	     58521  	0.083484
      2500	     58948  	0.036643
      2600	     62883  	0.049484
      2700	     65475  	0.045232
      2800	     66090  	0.058807
      2900	     70168  	0.056868
      3000	     69614  	0.044260
      3100	     74904  	0.063761
      3200	     84201  	0.050149
      3300	     77081  	0.040842
      3400	     83894  	0.085054
      3500	     90195  	0.060493
      3600	     84494  	0.089985
      3700	     89878  	0.068631
      3800	     90077  	0.052475
      3900	     94896  	0.052460
      4000	    101675  	0.123987
      4100	    105721  	0.111554
      4200	    105956  	0.104351
      4300	    104926  	0.029858
      4400	    109034  	0.029809
      4500	    109419  	0.032107
      4600	    115373  	0.034278
      4700	    116264  	0.032247
      4800	    118566  	0.032565
      4900	    122059  	0.034451
      5000	    124778  	0.036268
       100	      1794  	0.000492
       200	      3326  	0.000906
       300	      5828  	0.001772
       400	      8039  	0.002135
       500	     10192  	0.003505
       600	     12356  	0.003402
       700	     14448  	0.005469
       800	     16731  	0.004868
       900	     18472  	0.005803
      1000	     21995  	0.006310
      1100	     26567  	0.007297
      1200	     26258  	0.008297
      1300	     28824  	0.009007
      1400	     30905  	0.008235
      1500	     33177  	0.009313
      1600	     35135  	0.010758
      1700	     39098  	0.010893
      1800	     41410  	0.012372
      1900	     45157  	0.011570
      2000	     45640  	0.013686
      2100	     48700  	0.013264
      2200	     52114  	0.013912
      2300	     54953  	0.014986
      2400	     57257  	0.015507
      2500	     61267  	0.017221
      2600	     60989  	0.017081
      2700	     66770  	0.023042
      2800	     68139  	0.017636
      2900	     69471  	0.019867
      3000	     74352  	0.020763
      3100	     75246  	0.021599
      3200	     76393  	0.021918
      3300	     78802  	0.022689
      3400	     83939  	0.023298
      3500	     89866  	0.024994
      3600	     90553  	0.024860
      3700	     90169  	0.027274
      3800	     90965  	0.026019
      3900	     98416  	0.027108
      4000	     96983  	0.028398
      4100	    105575  	0.032826
      4200	    107960  	0.029144
      4300	    105482  	0.028362
      4400	    111825  	0.030235
      4500	    110471  	0.030206
      4600	    121946  	0.033838
      4700	    113643  	0.031073
      4800	    119157  	0.036123
      4900	    119792  	0.032622
      5000	    145108  	0.036606
       100	      1952  	0.000507
       200	      3693  	0.000975
       300	      5660  	0.001553
       400	      7941  	0.002066
       500	     10178  	0.002727
       600	     12192  	0.003352
       700	     14636  	0.004223
       800	     16920  	0.004398
       900	     19743  	0.005277
      1000	     20942  	0.007046
      1100	     24248  	0.007894
      1200	     26413  	0.008558
      1300	     28464  	0.009023
      1400	     32221  	0.008922
      1500	     33458  	0.010612
      1600	     36834  	0.011821
      1700	     39565  	0.010047
      1800	     40682  	0.012950
      1900	     45430  	0.011538
      2000	     45437  	0.013631
      2100	     47614  	0.013714
      2200	     51915  	0.017844
      2300	     52113  	0.014060
      2400	     55425  	0.014852
      2500	     57903  	0.015744
      2600	     61816  	0.016341
      2700	     67437  	0.020145
      2800	     70246  	0.019741
      2900	     70387  	0.020265
      3000	     70279  	0.020571
      3100	     78084  	0.021721
      3200	     76581  	0.022530
      3300	     81261  	0.022937
      3400	     83371  	0.023581
      3500	     83907  	0.023569
      3600	     94327  	0.025549
      3700	     88061  	0.025021
      3800	     97026  	0.025610
      3900	     93388  	0.026290
      4000	    101913  	0.027404
      4100	    102439  	0.027857
      4200	    104205  	0.028337
      4300	    110005  	0.029512
      4400	    110450  	0.030194
      4500	    113024  	0.030261
      4600	    114095  	0.031090
      4700	    114284  	0.030884
      4800	    121524  	0.033096
      4900	    121259  	0.033391
      5000	    124024  	0.033954
       100	      1682  	0.000487
       200	      3767  	0.001078
       300	      5811  	0.001536
       400	      7710  	0.002085
       500	     10093  	0.002689
       600	     12293  	0.003221
       700	     15658  	0.003978
       800	     16941  	0.005069
       900	     20917  	0.005649
      1000	     21161  	0.005689
      1100	     23992  	0.007984
      1200	     26001  	0.008356
      1300	     28797  	0.007721
      1400	     31948  	0.008896
      1500	     33413  	0.009212
      1600	     36478  	0.012253
      1700	     38926  	0.010232
      1800	     41263  	0.012273
      1900	     45807  	0.011559
      2000	     46457  	0.014553
      2100	     50217  	0.016953
      2200	     51696  	0.014077
      2300	     55481  	0.015307
      2400	     55511  	0.018929
      2500	     59739  	0.016953
      2600	     60504  	0.016315
      2700	     63919  	0.017127
      2800	     67015  	0.020182
      2900	     71370  	0.028520
      3000	     71117  	0.020460
      3100	     74143  	0.021369
      3200	     76718  	0.022321
      3300	     81061  	0.022715
      3400	     82627  	0.022838
      3500	     82486  	0.023037
      3600	     86247  	0.024932
      3700	     98658  	0.026724
      3800	     93094  	0.029765
      3900	     96713  	0.028717
      4000	    106429  	0.027901
      4100	     96709  	0.027287
      4200	    104402  	0.029015
      4300	    107602  	0.030228
      4400	    107113  	0.030758
      4500	    112983  	0.031404
      4600	    111699  	0.031954
      4700	    113825  	0.031275
      4800	    116928  	0.033887
      4900	    124995  	0.036383
      5000	    122846  	0.034774
       100	      1712  	0.000473
       200	      3849  	0.000985
       300	      5661  	0.002725
       400	      8114  	0.002180
       500	     10821  	0.002877
       600	     12581  	0.003515
       700	     15278  	0.004153
       800	     16560  	0.011540
       900	     19377  	0.010179
      1000	     21649  	0.011117
      1100	     25319  	0.007587
      1200	     26422  	0.014058
      1300	     28454  	0.008659
      1400	     31255  	0.019641
      1500	     32862  	0.009380
      1600	     36936  	0.010966
      1700	     38593  	0.011221
      1800	     43334  	0.013062
      1900	     45750  	0.012074
      2000	     45693  	0.012367
      2100	     49831  	0.016568
      2200	     49497  	0.013310
      2300	     52866  	0.027430
      2400	     56289  	0.033117
      2500	     58748  	0.039191
      2600	     61208  	0.040923
      2700	     62868  	0.033968
      2800	     66545  	0.037717
      2900	     70680  	0.037740
      3000	     70698  	0.018897
      3100	     77366  	0.021350
      3200	     78705  	0.022078
      3300	     79962  	0.023044
      3400	     81325  	0.023321
      3500	     95291  	0.025610
      3600	     85550  	0.024997
      3700	     91390  	0.025577
      3800	     89532  	0.027795
      3900	     93080  	0.026328
      4000	     98922  	0.096015
      4100	    101965  	0.106097
      4200	    108858  	0.053033
      4300	    105295  	0.035332
      4400	    110484  	0.094232
      4500	    120300  	0.040670
      4600	    113117  	0.083446
      4700	    117025  	0.039961
      4800	    117417  	0.031266
      4900	    121679  	0.123618
      5000	    126111  	0.112284
       100	      1621  	0.000515
       200	      3727  	0.000974
       300	      5885  	0.001596
       400	      8204  	0.002182
       500	     10322  	0.002686
       600	     12625  	0.003405
       700	     14545  	0.003897
       800	     17774  	0.004761
       900	     19211  	0.031745
      1000	     22702  	0.013571
      1100	     24486  	0.019670
      1200	     26101  	0.007326
      1300	     30258  	0.007708
      1400	     31768  	0.008576
      1500	     36296  	0.027925
      1600	     35920  	0.011915
      1700	     39715  	0.010292
      1800	     39361  	0.034993
      1900	     44387  	0.012369
      2000	     46307  	0.035711
      2100	     49324  	0.039312
      2200	     50656  	0.013234
      2300	     53188  	0.014097
      2400	     57954  	0.015596
      2500	     59923  	0.015871
      2600	     63286  	0.051321
      2700	     64033  	0.030914
      2800	     65141  	0.017414
      2900	     71104  	0.026998
      3000	     74692  	0.028287
      3100	     75161  	0.028566
      3200	     76737  	0.025150
      3300	     77827  	0.029999
      3400	     82034  	0.029507
      3500	     85504  	0.049547
      3600	     88146  	0.098389
      3700	     88977  	0.066024
      3800	     93292  	0.088514
      3900	     93418  	0.077447
      4000	     95877  	0.050631
      4100	    100534  	0.119906
      4200	    104747  	0.055666
      4300	    107326  	0.052905
      4400	    112598  	0.029547
      4500	    109394  	0.035201
      4600	    117614  	0.036493
      4700	    117111  	0.033513
      4800	    123206  	0.035975
      4900	    121308  	0.034619
      5000	    124826  	0.034664
       100	      1722  	0.000504
       200	      3678  	0.001032
       300	      5659  	0.001492
       400	      7524  	0.003379
       500	      9956  	0.002783
       600	     12923  	0.003449
       700	     14565  	0.003913
       800	     16901  	0.004510
       900	     19121  	0.005250
      1000	     21803  	0.005870
      1100	     23970  	0.023900
      1200	     26507  	0.007707
      1300	     31066  	0.008254
      1400	     31574  	0.008213
      1500	     33577  	0.010628
      1600	     39465  	0.010136
      1700	     38113  	0.010599
      1800	     40675  	0.010693
      1900	     44562  	0.012824
      2000	     45629  	0.011724
      2100	     47239  	0.013775
      2200	     51044  	0.013933
      2300	     53205  	0.016711
      2400	     58110  	0.015042
      2500	     58219  	0.015814
      2600	     60057  	0.016190
      2700	     65092  	0.017649
      2800	     66221  	0.017628
      2900	     71956  	0.029557
      3000	     70141  	0.019930
      3100	     80045  	0.021831
      3200	     75975  	0.021288
      3300	     77451  	0.022018
      3400	     84290  	0.026087
      3500	     83248  	0.023715
      3600	     88140  	0.024184
      3700	     87095  	0.024182
      3800	     93312  	0.028504
      3900	     98136  	0.029226
      4000	     94620  	0.026023
      4100	    100823  	0.027699
      4200	    104027  	0.029330
      4300	    103872  	0.028651
      4400	    108119  	0.092879
      4500	    110967  	0.031292
      4600	    114000  	0.035324
      4700	    116924  	0.032966
      4800	    124638  	0.034814
      4900	    116983  	0.032273
      5000	    125102  	0.033556
       100	      1688  	0.000449
       200	      3589  	0.000934
       300	      5610  	0.001475
       400	      8370  	0.002204
       500	     10104  	0.002765
       600	     12772  	0.003977
       700	     14852  	0.003899
       800	     16980  	0.004815
       900	     18779  	0.005280
      1000	     22046  	0.007155
      1100	     23896  	0.008048
      1200	     25997  	0.008455
      1300	     30764  	0.008574
      1400	     33412  	0.008749
      1500	     32667  	0.013333
      1600	     36485  	0.014531
      1700	     40412  	0.011702
      1800	     39865  	0.010719
      1900	     46163  	0.012923
      2000	     46181  	0.012534
      2100	     49138  	0.016261
      2200	     52661  	0.014045
      2300	     52852  	0.013939
      2400	     55031  	0.014922
      2500	     56356  	0.016039
      2600	     63594  	0.017458
      2700	     65445  	0.018674
      2800	     66502  	0.017385
      2900	     69998  	0.019814
      3000	     72469  	0.020615
      3100	     74755  	0.021970
      3200	     76013  	0.021370
      3300	     76869  	0.024499
      3400	     85022  	0.025832
      3500	     85780  	0.024194
      3600	     91737  	0.025975
      3700	     94720  	0.026891
      3800	     92336  	0.025804
      3900	    100470  	0.027308
      4000	     96624  	0.029175
      4100	    101030  	0.029575
      4200	    101737  	0.028327
      4300	    107411  	0.029572
      4400	    108668  	0.030129
      4500	    110124  	0.043760
      4600	    111814  	0.030469
      4700	    115295  	0.030804
      4800	    121428  	0.033758
      4900	    120612  	0.031825
      5000	    123340  	0.033213
       100	      1590  	0.000435
       200	      3929  	0.001002
       300	      5677  	0.001486
       400	      8087  	0.002073
       500	      9872  	0.002971
       600	     12504  	0.003309
       700	     14837  	0.003893
       800	     17741  	0.004627
       900	     20305  	0.006395
      1000	     21126  	0.005552
      1100	     24861  	0.007651
      1200	     26250  	0.008321
      1300	     28612  	0.009105
      1400	     32265  	0.008485
      1500	     33867  	0.009677
      1600	     35439  	0.011084
      1700	     39144  	0.010508
      1800	     41532  	0.012786
      1900	     45615  	0.011540
      2000	     44986  	0.017651
      2100	     50841  	0.013107
      2200	     52230  	0.025481
      2300	     54409  	0.014528
      2400	     57014  	0.015192
      2500	     60272  	0.016069
      2600	     60097  	0.019200
      2700	     62814  	0.016439
      2800	     67532  	0.018065
      2900	     69840  	0.019705
      3000	     74549  	0.021285
      3100	     76206  	0.024288
      3200	     78019  	0.021689
      3300	     82450  	0.022420
      3400	     83142  	0.022663
      3500	     83180  	0.023327
      3600	     92384  	0.025636
      3700	     89204  	0.025089
      3800	     92691  	0.025533
      3900	     94228  	0.028978
      4000	    101978  	0.029113
      4100	    102767  	0.029359
      4200	    104402  	0.028260
      4300	    105453  	0.032521
      4400	    118863  	0.034340
      4500	    110133  	0.030898
      4600	    114360  	0.033714
      4700	    120220  	0.032890
      4800	    115078  	0.031138
      4900	    117599  	0.033272
      5000	    125314  	0.033703
       100	      1801  	0.000491
       200	      3579  	0.000946
       300	      5541  	0.001500
       400	      7852  	0.002106
       500	      9889  	0.007293
       600	     12292  	0.003217
       700	     14876  	0.004099
       800	     17699  	0.005740
       900	     20862  	0.009249
      1000	     20977  	0.005642
      1100	     26054  	0.007113
      1200	     26643  	0.006965
      1300	     28867  	0.007403
      1400	     31577  	0.009145
      1500	     34360  	0.019833
      1600	     36876  	0.041851
      1700	     39051  	0.010413
      1800	     42645  	0.011802
      1900	     43700  	0.011798
      2000	     45237  	0.011750
      2100	     50025  	0.012924
      2200	     50471  	0.013434
      2300	     51762  	0.014254
      2400	     55095  	0.014696
      2500	     59220  	0.019486
      2600	     64585  	0.016796
      2700	     66060  	0.027339
      2800	     65955  	0.033591
      2900	     68164  	0.037478
      3000	     70650  	0.038848
      3100	     76129  	0.045602
      3200	     74475  	0.045376
      3300	     79642  	0.022298
      3400	     81671  	0.022515
      3500	     85017  	0.023983
      3600	     86313  	0.024646
      3700	     88587  	0.025990
      3800	     93370  	0.027686
      3900	     93659  	0.027081
      4000	     95234  	0.025745
      4100	    102002  	0.028680
      4200	    111563  	0.032328
      4300	    105456  	0.047796
      4400	    106278  	0.055346
      4500	    111720  	0.067384
      4600	    113563  	0.055579
      4700	    116443  	0.043100
      4800	    120456  	0.067570
      4900	    120735  	0.077374
      5000	    126114  	0.034579
       100	      1631  	0.000445
       200	      4039  	0.001046
       300	      5950  	0.001557
       400	      7841  	0.002093
       500	      9680  	0.002757
       600	     12789  	0.003583
       700	     14336  	0.003861
       800	     17025  	0.004830
       900	     19574  	0.005180
      1000	     20883  	0.005538
      1100	     24083  	0.007547
      1200	     26502  	0.007373
      1300	     28988  	0.007950
      1400	     32117  	0.009431
      1500	     33921  	0.016067
      1600	     35799  	0.009664
      1700	     39063  	0.024493
      1800	     41125  	0.025201
      1900	     43435  	0.023621
      2000	     46915  	0.025754
      2100	     47732  	0.032402
      2200	     50759  	0.029827
      2300	     52829  	0.032396
      2400	     56514  	0.028474
      2500	     58718  	0.033854
      2600	     62965  	0.035670
      2700	     63958  	0.038248
      2800	     71579  	0.036345
      2900	     66665  	0.033612
      3000	     71269  	0.052897
      3100	     74577  	0.021109
      3200	     78017  	0.021877
      3300	     81306  	0.022541
      3400	     80662  	0.022702
      3500	     89255  	0.024817
      3600	     86638  	0.024625
      3700	     89551  	0.024710
      3800	     96368  	0.031510
      3900	     93046  	0.025501
      4000	    100537  	0.027173
      4100	     99653  	0.027750
      4200	    102015  	0.030160
      4300	    104565  	0.030098
      4400	    105139  	0.029842
      4500	    113817  	0.031685
      4600	    114983  	0.033133
      4700	    114569  	0.032637
      4800	    120897  	0.030846
      4900	    123329  	0.033573
      5000	    126077  	0.034149
       100	      1798  	0.000481
       200	      3682  	0.001095
       300	      5923  	0.002297
       400	      8517  	0.002245
       500	      9949  	0.002661
       600	     12649  	0.003675
       700	     14938  	0.004272
       800	     17104  	0.004518
       900	     18743  	0.005184
      1000	     22494  	0.007427
      1100	     23458  	0.007595
      1200	     25253  	0.010766
      1300	     30425  	0.008238
      1400	     31269  	0.008752
      1500	     34600  	0.008965
      1600	     35787  	0.009242
      1700	     38665  	0.012092
      1800	     43848  	0.011166
      1900	     42373  	0.012714
      2000	     45890  	0.013792
      2100	     46841  	0.012610
      2200	     51032  	0.013710
      2300	     56415  	0.014624
      2400	     55541  	0.014989
      2500	     64225  	0.016536
      2600	     60846  	0.016327
      2700	     62752  	0.016737
      2800	     70223  	0.020427
      2900	     73443  	0.059904
      3000	     71928  	0.022837
      3100	     73070  	0.020739
      3200	     78731  	0.021512
      3300	     77268  	0.021927
      3400	     79634  	0.023051
      3500	     93593  	0.025176
      3600	     89416  	0.024209
      3700	     89731  	0.025566
      3800	     93147  	0.025709
      3900	     95278  	0.027676
      4000	     97985  	0.028918
      4100	    103528  	0.027991
      4200	    101456  	0.029058
      4300	    106321  	0.030026
      4400	    110725  	0.030040
      4500	    110156  	0.031372
      4600	    112941  	0.031988
      4700	    117735  	0.030575
      4800	    117081  	0.037590
      4900	    119786  	0.034288
      5000	    121545  	0.033308
       100	      1726  	0.000487
       200	      3547  	0.000938
       300	      5445  	0.001396
       400	      8022  	0.002134
       500	      9725  	0.002630
       600	     12224  	0.003308
       700	     14843  	0.004372
       800	     17056  	0.004422
       900	     19389  	0.006484
      1000	     23346  	0.006126
      1100	     24510  	0.007260
      1200	     25903  	0.007675
      1300	     29268  	0.011207
      1400	     32090  	0.008839
      1500	     34160  	0.009249
      1600	     38736  	0.011076
      1700	     37874  	0.009996
      1800	     40403  	0.012188
      1900	     41620  	0.011466
      2000	     44906  	0.014499
      2100	     52263  	0.016821
      2200	     50552  	0.013497
      2300	     56785  	0.014619
      2400	     56196  	0.015251
      2500	     59072  	0.015614
      2600	     66930  	0.016955
      2700	     64054  	0.017205
      2800	     67758  	0.017803
      2900	     68083  	0.019977
      3000	     73332  	0.020232
      3100	     75601  	0.021130
      3200	     77170  	0.030582
      3300	     80986  	0.023556
      3400	     82264  	0.023936
      3500	     86017  	0.023551
      3600	     93525  	0.026347
      3700	     89674  	0.025007
      3800	     92307  	0.026392
      3900	     92495  	0.026236
      4000	     96755  	0.028039
      4100	    102049  	0.028603
      4200	    107362  	0.028479
      4300	    103734  	0.028890
      4400	    113519  	0.029972
      4500	    111926  	0.030794
      4600	    117121  	0.031103
      4700	    123021  	0.032777
      4800	    116094  	0.031693
      4900	    125833  	0.032045
      5000	    125152  	0.033617
       100	      1720  	0.000475
       200	      3947  	0.001031
       300	      5564  	0.001467
       400	      7949  	0.002113
       500	      9745  	0.002573
       600	     12519  	0.003292
       700	     16297  	0.004193
       800	     17578  	0.004592
       900	     20002  	0.007298
      1000	     21082  	0.006459
      1100	     24086  	0.006223
      1200	     26505  	0.006983
      1300	     28154  	0.007267
      1400	     30600  	0.007970
      1500	     35600  	0.009571
      1600	     36226  	0.011051
      1700	     38955  	0.010156
      1800	     40889  	0.011901
      1900	     43806  	0.011461
      2000	     47493  	0.013032
      2100	     51518  	0.013613
      2200	     51577  	0.014091
      2300	     54919  	0.032937
      2400	     60036  	0.016345
      2500	     62811  	0.016123
      2600	     64007  	0.016622
      2700	     64229  	0.016814
      2800	     65453  	0.017363
      2900	     69314  	0.019555
      3000	     71579  	0.020782
      3100	     74321  	0.028046
      3200	     79693  	0.022716
      3300	     80548  	0.022776
      3400	     80416  	0.022869
      3500	     84010  	0.021676
      3600	     93100  	0.025197
      3700	     92975  	0.026158
      3800	     93065  	0.027995
      3900	     95702  	0.027001
      4000	     95310  	0.027072
      4100	    100493  	0.027539
      4200	    104686  	0.027856
      4300	    111084  	0.029564
      4400	    109687  	0.029499
      4500	    109561  	0.038037
      4600	    112173  	0.031228
      4700	    116183  	0.031351
      4800	    123297  	0.040676
      4900	    123444  	0.033276
      5000	    124748  	0.035433
       100	      1640  	0.000455
       200	      3837  	0.001058
       300	      5769  	0.001482
       400	      8042  	0.002105
       500	     10470  	0.007993
       600	     12416  	0.003723
       700	     14704  	0.003990
       800	     16822  	0.004661
       900	     20062  	0.005170
      1000	     21720  	0.006197
      1100	     23185  	0.006122
      1200	     26586  	0.007246
      1300	     29478  	0.008237
      1400	     31859  	0.008788
      1500	     32866  	0.009943
      1600	     36664  	0.009949
      1700	     41706  	0.011027
      1800	     39626  	0.012084
      1900	     41908  	0.012450
      2000	     46335  	0.012372
      2100	     50971  	0.013515
      2200	     49589  	0.033633
      2300	     53703  	0.014337
      2400	     55357  	0.014903
      2500	     55460  	0.015279
      2600	     65441  	0.018498
      2700	     68072  	0.017579
      2800	     68746  	0.017936
      2900	     68159  	0.020303
      3000	     74480  	0.021326
      3100	     76642  	0.021380
      3200	     75662  	0.039691
      3300	     82396  	0.044975
      3400	     81737  	0.047718
      3500	     83392  	0.046638
      3600	     86590  	0.047936
      3700	     90188  	0.025199
      3800	     96534  	0.027897
      3900	    105017  	0.035869
      4000	     99382  	0.029698
      4100	    102464  	0.027134
      4200	     99820  	0.027299
      4300	    105688  	0.030421
      4400	    105309  	0.031224
      4500	    111753  	0.030493
      4600	    117852  	0.031626
      4700	    115151  	0.032376
      4800	    118833  	0.036765
      4900	    121803  	0.033396
      5000	    121891  	0.035077
       100	      1666  	0.000471
       200	      3732  	0.001050
       300	      5816  	0.001541
       400	      7764  	0.002096
       500	     10421  	0.002933
       600	     12168  	0.007038
       700	     15044  	0.005824
       800	     16849  	0.004630
       900	     18729  	0.004958
      1000	     22354  	0.005785
      1100	     23697  	0.007500
      1200	     26877  	0.008294
      1300	     30571  	0.007869
      1400	     30564  	0.007957
      1500	     34363  	0.009575
      1600	     36385  	0.010855
      1700	     38544  	0.010033
      1800	     40063  	0.011856
      1900	     44258  	0.011261
      2000	     45702  	0.013928
      2100	     51649  	0.016178
      2200	     52498  	0.014274
      2300	     54242  	0.014607
      2400	     56278  	0.015484
      2500	     63667  	0.024017
      2600	     61025  	0.016308
      2700	     66895  	0.017252
      2800	     66279  	0.018962
      2900	     70700  	0.020090
      3000	     70349  	0.026231
      3100	     73142  	0.020470
      3200	     73985  	0.021166
      3300	     78502  	0.021992
      3400	     80939  	0.025672
      3500	     87222  	0.024249
      3600	     84518  	0.025268
      3700	     89257  	0.024761
      3800	     92139  	0.028935
      3900	     94379  	0.025791
      4000	    103493  	0.028833
      4100	     98452  	0.027275
      4200	    103899  	0.027997
      4300	    109506  	0.033587
      4400	    108013  	0.030056
      4500	    113194  	0.038965
      4600	    120807  	0.032799
      4700	    116934  	0.031468
      4800	    123675  	0.039739
      4900	    121328  	0.041690
      5000	    123237  	0.035083
       100	      1695  	0.000458
       200	      3713  	0.000992
       300	      5510  	0.001487
       400	      7992  	0.003427
       500	     10253  	0.005103
       600	     12365  	0.003259
       700	     15057  	0.005381
       800	     17585  	0.005139
       900	     19869  	0.005311
      1000	     22279  	0.006252
      1100	     23812  	0.007488
      1200	     25840  	0.009649
      1300	     29467  	0.009050
      1400	     33485  	0.009162
      1500	     33661  	0.010576
      1600	     36879  	0.009690
      1700	     40580  	0.011396
      1800	     39854  	0.010736
      1900	     45431  	0.012870
      2000	     48029  	0.013325
      2100	     48626  	0.013113
      2200	     54553  	0.014471
      2300	     53883  	0.014849
      2400	     54589  	0.020245
      2500	     57533  	0.015368
      2600	     61222  	0.022180
      2700	     63218  	0.017211
      2800	     68144  	0.017935
      2900	     75807  	0.021010
      3000	     71942  	0.020033
      3100	     72469  	0.020272
      3200	     75877  	0.022281
      3300	     83286  	0.023469
      3400	     86111  	0.023419
      3500	     81635  	0.027404
      3600	     88228  	0.024599
      3700	     93276  	0.028448
      3800	     90660  	0.025227
      3900	     97022  	0.026003
      4000	    101810  	0.026868
      4100	    102936  	0.028674
      4200	    101873  	0.028965
      4300	    103033  	0.029065
      4400	    115640  	0.031058
      4500	    112604  	0.031248
      4600	    117854  	0.031217
      4700	    113537  	0.032689
      4800	    117032  	0.031866
      4900	    123715  	0.032870
      5000	    129144  	0.034542
       100	      1843  	0.000513
       200	      3705  	0.000997
       300	      5477  	0.001499
       400	      7793  	0.002058
       500	     10296  	0.002790
       600	     12566  	0.003328
       700	     15026  	0.004111
       800	     16893  	0.004917
       900	     19002  	0.005093
      1000	     21241  	0.007345
      1100	     24150  	0.007625
      1200	     26436  	0.008685
      1300	     31254  	0.009413
      1400	     31761  	0.008520
      1500	     33471  	0.009115
      1600	     37901  	0.010977
      1700	     38012  	0.011380
      1800	     41586  	0.010533
      1900	     43399  	0.012715
      2000	     46009  	0.013633
      2100	     47881  	0.012339
      2200	     50221  	0.013951
      2300	     54202  	0.014252
      2400	     61938  	0.016036
      2500	     58994  	0.016921
      2600	     59225  	0.015968
      2700	     66673  	0.017376
      2800	     66821  	0.021522
      2900	     71760  	0.020516
      3000	     72036  	0.023489
      3100	     75461  	0.021060
      3200	     80050  	0.021698
      3300	     78888  	0.027851
      3400	     81496  	0.022685
      3500	     87189  	0.023720
      3600	     90204  	0.024891
      3700	     87476  	0.024652
      3800	     90186  	0.026288
      3900	     94025  	0.025860
      4000	    100872  	0.030516
      4100	    102704  	0.032227
      4200	    101837  	0.028970
      4300	    104072  	0.028229
      4400	    108874  	0.038712
      4500	    110733  	0.030463
      4600	    113389  	0.030640
      4700	    115805  	0.037871
      4800	    119645  	0.032040
      4900	    126802  	0.034100
      5000	    124795  	0.033049
       100	      1582  	0.000451
       200	      3654  	0.000983
       300	      6050  	0.001578
       400	      7798  	0.002056
       500	     10061  	0.003004
       600	     12550  	0.003380
       700	     14476  	0.004687
       800	     17689  	0.004728
       900	     19406  	0.005124
      1000	     22249  	0.007097
      1100	     24805  	0.006288
      1200	     26261  	0.006883
      1300	     29784  	0.009088
      1400	     31761  	0.008248
      1500	     32740  	0.010576
      1600	     36249  	0.011448
      1700	     38072  	0.010366
      1800	     41382  	0.012449
      1900	     43248  	0.011088
      2000	     46709  	0.013636
      2100	     48725  	0.012765
      2200	     54431  	0.015319
      2300	     51661  	0.014092
      2400	     54662  	0.014662
      2500	     57356  	0.015466
      2600	     61827  	0.016351
      2700	     63167  	0.016971
      2800	     71467  	0.025443
      2900	     69023  	0.019422
      3000	     72563  	0.020211
      3100	     73505  	0.020432
      3200	     77151  	0.022434
      3300	     78790  	0.022730
      3400	     87005  	0.023788
      3500	     85610  	0.023967
      3600	     92193  	0.025487
      3700	     89200  	0.024382
      3800	     95026  	0.026552
      3900	     97997  	0.026346
      4000	     99192  	0.026850
      4100	    109455  	0.028665
      4200	    101554  	0.027596
      4300	    106146  	0.032184
      4400	    106208  	0.030027
      4500	    113035  	0.030006
      4600	    116638  	0.031398
      4700	    117500  	0.030809
      4800	    116039  	0.032263
      4900	    124943  	0.032716
      5000	    122526  	0.032370
       100	      1958  	0.000645
       200	      3584  	0.001274
       300	      5888  	0.002289
       400	      8032  	0.002299
       500	      9926  	0.002789
       600	     12403  	0.003202
       700	     14153  	0.003734
       800	     17074  	0.004588
       900	     19383  	0.005168
      1000	     21271  	0.007135
      1100	     24315  	0.007740
      1200	     27293  	0.008631
      1300	     28762  	0.008914
      1400	     31467  	0.008619
      1500	     32649  	0.009443
      1600	     35135  	0.010765
      1700	     39789  	0.010217
      1800	     41969  	0.012460
      1900	     46054  	0.011573
      2000	     46484  	0.013843
      2100	     49584  	0.013288
      2200	     51072  	0.014157
      2300	     53814  	0.014592
      2400	     54550  	0.014886
      2500	     59593  	0.015800
      2600	     60606  	0.016126
      2700	     63993  	0.018081
      2800	     69828  	0.018061
      2900	     67563  	0.037634
      3000	     73388  	0.020404
      3100	     74405  	0.020649
      3200	     76376  	0.021712
      3300	     78909  	0.022840
      3400	     81510  	0.022723
      3500	     85874  	0.023944
      3600	     88254  	0.024895
      3700	     91333  	0.047634
      3800	     95033  	0.057401
      3900	     96834  	0.051668
      4000	     98689  	0.054792
      4100	    102614  	0.026165
      4200	    101975  	0.027430
      4300	    111130  	0.029391
      4400	    111070  	0.029405
      4500	    112006  	0.030661
      4600	    113167  	0.030736
      4700	    115895  	0.031559
      4800	    124661  	0.032862
      4900	    121376  	0.032657
      5000	    125083  	0.033245
       100	      1631  	0.000464
       200	      3487  	0.000928
       300	      5999  	0.001603
       400	      7872  	0.002123
       500	     10199  	0.002724
       600	     12453  	0.003382
       700	     14923  	0.004107
       800	     16712  	0.004489
       900	     18930  	0.005034
      1000	     21623  	0.007225
      1100	     23533  	0.006375
      1200	     26233  	0.008247
      1300	     29134  	0.009354
      1400	     32148  	0.008397
      1500	     34326  	0.008895
      1600	     35834  	0.015162
      1700	     39023  	0.010441
      1800	     39977  	0.011911
      1900	     46074  	0.011945
      2000	     44501  	0.012295
      2100	     49710  	0.013394
      2200	     49968  	0.013625
      2300	     54644  	0.014429
      2400	     54847  	0.014554
      2500	     63332  	0.016357
      2600	     61342  	0.016073
      2700	     63735  	0.016840
      2800	     68226  	0.017883
      2900	     68322  	0.021550
      3000	     73213  	0.027488
      3100	     72807  	0.020252
      3200	     74583  	0.021448
      3300	     77167  	0.021885
      3400	     81280  	0.022685
      3500	     84084  	0.022930
      3600	     87257  	0.023932
      3700	     89166  	0.024855
      3800	     92646  	0.025268
      3900	     93617  	0.026321
      4000	    103525  	0.027728
      4100	    101415  	0.033253
      4200	    102045  	0.027970
      4300	    104747  	0.028281
      4400	    116208  	0.029186
      4500	    108609  	0.029492
      4600	    117900  	0.033148
      4700	    123809  	0.032218
      4800	    121148  	0.032358
      4900	    123972  	0.032783
      5000	    129079  	0.034189
       100	      1816  	0.000491
       200	      3608  	0.001013
       300	      5607  	0.001477
       400	      8096  	0.002243
       500	     10456  	0.002786
       600	     11793  	0.003195
       700	     14166  	0.010770
       800	     17927  	0.005192
       900	     18429  	0.004963
      1000	     21685  	0.005834
      1100	     23511  	0.006184
      1200	     26506  	0.007157
      1300	     28407  	0.007379
      1400	     31336  	0.008315
      1500	     33636  	0.009404
      1600	     37060  	0.011921
      1700	     37930  	0.010063
      1800	     39782  	0.010875
      1900	     45741  	0.011626
      2000	     47810  	0.014183
      2100	     48541  	0.012876
      2200	     54856  	0.014266
      2300	     54191  	0.017739
      2400	     55972  	0.017338
      2500	     59450  	0.015411
      2600	     60223  	0.016296
      2700	     64289  	0.023065
      2800	     66009  	0.018839
      2900	     72564  	0.019965
      3000	     72291  	0.020411
      3100	     72918  	0.020640
      3200	     76280  	0.021526
      3300	     82650  	0.029503
      3400	     81816  	0.022609
      3500	     88303  	0.024420
      3600	     86366  	0.024750
      3700	     96056  	0.026274
      3800	     93843  	0.026292
      3900	     98152  	0.026661
      4000	     97050  	0.026683
      4100	    100246  	0.027456
      4200	    102644  	0.027762
      4300	    104473  	0.036058
      4400	    109977  	0.036312
      4500	    107915  	0.030296
      4600	    115883  	0.036523
      4700	    120028  	0.040258
      4800	    127169  	0.033814
      4900	    121962  	0.035939
      5000	    120491  	0.032508
       100	      1678  	0.000476
       200	      3678  	0.001050
       300	      5884  	0.001502
       400	      7887  	0.002101
       500	     10008  	0.003061
       600	     12207  	0.003305
       700	     15077  	0.004777
       800	     16690  	0.004411
       900	     18966  	0.004906
      1000	     21914  	0.007257
      1100	     24213  	0.006357
      1200	     26998  	0.007182
      1300	     29205  	0.009060
      1400	     32630  	0.008732
      1500	     34485  	0.009569
      1600	     36877  	0.014155
      1700	     38064  	0.010498
      1800	     40168  	0.012161
      1900	     45574  	0.011795
      2000	     46251  	0.013922
      2100	     47537  	0.012361
      2200	     51542  	0.014072
      2300	     55818  	0.015383
      2400	     60071  	0.016218
      2500	     58331  	0.016292
      2600	     62481  	0.016722
      2700	     62171  	0.016881
      2800	     66571  	0.020388
      2900	     69105  	0.019791
      3000	     69584  	0.019675
      3100	     71431  	0.022935
      3200	     76900  	0.021772
      3300	     79242  	0.021850
      3400	     82830  	0.022750
      3500	     87680  	0.023994
      3600	     88508  	0.027382
      3700	     91514  	0.032407
      3800	     89059  	0.025224
      3900	     94928  	0.026382
      4000	     98886  	0.034030
      4100	     97684  	0.027849
      4200	    101724  	0.028163
      4300	    107280  	0.028847
      4400	    113402  	0.030137
      4500	    118249  	0.032016
      4600	    115248  	0.030700
      4700	    118659  	0.032375
      4800	    124715  	0.035051
      4900	    129557  	0.034870
      5000	    119790  	0.033420
       100	      1671  	0.000460
       200	      3745  	0.001007
       300	      5709  	0.001503
       400	      7953  	0.002130
       500	     10859  	0.002879
       600	     12350  	0.003296
       700	     15239  	0.004355
       800	     16297  	0.004398
       900	     18838  	0.006352
      1000	     21089  	0.005566
      1100	     25863  	0.006670
      1200	     27792  	0.012678
      1300	     29361  	0.008203
      1400	     31364  	0.008594
      1500	     34076  	0.009503
      1600	     35864  	0.009529
      1700	     41004  	0.012655
      1800	     40621  	0.010756
      1900	     42729  	0.012649
      2000	     46131  	0.012915
      2100	     50245  	0.015429
      2200	     49266  	0.018258
      2300	     53045  	0.014200
      2400	     55377  	0.015556
      2500	     61519  	0.016011
      2600	     59627  	0.016165
      2700	     64237  	0.017501
      2800	     65884  	0.017935
      2900	     68765  	0.020241
      3000	     70708  	0.023903
      3100	     74998  	0.022271
      3200	     76581  	0.022717
      3300	     79199  	0.022872
      3400	     83477  	0.025926
      3500	     86317  	0.024706
      3600	     85475  	0.024049
      3700	     87656  	0.024138
      3800	     92625  	0.025971
      3900	     95593  	0.026393
      4000	     99922  	0.027146
      4100	     98415  	0.027586
      4200	    104574  	0.030015
      4300	    103964  	0.031544
      4400	    107853  	0.029770
      4500	    108466  	0.029559
      4600	    110203  	0.031287
      4700	    115845  	0.032133
      4800	    122593  	0.032669
      4900	    128391  	0.034844
      5000	    121209  	0.033969
       100	      1765  	0.014367
       200	      3705  	0.000967
       300	      5908  	0.001523
       400	      7988  	0.002175
       500	     11008  	0.003012
       600	     12754  	0.005997
       700	     14438  	0.003871
       800	     17360  	0.004546
       900	     22573  	0.007074
      1000	     22292  	0.006385
      1100	     24765  	0.006788
      1200	     26525  	0.007481
      1300	     29959  	0.008075
      1400	     32614  	0.009725
      1500	     32605  	0.008672
      1600	     40447  	0.011827
      1700	     38861  	0.011801
      1800	     42420  	0.010862
      1900	     43992  	0.017920
      2000	     45338  	0.012005
      2100	     49162  	0.012598
      2200	     52404  	0.013796
      2300	     52942  	0.014262
      2400	     58132  	0.015202
      2500	     59961  	0.015998
      2600	     62053  	0.022895
      2700	     66240  	0.018287
      2800	     65761  	0.019764
      2900	     69413  	0.019502
      3000	     71056  	0.020943
      3100	     80082  	0.022404
      3200	     75480  	0.021791
      3300	     80125  	0.023527
      3400	     87135  	0.025481
      3500	     86103  	0.025852
      3600	     87036  	0.022837
      3700	     86340  	0.024924
      3800	     94650  	0.027749
      3900	     91949  	0.026040
      4000	    100609  	0.027551
      4100	    101345  	0.027519
      4200	    103488  	0.028764
      4300	    104343  	0.050409
      4400	    106848  	0.059577
      4500	    111434  	0.066549
      4600	    120058  	0.063713
      4700	    115382  	0.031203
      4800	    119614  	0.032507
      4900	    124594  	0.044717
      5000	    125762  	0.040603
       100	      1802  	0.000470
       200	      3891  	0.000963
       300	      5881  	0.001512
       400	      7792  	0.002014
       500	     11075  	0.002956
       600	     12431  	0.003406
       700	     14203  	0.004178
       800	     17333  	0.004514
       900	     19558  	0.006436
      1000	     21251  	0.005608
      1100	     25490  	0.007772
      1200	     27535  	0.006993
      1300	     30436  	0.009028
      1400	     30929  	0.009316
      1500	     33872  	0.008720
      1600	     35225  	0.010601
      1700	     38904  	0.011593
      1800	     41075  	0.012291
      1900	     44150  	0.011437
      2000	     46512  	0.013852
      2100	     49381  	0.013374
      2200	     52712  	0.014196
      2300	     53575  	0.017125
      2400	     55121  	0.020864
      2500	     58245  	0.015353
      2600	     60067  	0.016105
      2700	     62651  	0.016565
      2800	     64878  	0.017041
      2900	     69034  	0.019548
      3000	     74294  	0.020844
      3100	     72423  	0.020966
      3200	     77186  	0.021755
      3300	     78055  	0.023837
      3400	     81770  	0.024730
      3500	     90067  	0.029642
      3600	     90561  	0.026756
      3700	     90923  	0.025941
      3800	     92789  	0.026576
      3900	     99440  	0.026529
      4000	    100456  	0.027705
      4100	    102267  	0.028192
      4200	    112567  	0.029678
      4300	    105054  	0.029185
      4400	    112430  	0.037039
      4500	    115524  	0.030674
      4600	    114339  	0.030706
      4700	    120553  	0.031332
      4800	    116280  	0.031890
      4900	    121898  	0.033157
      5000	    125247  	0.032800
       100	      1842  	0.000750
       200	      3863  	0.001052
       300	      5806  	0.002292
       400	      8794  	0.004424
       500	     10553  	0.002961
       600	     11971  	0.003581
       700	     15065  	0.004523
       800	     16861  	0.004434
       900	     19766  	0.005211
      1000	     21556  	0.006352
      1100	     23794  	0.006740
      1200	     27544  	0.007540
      1300	     30610  	0.008685
      1400	     30751  	0.009968
      1500	     32459  	0.008565
      1600	     34979  	0.010245
      1700	     38002  	0.010570
      1800	     41019  	0.011856
      1900	     43333  	0.013837
      2000	     46341  	0.012044
      2100	     47601  	0.012640
      2200	     52629  	0.015126
      2300	     54967  	0.014832
      2400	     56950  	0.014967
      2500	     59692  	0.015654
      2600	     62384  	0.016331
      2700	     64081  	0.019794
      2800	     67729  	0.018842
      2900	     71279  	0.019799
      3000	     72492  	0.020695
      3100	     76689  	0.021041
      3200	     80098  	0.027647
      3300	     78481  	0.021837
      3400	     82591  	0.022838
      3500	     86918  	0.023670
      3600	     84054  	0.023900
      3700	     90961  	0.026009
      3800	     93488  	0.028431
      3900	     95946  	0.026327
      4000	     96190  	0.030512
      4100	    101121  	0.027796
      4200	    104193  	0.028547
      4300	    105828  	0.028371
      4400	    108064  	0.029414
      4500	    111669  	0.029767
      4600	    111800  	0.031996
      4700	    115158  	0.030954
      4800	    120022  	0.032243
      4900	    124313  	0.032804
      5000	    121954  	0.037847
       100	      1611  	0.000455
       200	      3799  	0.000955
       300	      5780  	0.001527
       400	      7941  	0.002167
       500	     10046  	0.002844
       600	     12523  	0.003369
       700	     14173  	0.003719
       800	     17945  	0.004925
       900	     19327  	0.005825
      1000	     21909  	0.007200
      1100	     25154  	0.006606
      1200	     27614  	0.007560
      1300	     28253  	0.007712
      1400	     31874  	0.008372
      1500	     34085  	0.010363
      1600	     37183  	0.012402
      1700	     39162  	0.017143
      1800	     42333  	0.011309
      1900	     44980  	0.013358
      2000	     46986  	0.017972
      2100	     49609  	0.013159
      2200	     50903  	0.013697
      2300	     51369  	0.013739
      2400	     56475  	0.015218
      2500	     59593  	0.015449
      2600	     63614  	0.016428
      2700	     65214  	0.017022
      2800	     65010  	0.017381
      2900	     67033  	0.017637
      3000	     73360  	0.021305
      3100	     71842  	0.020227
      3200	     84199  	0.023960
      3300	     77378  	0.021987
      3400	     81377  	0.022494
      3500	     84717  	0.023394
      3600	     86298  	0.024616
      3700	     90411  	0.024940
      3800	     95636  	0.025895
      3900	     94938  	0.026475
      4000	    101452  	0.028005
      4100	    100014  	0.029522
      4200	    101982  	0.028003
      4300	    108589  	0.030723
      4400	    113768  	0.031982
      4500	    110098  	0.034724
      4600	    113343  	0.031273
      4700	    123855  	0.037825
      4800	    117607  	0.035755
      4900	    119134  	0.033530
      5000	    119917  	0.047666
       100	      1549  	0.000442
       200	      3555  	0.000941
       300	      6039  	0.001689
       400	      7918  	0.002229
       500	      9890  	0.004707
       600	     12487  	0.003277
       700	     14099  	0.005294
       800	     17146  	0.005617
       900	     19999  	0.005463
      1000	     22179  	0.006000
      1100	     24968  	0.007950
      1200	     26075  	0.008764
      1300	     28813  	0.008115
      1400	     31122  	0.008636
      1500	     33833  	0.009477
      1600	     36001  	0.011412
      1700	     39959  	0.010566
      1800	     39768  	0.012450
      1900	     46142  	0.012128
      2000	     48543  	0.014286
      2100	     47931  	0.013100
      2200	     52859  	0.013987
      2300	     53288  	0.014074
      2400	     56280  	0.020325
      2500	     59692  	0.015705
      2600	     60188  	0.016063
      2700	     61927  	0.016693
      2800	     66547  	0.017380
      2900	     66458  	0.018980
      3000	     70432  	0.020590
      3100	     73509  	0.022734
      3200	     79277  	0.023449
      3300	     78495  	0.023157
      3400	     83886  	0.022235
      3500	     86795  	0.024652
      3600	     86055  	0.024764
      3700	     87901  	0.024947
      3800	     92009  	0.025658
      3900	    103750  	0.028172
      4000	    100698  	0.026899
      4100	     99812  	0.028101
      4200	    100825  	0.029508
      4300	    101650  	0.030308
      4400	    105081  	0.029485
      4500	    112749  	0.032419
      4600	    113694  	0.031907
      4700	    115548  	0.031717
      4800	    121222  	0.035813
      4900	    122590  	0.035457
      5000	    129673  0.062518
