       100	      1702  0.000469
       200	      3621  0.000946
       300	      5503  0.006434
       400	      8144  0.003688
       500	     10302  0.002719
       600	     12179  0.003297
       700	     14563  0.003808
       800	     17493  0.007140
       900	     19404  0.005011
      1000	     21980  0.006674
      1100	     24784  0.007138
      1200	     27548  0.007131
      1300	     28746  0.008931
      1400	     30928  0.008637
      1500	     35587  0.009478
      1600	     35717  0.010625
      1700	     39779  0.010612
      1800	     41325  0.011794
      1900	     44400  0.011443
      2000	     45788  0.012098
      2100	     49545  0.012706
      2200	     51307  0.013785
      2300	     55261  0.014814
      2400	     57107  0.014703
      2500	     59250  0.015233
      2600	     65935  0.017228
      2700	     63626  0.016671
      2800	     68807  0.017809
      2900	     68670  0.017671
      3000	     72018  0.018344
      3100	     74310  0.019189
      3200	     75693  0.022229
      3300	     80120  0.023345
      3400	     84033  0.021322
      3500	     88254  0.022334
      3600	     92267  0.022965
      3700	     94067  0.023765
      3800	     93680  0.023684
      3900	     95371  0.024072
      4000	    100353  0.025110
      4100	     98774  0.025234
      4200	    105419  0.026470
      4300	    104819  0.026981
      4400	    107464  0.027142
      4500	    112661  0.028172
      4600	    115522  0.029033
      4700	    117183  0.029581
      4800	    119585  0.029626
      4900	    123756  0.031398
      5000	    130916  0.032573
       100	      1696  0.000453
       200	      4074  0.001038
       300	      5891  0.001587
       400	      8082  0.003632
       500	     10864  0.002827
       600	     12480  0.003316
       700	     15201  0.004008
       800	     16889  0.004420
       900	     19038  0.005844
      1000	     21421  0.005595
      1100	     24565  0.009259
      1200	     26741  0.011884
      1300	     28282  0.009272
      1400	     30539  0.011675
      1500	     34501  0.009439
      1600	     36049  0.010721
      1700	     39855  0.010264
      1800	     40894  0.016492
      1900	     44449  0.011889
      2000	     47097  0.012855
      2100	     48907  0.051340
      2200	     51410  0.049188
      2300	     57851  0.069894
      2400	     56914  0.063279
      2500	     58124  0.044127
      2600	     60553  0.057682
      2700	     65721  0.052311
      2800	     65985  0.050555
      2900	     69200  0.063129
      3000	     70379  0.056287
      3100	     77120  0.058897
      3200	     77560  0.043296
      3300	     76949  0.039932
      3400	     83837  0.054962
      3500	     84817  0.075426
      3600	     92940  0.060953
      3700	     93049  0.046032
      3800	     91129  0.049371
      3900	     94174  0.049454
      4000	     97542  0.066959
      4100	     99824  0.098772
      4200	    105538  0.027158
      4300	    103962  0.026912
      4400	    107395  0.027226
      4500	    116815  0.029578
      4600	    115553  0.034236
      4700	    115501  0.031105
      4800	    123656  0.031246
      4900	    128925  0.033052
      5000	    133126  0.040533
       100	      1669  0.000480
       200	      3778  0.001036
       300	      5964  0.001602
       400	      7829  0.003867
       500	     10104  0.005575
       600	     12176  0.004307
       700	     15208  0.004456
       800	     17712  0.009159
       900	     19308  0.005768
      1000	     22374  0.007567
      1100	     24155  0.006548
      1200	     25910  0.006841
      1300	     30027  0.007728
      1400	     31696  0.008786
      1500	     33342  0.010510
      1600	     36717  0.012180
      1700	     40400  0.013771
      1800	     39637  0.011109
      1900	     44343  0.011885
      2000	     44752  0.012034
      2100	     50157  0.013104
      2200	     51142  0.013848
      2300	     53641  0.014977
      2400	     56139  0.015205
      2500	     62419  0.024135
      2600	     60629  0.016353
      2700	     64362  0.016465
      2800	     65357  0.017497
      2900	     67036  0.017305
      3000	     72511  0.018955
      3100	     72984  0.018865
      3200	     75249  0.019302
      3300	     81394  0.020675
      3400	     83246  0.023555
      3500	     86414  0.022094
      3600	     89208  0.022668
      3700	     90778  0.024158
      3800	     93335  0.024265
      3900	     94749  0.025655
      4000	     97628  0.039810
      4100	    105373  0.026624
      4200	    106086  0.026736
      4300	    106347  0.026915
      4400	    108622  0.027815
      4500	    112988  0.029277
      4600	    122075  0.030498
      4700	    124666  0.031262
      4800	    129236  0.032540
      4900	    123283  0.030868
      5000	    128365  0.037529
       100	      1813  0.000524
       200	      3874  0.001063
       300	      5696  0.001515
       400	      8008  0.003422
       500	     10096  0.004537
       600	     12013  0.003614
       700	     14965  0.003876
       800	     18585  0.005057
       900	     19305  0.005783
      1000	     21347  0.005749
      1100	     25003  0.006473
      1200	     25708  0.006896
      1300	     29026  0.008503
      1400	     31376  0.008332
      1500	     33355  0.012118
      1600	     38319  0.009972
      1700	     41087  0.013590
      1800	     41802  0.011272
      1900	     45852  0.012280
      2000	     47166  0.012349
      2100	     49753  0.016050
      2200	     51096  0.014703
      2300	     53514  0.014295
      2400	     60441  0.015859
      2500	     63659  0.017026
      2600	     61641  0.017088
      2700	     67267  0.017384
      2800	     67642  0.017428
      2900	     70709  0.018032
      3000	     71703  0.018714
      3100	     73702  0.019281
      3200	     75511  0.019486
      3300	     79253  0.021618
      3400	     83463  0.022544
      3500	     91217  0.022794
      3600	     85939  0.022323
      3700	     90621  0.023518
      3800	     91750  0.023801
      3900	     93060  0.024262
      4000	    103217  0.025559
      4100	     99069  0.025972
      4200	    102099  0.025597
      4300	    107855  0.031203
      4400	    106901  0.028400
      4500	    108946  0.029154
      4600	    114277  0.029092
      4700	    118887  0.030787
      4800	    118374  0.030466
      4900	    121423  0.031291
      5000	    124219  0.031806
       100	      1725  0.000460
       200	      3631  0.000962
       300	      5817  0.001481
       400	      7737  0.003553
       500	     10144  0.007227
       600	     12387  0.003294
       700	     14416  0.003806
       800	     17305  0.005868
       900	     19912  0.005868
      1000	     23136  0.006486
      1100	     23593  0.006754
      1200	     26242  0.007302
      1300	     29754  0.007645
      1400	     32715  0.010700
      1500	     33589  0.009116
      1600	     37239  0.009938
      1700	     39155  0.011866
      1800	     39724  0.010535
      1900	     44188  0.011471
      2000	     45942  0.011729
      2100	     51170  0.015529
      2200	     51466  0.014225
      2300	     54862  0.014801
      2400	     54463  0.015372
      2500	     57817  0.015266
      2600	     60747  0.015882
      2700	     63639  0.024610
      2800	     64652  0.017439
      2900	     70395  0.018280
      3000	     70409  0.018946
      3100	     73348  0.019140
      3200	     76601  0.019793
      3300	     79221  0.020604
      3400	     84597  0.021285
      3500	     84064  0.021672
      3600	     86160  0.022251
      3700	     90673  0.023042
      3800	     92696  0.023999
      3900	     96227  0.024461
      4000	     97900  0.025302
      4100	    104410  0.026018
      4200	    106787  0.026469
      4300	    109331  0.027776
      4400	    108352  0.028438
      4500	    116544  0.030184
      4600	    112228  0.041504
      4700	    111589  0.028463
      4800	    118788  0.030814
      4900	    129096  0.034116
      5000	    124368  0.033001
       100	      1609  0.000499
       200	      3615  0.001108
       300	      5832  0.001676
       400	      7785  0.002106
       500	     10185  0.004555
       600	     12888  0.003406
       700	     14601  0.003910
       800	     17750  0.011691
       900	     19791  0.005093
      1000	     22334  0.006196
      1100	     23733  0.014414
      1200	     26604  0.006876
      1300	     27939  0.010330
      1400	     31447  0.008243
      1500	     33447  0.010680
      1600	     36064  0.009846
      1700	     39856  0.011995
      1800	     40483  0.012885
      1900	     43501  0.011378
      2000	     48832  0.012811
      2100	     47255  0.012768
      2200	     51657  0.013558
      2300	     57161  0.027934
      2400	     57965  0.037218
      2500	     60902  0.039031
      2600	     63313  0.032865
      2700	     63491  0.034910
      2800	     66199  0.029916
      2900	     68960  0.037135
      3000	     76830  0.019888
      3100	     73472  0.019030
      3200	     83102  0.020467
      3300	     81260  0.021273
      3400	     83224  0.028577
      3500	     83751  0.029203
      3600	     89286  0.022442
      3700	     89093  0.023035
      3800	     92780  0.023347
      3900	    100434  0.031719
      4000	     97544  0.025297
      4100	    102083  0.053065
      4200	    101373  0.028029
      4300	    107784  0.055105
      4400	    115962  0.086257
      4500	    112197  0.035574
      4600	    116409  0.064489
      4700	    124630  0.118951
      4800	    122162  0.031210
      4900	    124426  0.031429
      5000	    123694  0.045094
       100	      1889  0.000512
       200	      3674  0.001029
       300	      6149  0.001658
       400	      7684  0.003429
       500	     10230  0.002750
       600	     12479  0.003286
       700	     15159  0.005476
       800	     16189  0.010513
       900	     19835  0.024869
      1000	     22294  0.028786
      1100	     23700  0.008320
      1200	     26723  0.007360
      1300	     27871  0.007504
      1400	     31252  0.024018
      1500	     33333  0.049403
      1600	     35923  0.009409
      1700	     38449  0.010473
      1800	     40781  0.028905
      1900	     43590  0.011624
      2000	     45918  0.028074
      2100	     48761  0.017867
      2200	     51896  0.013228
      2300	     54259  0.013932
      2400	     58101  0.015222
      2500	     59103  0.018999
      2600	     61040  0.030142
      2700	     64732  0.018725
      2800	     68149  0.040911
      2900	     76124  0.022894
      3000	     72273  0.026810
      3100	     74518  0.028463
      3200	     75710  0.022401
      3300	     79125  0.026910
      3400	     82808  0.024069
      3500	     88897  0.062810
      3600	     86904  0.069881
      3700	     92980  0.083891
      3800	     97090  0.088570
      3900	     94104  0.059969
      4000	     99034  0.112565
      4100	    100448  0.062838
      4200	    101840  0.057763
      4300	    107705  0.056125
      4400	    104538  0.026784
      4500	    112474  0.028445
      4600	    117639  0.029461
      4700	    123423  0.030328
      4800	    120929  0.031173
      4900	    122648  0.030887
      5000	    123637  0.031801
       100	      1737  0.000590
       200	      3797  0.001026
       300	      6137  0.001600
       400	      7822  0.004052
       500	     10467  0.002701
       600	     12420  0.003244
       700	     15047  0.003901
       800	     16939  0.004627
       900	     19816  0.007904
      1000	     21396  0.006345
      1100	     23720  0.007444
      1200	     27004  0.008643
      1300	     29838  0.007531
      1400	     30693  0.008217
      1500	     34642  0.009058
      1600	     35774  0.011070
      1700	     39517  0.010912
      1800	     42844  0.012315
      1900	     43418  0.011706
      2000	     46190  0.012397
      2100	     48299  0.012382
      2200	     50495  0.013562
      2300	     54407  0.014477
      2400	     55924  0.014406
      2500	     60903  0.015682
      2600	     64594  0.016188
      2700	     64723  0.016550
      2800	     68369  0.020843
      2900	     70276  0.024453
      3000	     71423  0.018608
      3100	     74196  0.019375
      3200	     78035  0.020986
      3300	     79922  0.020476
      3400	     79437  0.020194
      3500	     84348  0.021571
      3600	     85473  0.021851
      3700	     87940  0.022421
      3800	     91911  0.023430
      3900	     95837  0.024298
      4000	     99866  0.024983
      4100	     98709  0.027939
      4200	    100396  0.025923
      4300	    105157  0.027128
      4400	    112484  0.073703
      4500	    110885  0.029572
      4600	    113195  0.032632
      4700	    118715  0.031456
      4800	    119381  0.031953
      4900	    125635  0.031720
      5000	    126342  0.031928
       100	      1729  0.000498
       200	      4209  0.001163
       300	      5810  0.001552
       400	      8317  0.003726
       500	     10277  0.004077
       600	     13594  0.003588
       700	     15341  0.004069
       800	     17898  0.004806
       900	     18786  0.005587
      1000	     23609  0.006622
      1100	     23283  0.006341
      1200	     26306  0.007200
      1300	     29833  0.009115
      1400	     31226  0.009667
      1500	     34628  0.009547
      1600	     38540  0.010370
      1700	     38698  0.010036
      1800	     41838  0.012543
      1900	     44545  0.011326
      2000	     45509  0.012706
      2100	     48759  0.012585
      2200	     51780  0.013680
      2300	     55598  0.014184
      2400	     56938  0.023988
      2500	     59676  0.015463
      2600	     62181  0.015891
      2700	     66644  0.017133
      2800	     66332  0.017100
      2900	     68514  0.018393
      3000	     75540  0.022205
      3100	     75922  0.022728
      3200	     79632  0.020305
      3300	     79352  0.020555
      3400	     80265  0.021350
      3500	     85600  0.022207
      3600	     84391  0.022755
      3700	     89640  0.023295
      3800	     91119  0.024118
      3900	    100226  0.028618
      4000	     97865  0.038454
      4100	     99326  0.025544
      4200	    102432  0.029282
      4300	    104403  0.031154
      4400	    109502  0.027286
      4500	    113650  0.028535
      4600	    118881  0.029563
      4700	    115854  0.036548
      4800	    115537  0.030006
      4900	    121630  0.030746
      5000	    126239  0.031525
       100	      1660  0.000469
       200	      3704  0.000997
       300	      5853  0.001520
       400	      8076  0.003434
       500	     10194  0.002611
       600	     12198  0.003334
       700	     14921  0.005279
       800	     16888  0.005004
       900	     18772  0.004911
      1000	     22125  0.005846
      1100	     24330  0.006226
      1200	     26264  0.007131
      1300	     28885  0.007742
      1400	     31519  0.009883
      1500	     35666  0.009837
      1600	     37936  0.010313
      1700	     39246  0.011833
      1800	     42675  0.011139
      1900	     45510  0.011925
      2000	     48227  0.012591
      2100	     49155  0.012765
      2200	     53572  0.013956
      2300	     55739  0.014867
      2400	     56071  0.014469
      2500	     62519  0.015821
      2600	     60866  0.015796
      2700	     62331  0.016856
      2800	     65602  0.016956
      2900	     70355  0.018297
      3000	     72097  0.018575
      3100	     78151  0.019265
      3200	     76577  0.019759
      3300	     81784  0.020758
      3400	     86237  0.025347
      3500	     87135  0.021897
      3600	     88798  0.023741
      3700	     93543  0.023769
      3800	     91601  0.025149
      3900	     98722  0.025610
      4000	     95718  0.024879
      4100	     99461  0.026037
      4200	    104863  0.029540
      4300	    101628  0.026826
      4400	    110384  0.028301
      4500	    109202  0.033775
      4600	    119923  0.029950
      4700	    116515  0.029221
      4800	    118049  0.034270
      4900	    117851  0.031825
      5000	    123260  0.034179
       100	      1734  0.000464
       200	      3865  0.000993
       300	      5903  0.001535
       400	      7963  0.003662
       500	      9893  0.002794
       600	     12681  0.003846
       700	     15445  0.003970
       800	     16877  0.004476
       900	     19152  0.005658
      1000	     22616  0.006517
      1100	     24180  0.006713
      1200	     27856  0.007609
      1300	     28613  0.008693
      1400	     31542  0.020309
      1500	     34725  0.019089
      1600	     37722  0.011776
      1700	     38442  0.017367
      1800	     41225  0.010677
      1900	     45587  0.025030
      2000	     50377  0.013018
      2100	     50142  0.013096
      2200	     50232  0.013514
      2300	     54121  0.014782
      2400	     57492  0.015716
      2500	     58720  0.016456
      2600	     61649  0.015871
      2700	     63142  0.032338
      2800	     66596  0.031964
      2900	     68824  0.045452
      3000	     72240  0.043479
      3100	     75140  0.042917
      3200	     77979  0.039428
      3300	     82264  0.020806
      3400	     83759  0.021050
      3500	     85260  0.021681
      3600	     85322  0.021969
      3700	     91042  0.023920
      3800	     91032  0.023342
      3900	     99819  0.025332
      4000	     96579  0.027354
      4100	    100989  0.026511
      4200	    103483  0.052672
      4300	    104011  0.039955
      4400	    105540  0.056389
      4500	    108453  0.064721
      4600	    113104  0.056194
      4700	    122867  0.057954
      4800	    119385  0.060782
      4900	    118547  0.053390
      5000	    129291  0.033161
       100	      1842  0.000546
       200	      3565  0.000996
       300	      5588  0.001700
       400	      8532  0.002225
       500	     10151  0.004497
       600	     12542  0.003430
       700	     15586  0.004062
       800	     18763  0.005050
       900	     20289  0.006154
      1000	     21369  0.006383
      1100	     24507  0.006534
      1200	     25491  0.006944
      1300	     29471  0.009095
      1400	     31132  0.008973
      1500	     34617  0.009197
      1600	     36506  0.023390
      1700	     42625  0.015010
      1800	     41725  0.013806
      1900	     43838  0.018127
      2000	     48221  0.013168
      2100	     49953  0.023242
      2200	     50278  0.025407
      2300	     52276  0.015092
      2400	     56154  0.037927
      2500	     58176  0.033437
      2600	     63328  0.025177
      2700	     65923  0.038487
      2800	     69917  0.034861
      2900	     69434  0.035695
      3000	     70483  0.020631
      3100	     73658  0.018857
      3200	     76272  0.019366
      3300	     81677  0.020815
      3400	     82867  0.025703
      3500	     86321  0.022634
      3600	     87983  0.025582
      3700	     95716  0.023623
      3800	     90917  0.023525
      3900	    100312  0.028504
      4000	    104809  0.025782
      4100	    105695  0.027135
      4200	    105259  0.027182
      4300	    104565  0.028153
      4400	    110333  0.029249
      4500	    115130  0.029416
      4600	    114040  0.029961
      4700	    117066  0.030276
      4800	    117717  0.030038
      4900	    122473  0.032122
      5000	    122776  0.038674
       100	      1622  0.000439
       200	      3717  0.001027
       300	      5659  0.001493
       400	      8444  0.003132
       500	     10417  0.004596
       600	     12612  0.003358
       700	     15132  0.004445
       800	     16735  0.004406
       900	     21203  0.005845
      1000	     22351  0.005846
      1100	     23940  0.006470
      1200	     27346  0.007231
      1300	     28778  0.010126
      1400	     32637  0.008414
      1500	     34911  0.009221
      1600	     34973  0.015783
      1700	     40069  0.010476
      1800	     41671  0.012168
      1900	     45509  0.011555
      2000	     50315  0.013048
      2100	     49627  0.012778
      2200	     50553  0.013055
      2300	     54725  0.019284
      2400	     55016  0.014705
      2500	     59645  0.015315
      2600	     60940  0.016867
      2700	     65224  0.017375
      2800	     64190  0.016727
      2900	     72386  0.023050
      3000	     69973  0.019687
      3100	     73966  0.019094
      3200	     75749  0.024740
      3300	     79988  0.020806
      3400	     85052  0.021869
      3500	     89067  0.022272
      3600	     87243  0.022732
      3700	     90186  0.023489
      3800	     94615  0.026734
      3900	     94215  0.024383
      4000	    100505  0.027590
      4100	    102386  0.025751
      4200	    100822  0.026971
      4300	    108749  0.031227
      4400	    110539  0.027888
      4500	    113893  0.029998
      4600	    113540  0.036196
      4700	    113749  0.028816
      4800	    121667  0.031243
      4900	    128197  0.034437
      5000	    126191  0.032011
       100	      1920  0.000507
       200	      3833  0.001030
       300	      5607  0.001624
       400	      8389  0.003604
       500	      9802  0.002656
       600	     13394  0.003792
       700	     14198  0.005034
       800	     16953  0.005225
       900	     19151  0.005305
      1000	     21178  0.005680
      1100	     23742  0.006445
      1200	     26433  0.007013
      1300	     30599  0.008742
      1400	     33114  0.008587
      1500	     34774  0.009251
      1600	     35508  0.009202
      1700	     39720  0.014826
      1800	     42522  0.011289
      1900	     43901  0.011932
      2000	     45009  0.011841
      2100	     48134  0.013168
      2200	     52341  0.013771
      2300	     52679  0.014081
      2400	     58410  0.015056
      2500	     60356  0.015672
      2600	     61453  0.015682
      2700	     67675  0.018077
      2800	     65838  0.017129
      2900	     69449  0.018407
      3000	     71648  0.018713
      3100	     77814  0.019796
      3200	     80108  0.022076
      3300	     78613  0.036197
      3400	     87519  0.022283
      3500	     84387  0.027086
      3600	     88192  0.022757
      3700	     93808  0.027962
      3800	     89523  0.024139
      3900	     95537  0.026462
      4000	     97151  0.032283
      4100	    106653  0.026764
      4200	    107174  0.032199
      4300	    103245  0.026603
      4400	    109098  0.027457
      4500	    110093  0.028433
      4600	    113856  0.029121
      4700	    119505  0.030272
      4800	    124552  0.033049
      4900	    124908  0.031925
      5000	    127939  0.032123
       100	      1782  0.000482
       200	      3695  0.001006
       300	      5617  0.001512
       400	      8168  0.003776
       500	     10600  0.002724
       600	     12523  0.003315
       700	     14771  0.007066
       800	     17430  0.004554
       900	     19192  0.007047
      1000	     21492  0.006111
      1100	     24281  0.007123
      1200	     27341  0.007519
      1300	     29479  0.007487
      1400	     32052  0.010528
      1500	     34330  0.008947
      1600	     36731  0.010121
      1700	     39473  0.012480
      1800	     42732  0.011068
      1900	     44181  0.013496
      2000	     50957  0.013175
      2100	     48526  0.012576
      2200	     49624  0.013815
      2300	     56722  0.014311
      2400	     56473  0.015469
      2500	     59365  0.017086
      2600	     62158  0.016148
      2700	     64502  0.017264
      2800	     67103  0.017402
      2900	     67893  0.018899
      3000	     72292  0.027318
      3100	     73360  0.021289
      3200	     81892  0.020553
      3300	     81445  0.020815
      3400	     84902  0.030157
      3500	     88627  0.022318
      3600	     87988  0.022653
      3700	     88711  0.024062
      3800	     96173  0.025905
      3900	     94671  0.024323
      4000	     96077  0.024400
      4100	    101211  0.026066
      4200	    103366  0.026474
      4300	    107125  0.030393
      4400	    113113  0.028498
      4500	    112255  0.028827
      4600	    113987  0.029300
      4700	    113594  0.029176
      4800	    123022  0.030824
      4900	    121318  0.031245
      5000	    125888  0.033119
       100	      1693  0.000472
       200	      3707  0.000955
       300	      5672  0.001466
       400	      8210  0.002959
       500	     10540  0.022952
       600	     12306  0.003330
       700	     15232  0.004046
       800	     17663  0.004633
       900	     19419  0.005042
      1000	     21518  0.007371
      1100	     24563  0.007556
      1200	     25829  0.008036
      1300	     28097  0.008975
      1400	     30920  0.008049
      1500	     33806  0.008803
      1600	     37062  0.012184
      1700	     39227  0.016324
      1800	     40933  0.011350
      1900	     43149  0.011219
      2000	     47670  0.012805
      2100	     49344  0.024288
      2200	     50986  0.013369
      2300	     55634  0.019830
      2400	     54854  0.014557
      2500	     59108  0.021876
      2600	     64995  0.016216
      2700	     71133  0.017491
      2800	     65422  0.022069
      2900	     74311  0.018547
      3000	     71457  0.018227
      3100	     74996  0.032637
      3200	     76758  0.036769
      3300	     80247  0.043128
      3400	     84806  0.054567
      3500	     83566  0.043637
      3600	     83594  0.048952
      3700	     91301  0.025244
      3800	     90494  0.025382
      3900	     96163  0.040507
      4000	     98258  0.027910
      4100	    114581  0.028045
      4200	    105556  0.028191
      4300	    104964  0.027867
      4400	    108353  0.028476
      4500	    113589  0.031688
      4600	    114711  0.029742
      4700	    120026  0.030054
      4800	    117687  0.030965
      4900	    125890  0.034421
      5000	    124168  0.031902
       100	      1655  0.000455
       200	      3882  0.001030
       300	      5791  0.001564
       400	      7836  0.003479
       500	     10683  0.004189
       600	     12373  0.003739
       700	     15116  0.004139
       800	     16807  0.004406
       900	     18998  0.005558
      1000	     22943  0.005927
      1100	     25588  0.006663
      1200	     27470  0.007528
      1300	     28168  0.007788
      1400	     29978  0.009243
      1500	     32988  0.008597
      1600	     36600  0.009558
      1700	     37840  0.011535
      1800	     44831  0.012776
      1900	     43382  0.011815
      2000	     46583  0.012716
      2100	     49872  0.013140
      2200	     50297  0.013430
      2300	     53467  0.016075
      2400	     58798  0.015498
      2500	     61922  0.015770
      2600	     59916  0.015913
      2700	     66291  0.016894
      2800	     68328  0.018690
      2900	     69685  0.017762
      3000	     70253  0.018811
      3100	     76325  0.019529
      3200	     79383  0.020392
      3300	     79359  0.019966
      3400	     80574  0.035096
      3500	     84429  0.021838
      3600	     86765  0.023776
      3700	     92628  0.024522
      3800	     95174  0.025990
      3900	     95232  0.024808
      4000	     98043  0.024975
      4100	    105171  0.025997
      4200	    102848  0.026886
      4300	    103665  0.027213
      4400	    107828  0.027765
      4500	    113437  0.028399
      4600	    112209  0.029405
      4700	    113384  0.029168
      4800	    122665  0.030934
      4900	    123917  0.034229
      5000	    128264  0.032298
       100	      1744  0.000498
       200	      3725  0.001012
       300	      5824  0.001566
       400	      8136  0.002304
       500	     10114  0.002706
       600	     12901  0.003870
       700	     15054  0.003978
       800	     17302  0.005913
       900	     19101  0.004963
      1000	     22584  0.006429
      1100	     25139  0.007693
      1200	     27930  0.008987
      1300	     30433  0.010443
      1400	     30070  0.008323
      1500	     34065  0.009372
      1600	     37492  0.011024
      1700	     37823  0.012392
      1800	     40820  0.011946
      1900	     43566  0.012112
      2000	     45764  0.012632
      2100	     47049  0.012446
      2200	     51019  0.014760
      2300	     56509  0.015857
      2400	     56779  0.015251
      2500	     58433  0.016027
      2600	     62773  0.017991
      2700	     67078  0.017368
      2800	     69950  0.018291
      2900	     68559  0.018384
      3000	     71691  0.018324
      3100	     75548  0.019036
      3200	     79053  0.020369
      3300	     78374  0.020785
      3400	     81053  0.020716
      3500	     85372  0.021971
      3600	     90195  0.022831
      3700	     88196  0.037297
      3800	     90875  0.023811
      3900	     97918  0.025084
      4000	     96435  0.024693
      4100	     97873  0.025946
      4200	    106835  0.027190
      4300	    110727  0.028362
      4400	    108381  0.032150
      4500	    112358  0.031443
      4600	    118491  0.029243
      4700	    118686  0.032959
      4800	    127128  0.032230
      4900	    119012  0.030113
      5000	    125049  0.033631
       100	      1772  0.000482
       200	      3806  0.001026
       300	      5740  0.001565
       400	      8020  0.003407
       500	     10229  0.004135
       600	     12456  0.003673
       700	     15141  0.005445
       800	     16704  0.004460
       900	     19306  0.005622
      1000	     22587  0.005833
      1100	     24523  0.006591
      1200	     26120  0.006748
      1300	     28199  0.008254
      1400	     31106  0.012751
      1500	     34538  0.019153
      1600	     35864  0.009441
      1700	     40515  0.010209
      1800	     41409  0.012080
      1900	     46982  0.012400
      2000	     45839  0.012063
      2100	     48559  0.012835
      2200	     50399  0.013249
      2300	     55377  0.015108
      2400	     57398  0.016492
      2500	     58561  0.015325
      2600	     61954  0.016513
      2700	     64146  0.016903
      2800	     67667  0.021688
      2900	     68838  0.017582
      3000	     74383  0.018952
      3100	     77781  0.019699
      3200	     77147  0.019542
      3300	     79220  0.021140
      3400	     82617  0.021218
      3500	     82808  0.021513
      3600	     86238  0.022424
      3700	     87472  0.023113
      3800	     92417  0.024292
      3900	     94978  0.024099
      4000	     99911  0.025183
      4100	    100574  0.026908
      4200	    107701  0.027522
      4300	    108623  0.027326
      4400	    112257  0.028138
      4500	    109709  0.028163
      4600	    112794  0.029606
      4700	    116275  0.029791
      4800	    119884  0.031154
      4900	    120750  0.030978
      5000	    128664  0.032687
       100	      1764  0.000486
       200	      3674  0.000970
       300	      5695  0.001537
       400	      7782  0.003455
       500	      9748  0.002655
       600	     12531  0.003301
       700	     15110  0.005428
       800	     16538  0.004564
       900	     19301  0.005202
      1000	     21892  0.005962
      1100	     23986  0.006260
      1200	     26800  0.006908
      1300	     28747  0.007735
      1400	     31954  0.008231
      1500	     34010  0.009048
      1600	     36872  0.009668
      1700	     39363  0.012013
      1800	     40626  0.010563
      1900	     43624  0.012974
      2000	     45647  0.012311
      2100	     47939  0.012640
      2200	     49509  0.014461
      2300	     53357  0.014325
      2400	     56208  0.014974
      2500	     60371  0.015437
      2600	     62682  0.016411
      2700	     65804  0.016658
      2800	     66982  0.017230
      2900	     67666  0.020378
      3000	     73952  0.019238
      3100	     74392  0.019004
      3200	     78264  0.019838
      3300	     77477  0.020543
      3400	     79997  0.022299
      3500	     85346  0.021869
      3600	     89463  0.026624
      3700	     92321  0.023276
      3800	     93557  0.023983
      3900	    100609  0.025662
      4000	     98782  0.027867
      4100	    101179  0.026235
      4200	    105278  0.027440
      4300	    108277  0.030540
      4400	    105824  0.027116
      4500	    110373  0.027995
      4600	    111516  0.028166
      4700	    121997  0.031757
      4800	    117981  0.033622
      4900	    129465  0.038066
      5000	    122960  0.039151
       100	      1537  0.000417
       200	      3783  0.001039
       300	      5845  0.001597
       400	      8125  0.003137
       500	     10200  0.004232
       600	     13077  0.003625
       700	     14092  0.003960
       800	     18145  0.004867
       900	     19157  0.005752
      1000	     23644  0.006137
      1100	     24134  0.006273
      1200	     26726  0.006865
      1300	     28243  0.009815
      1400	     31257  0.009758
      1500	     33292  0.008619
      1600	     36481  0.009348
      1700	     41795  0.012060
      1800	     40484  0.010844
      1900	     42915  0.011501
      2000	     46289  0.012774
      2100	     48484  0.016717
      2200	     50890  0.013423
      2300	     54339  0.014626
      2400	     61371  0.015946
      2500	     57830  0.015083
      2600	     62353  0.016390
      2700	     65692  0.018916
      2800	     67370  0.034005
      2900	     67535  0.017417
      3000	     71546  0.018680
      3100	     78194  0.050616
      3200	     78147  0.019907
      3300	     78479  0.020308
      3400	     81778  0.020951
      3500	     84558  0.022457
      3600	     89534  0.044739
      3700	     88705  0.049756
      3800	     90192  0.050169
      3900	     93301  0.051977
      4000	     99449  0.062105
      4100	    103127  0.025683
      4200	    102625  0.025996
      4300	    106690  0.026901
      4400	    113564  0.033585
      4500	    111298  0.028127
      4600	    111874  0.028582
      4700	    123666  0.036294
      4800	    125761  0.045987
      4900	    132246  0.032516
      5000	    127049  0.032803
       100	      1813  0.000490
       200	      3690  0.000930
       300	      6067  0.001589
       400	      7615  0.003366
       500	     10323  0.002749
       600	     12433  0.003235
       700	     15290  0.005470
       800	     18830  0.004767
       900	     19508  0.005281
      1000	     21383  0.005885
      1100	     24327  0.006754
      1200	     25916  0.007531
      1300	     28913  0.008432
      1400	     31636  0.008574
      1500	     36134  0.010802
      1600	     36541  0.011799
      1700	     40617  0.011639
      1800	     40589  0.011154
      1900	     44190  0.013521
      2000	     51672  0.012814
      2100	     47267  0.012323
      2200	     51950  0.014401
      2300	     55046  0.015760
      2400	     55248  0.014575
      2500	     57883  0.014836
      2600	     61847  0.016651
      2700	     65106  0.018297
      2800	     67177  0.017208
      2900	     68978  0.018337
      3000	     72977  0.018516
      3100	     76111  0.019124
      3200	     80164  0.020119
      3300	     81109  0.027375
      3400	     85157  0.021128
      3500	     82642  0.021277
      3600	     93760  0.023158
      3700	     91428  0.026784
      3800	     92506  0.023778
      3900	     98323  0.025015
      4000	     95951  0.024258
      4100	    101304  0.026256
      4200	    102104  0.026073
      4300	    108225  0.030086
      4400	    109381  0.028777
      4500	    114773  0.028538
      4600	    112694  0.028816
      4700	    115996  0.031724
      4800	    121687  0.030355
      4900	    122229  0.030710
      5000	    125379  0.032747
       100	      1547  0.000428
       200	      3968  0.001038
       300	      6315  0.001646
       400	      7640  0.002863
       500	     10108  0.002705
       600	     12809  0.004507
       700	     14423  0.004411
       800	     16958  0.005925
       900	     18962  0.005027
      1000	     21680  0.006253
      1100	     24837  0.007235
      1200	     26261  0.007297
      1300	     30276  0.007767
      1400	     31699  0.009593
      1500	     36140  0.009227
      1600	     35998  0.009808
      1700	     37919  0.011154
      1800	     42729  0.011027
      1900	     44219  0.012433
      2000	     46618  0.013774
      2100	     49751  0.017736
      2200	     51627  0.014058
      2300	     53695  0.014414
      2400	     56038  0.016220
      2500	     57859  0.016467
      2600	     63217  0.016164
      2700	     64468  0.020301
      2800	     65545  0.018832
      2900	     67727  0.017494
      3000	     70262  0.018246
      3100	     75011  0.019552
      3200	     75957  0.019608
      3300	     79730  0.021295
      3400	     83984  0.021372
      3500	     87616  0.022885
      3600	     87723  0.022403
      3700	     92271  0.023860
      3800	     94227  0.027468
      3900	     94728  0.024269
      4000	    100928  0.025737
      4100	    102553  0.026012
      4200	    109865  0.027652
      4300	    102967  0.026193
      4400	    104604  0.027802
      4500	    114107  0.029069
      4600	    111857  0.029310
      4700	    118083  0.032080
      4800	    116556  0.029992
      4900	    123669  0.032091
      5000	    130349  0.033054
       100	      1656  0.000461
       200	      3628  0.000978
       300	      5926  0.001570
       400	      7741  0.003364
       500	     10041  0.002608
       600	     12018  0.003260
       700	     15354  0.005561
       800	     17102  0.005628
       900	     19329  0.005088
      1000	     23573  0.006210
      1100	     24928  0.006520
      1200	     26285  0.006961
      1300	     29273  0.007651
      1400	     31346  0.010049
      1500	     33316  0.008945
      1600	     35002  0.010874
      1700	     39117  0.010410
      1800	     39862  0.011374
      1900	     43112  0.011162
      2000	     48076  0.012570
      2100	     49512  0.013303
      2200	     51123  0.014800
      2300	     54699  0.014482
      2400	     55423  0.014903
      2500	     60929  0.016007
      2600	     60333  0.016155
      2700	     63300  0.016893
      2800	     68961  0.017802
      2900	     71538  0.017981
      3000	     72621  0.019167
      3100	     72333  0.026940
      3200	     76480  0.021599
      3300	     82060  0.020714
      3400	     83414  0.020860
      3500	     84260  0.022665
      3600	     88014  0.026421
      3700	     91572  0.023460
      3800	     89980  0.023633
      3900	     94524  0.024202
      4000	     99037  0.028838
      4100	     97925  0.026146
      4200	    100940  0.025746
      4300	    103883  0.029465
      4400	    109332  0.027608
      4500	    113391  0.028741
      4600	    115425  0.036413
      4700	    119509  0.030293
      4800	    116742  0.038132
      4900	    120360  0.031150
      5000	    123484  0.031032
       100	      1740  0.000490
       200	      3501  0.001016
       300	      5970  0.001607
       400	      7948  0.003945
       500	     10378  0.004151
       600	     12085  0.003489
       700	     15208  0.005495
       800	     16858  0.004942
       900	     19435  0.005871
      1000	     23633  0.006063
      1100	     24010  0.006685
      1200	     26391  0.009496
      1300	     29021  0.008568
      1400	     32360  0.010125
      1500	     35734  0.010111
      1600	     35617  0.010640
      1700	     38847  0.010387
      1800	     40723  0.012871
      1900	     43593  0.011437
      2000	     48483  0.012451
      2100	     49980  0.015535
      2200	     50197  0.014198
      2300	     55389  0.014458
      2400	     55668  0.014818
      2500	     60012  0.016406
      2600	     61781  0.021853
      2700	     66349  0.016861
      2800	     66470  0.017110
      2900	     67991  0.019422
      3000	     72869  0.019813
      3100	     75418  0.021457
      3200	     76771  0.019943
      3300	     78894  0.020912
      3400	     80853  0.022399
      3500	     86711  0.029325
      3600	     87062  0.022354
      3700	     92028  0.023358
      3800	     92470  0.024265
      3900	    100647  0.025882
      4000	    100238  0.025233
      4100	     99484  0.026592
      4200	     99856  0.025797
      4300	    112693  0.028639
      4400	    107478  0.027711
      4500	    110745  0.028123
      4600	    114410  0.031054
      4700	    118086  0.029634
      4800	    118017  0.030475
      4900	    125862  0.033985
      5000	    130247  0.035889
       100	      1629  0.000443
       200	      3657  0.000955
       300	      5360  0.001455
       400	      8237  0.002398
       500	     10146  0.002675
       600	     12244  0.003352
       700	     15608  0.004366
       800	     16768  0.010709
       900	     19524  0.005423
      1000	     22284  0.006090
      1100	     23622  0.006230
      1200	     26326  0.007209
      1300	     28786  0.007557
      1400	     30091  0.007962
      1500	     35294  0.009150
      1600	     38337  0.010403
      1700	     40081  0.010285
      1800	     42848  0.012250
      1900	     42778  0.011376
      2000	     47322  0.012518
      2100	     51685  0.012954
      2200	     53648  0.013870
      2300	     52011  0.013827
      2400	     58324  0.015167
      2500	     59167  0.018927
      2600	     61602  0.019298
      2700	     62541  0.016575
      2800	     65885  0.017284
      2900	     68158  0.018254
      3000	     75505  0.024863
      3100	     80988  0.020633
      3200	     82057  0.020546
      3300	     79312  0.020921
      3400	     82542  0.021274
      3500	     85519  0.041738
      3600	     90242  0.022647
      3700	     94429  0.023767
      3800	     93009  0.024602
      3900	     95771  0.024549
      4000	     94202  0.025194
      4100	    103294  0.025814
      4200	    105556  0.055315
      4300	    110049  0.059364
      4400	    111897  0.062620
      4500	    110410  0.055599
      4600	    111938  0.028792
      4700	    116634  0.031418
      4800	    120367  0.031801
      4900	    123228  0.030993
      5000	    122942  0.031094
       100	      1707  0.000466
       200	      3773  0.000948
       300	      6091  0.001576
       400	      8125  0.003488
       500	     10001  0.002639
       600	     12094  0.003504
       700	     14879  0.005594
       800	     16994  0.004867
       900	     19363  0.005292
      1000	     21222  0.005636
      1100	     24638  0.006672
      1200	     25692  0.006762
      1300	     28259  0.007502
      1400	     33099  0.009121
      1500	     34266  0.011819
      1600	     37409  0.010445
      1700	     38554  0.011330
      1800	     42574  0.014818
      1900	     43043  0.012967
      2000	     45828  0.012897
      2100	     51684  0.013654
      2200	     51156  0.013571
      2300	     57611  0.014634
      2400	     59135  0.015006
      2500	     60325  0.015875
      2600	     62543  0.016056
      2700	     62892  0.016219
      2800	     70255  0.018304
      2900	     68943  0.017708
      3000	     70211  0.018113
      3100	     73670  0.018766
      3200	     78115  0.020662
      3300	     86860  0.022445
      3400	     82073  0.022339
      3500	     86938  0.021680
      3600	     86399  0.021960
      3700	     94147  0.024285
      3800	     99392  0.025007
      3900	     92568  0.024333
      4000	     96655  0.031774
      4100	     97623  0.025843
      4200	    107492  0.026904
      4300	    103059  0.026609
      4400	    108275  0.029365
      4500	    111098  0.028229
      4600	    114514  0.029004
      4700	    118516  0.030781
      4800	    120732  0.031191
      4900	    122581  0.031555
      5000	    125692  0.035583
       100	      1581  0.000514
       200	      3486  0.001155
       300	      5876  0.001841
       400	      7606  0.002094
       500	     10085  0.003106
       600	     12622  0.004049
       700	     14519  0.004339
       800	     17045  0.005110
       900	     19371  0.005145
      1000	     22771  0.011202
      1100	     24355  0.007726
      1200	     26982  0.008379
      1300	     28087  0.007459
      1400	     32760  0.009276
      1500	     34352  0.010454
      1600	     35524  0.009358
      1700	     38094  0.010065
      1800	     40988  0.011377
      1900	     42395  0.011366
      2000	     47870  0.013269
      2100	     47446  0.012955
      2200	     51452  0.013550
      2300	     56777  0.014494
      2400	     57006  0.014602
      2500	     58131  0.015695
      2600	     62192  0.018607
      2700	     67247  0.024408
      2800	     70360  0.017329
      2900	     67152  0.017339
      3000	     73045  0.018432
      3100	     75022  0.019106
      3200	     74754  0.019427
      3300	     79246  0.020614
      3400	     82278  0.021521
      3500	     88933  0.022810
      3600	     86731  0.024231
      3700	     88786  0.023056
      3800	     94243  0.035274
      3900	     95156  0.023830
      4000	     99287  0.024897
      4100	    105063  0.027065
      4200	    105048  0.026582
      4300	    107100  0.028165
      4400	    108800  0.027416
      4500	    110954  0.028127
      4600	    117751  0.049860
      4700	    115242  0.029251
      4800	    119101  0.030104
      4900	    123219  0.040590
      5000	    122973  0.051215
       100	      1728  0.000833
       200	      3541  0.000942
       300	      5906  0.001560
       400	      7960  0.002068
       500	     10504  0.004741
       600	     14065  0.003857
       700	     14529  0.003843
       800	     16479  0.004314
       900	     18932  0.005069
      1000	     21555  0.005947
      1100	     23768  0.006981
      1200	     25738  0.007179
      1300	     28398  0.007910
      1400	     33058  0.010246
      1500	     36334  0.010061
      1600	     36148  0.013909
      1700	     39534  0.014121
      1800	     40053  0.012322
      1900	     42482  0.011169
      2000	     47826  0.012899
      2100	     50078  0.013052
      2200	     51290  0.013700
      2300	     52758  0.014263
      2400	     56321  0.014440
      2500	     60924  0.016910
      2600	     59873  0.016896
      2700	     62673  0.015914
      2800	     67770  0.017109
      2900	     67873  0.017746
      3000	     73656  0.018929
      3100	     75842  0.029070
      3200	     80254  0.020352
      3300	     82173  0.020653
      3400	     86019  0.021411
      3500	     86186  0.028461
      3600	     85114  0.022211
      3700	     89118  0.022621
      3800	     93740  0.023866
      3900	    100414  0.026073
      4000	    104344  0.027613
      4100	    101013  0.026042
      4200	    106151  0.031982
      4300	    106222  0.028592
      4400	    105725  0.039509
      4500	    111124  0.049099
      4600	    119545  0.030164
      4700	    116563  0.030814
      4800	    120826  0.030552
      4900	    121938  0.032473
      5000	    121630  0.031573
       100	      1686  0.003931
       200	      3862  0.001046
       300	      5833  0.002798
       400	      8148  0.002356
       500	     10485  0.002779
       600	     12773  0.003904
       700	     14407  0.003837
       800	     16958  0.004481
       900	     19994  0.005633
      1000	     22624  0.006386
      1100	     23698  0.006357
      1200	     27376  0.008277
      1300	     29804  0.007846
      1400	     33434  0.010482
      1500	     34717  0.009376
      1600	     37612  0.009978
      1700	     38169  0.010795
      1800	     39631  0.010998
      1900	     43951  0.012139
      2000	     45866  0.012170
      2100	     48269  0.012340
      2200	     51583  0.013354
      2300	     53017  0.013983
      2400	     62209  0.016047
      2500	     56373  0.017160
      2600	     62948  0.016663
      2700	     62246  0.016519
      2800	     64826  0.016609
      2900	     69481  0.025230
      3000	     75161  0.019774
      3100	     72821  0.020052
      3200	     76262  0.020741
      3300	     82980  0.021212
      3400	     84667  0.021327
      3500	     80930  0.021000
      3600	     87953  0.022881
      3700	     87553  0.026309
      3800	     94600  0.024715
      3900	     97124  0.024744
      4000	    106498  0.027083
      4100	    103613  0.026676
      4200	    101728  0.030862
      4300	    103244  0.029914
      4400	    108213  0.031353
      4500	    115646  0.029580
      4600	    116710  0.030113
      4700	    116918  0.031788
      4800	    122159  0.031652
      4900	    122801  0.035325
      5000	    124727  0.033294
