       100	      1525  0.000613
       200	      3481  0.003959
       300	      5421  0.001810
       400	      7565  0.002905
       500	      9627  0.003718
       600	     11839  0.004333
       700	     15016  0.004748
       800	     16786  0.005061
       900	     17995  0.006290
      1000	     20323  0.006665
      1100	     22661  0.007568
      1200	     24926  0.008704
      1300	     27075  0.009227
      1400	     29619  0.010890
      1500	     31599  0.010415
      1600	     34834  0.011360
      1700	     37782  0.012974
      1800	     39166  0.014496
      1900	     40226  0.013171
      2000	     43402  0.014514
      2100	     44883  0.014393
      2200	     50087  0.015559
      2300	     50789  0.017327
      2400	     53139  0.019075
      2500	     56065  0.019901
      2600	     57557  0.018060
      2700	     60916  0.019650
      2800	     65832  0.020862
      2900	     66294  0.020936
      3000	     67886  0.021625
      3100	     69291  0.022077
      3200	     73952  0.021765
      3300	     73056  0.023755
      3400	     84615  0.025994
      3500	     79419  0.025442
      3600	     81024  0.025177
      3700	     84713  0.024501
      3800	     88977  0.027203
      3900	     89238  0.028455
      4000	     93513  0.029068
      4100	     96783  0.035844
      4200	     99943  0.046901
      4300	    104927  0.032118
      4400	    101505  0.031697
      4500	    107160  0.029909
      4600	    111170  0.033528
      4700	    114373  0.034952
      4800	    113145  0.034401
      4900	    116122  0.033304
      5000	    120563  0.036695
       100	      1526  0.000580
       200	      3360  0.001054
       300	      5391  0.002289
       400	      7256  0.002436
       500	      9898  0.003230
       600	     11731  0.003670
       700	     13827  0.005852
       800	     16824  0.005895
       900	     18416  0.006023
      1000	     22014  0.006700
      1100	     22525  0.008973
      1200	     25466  0.011289
      1300	     27612  0.015869
      1400	     29429  0.010599
      1500	     32492  0.014356
      1600	     34114  0.010363
      1700	     36568  0.013786
      1800	     39291  0.019936
      1900	     40939  0.015970
      2000	     43258  0.015838
      2100	     47304  0.082990
      2200	     49008  0.091595
      2300	     50890  0.066460
      2400	     54416  0.072846
      2500	     58594  0.039555
      2600	     57019  0.046327
      2700	     60211  0.056899
      2800	     61954  0.053411
      2900	     65520  0.054011
      3000	     67945  0.077535
      3100	     69596  0.070868
      3200	     74830  0.040354
      3300	     75635  0.049952
      3400	     78227  0.132203
      3500	     81357  0.066055
      3600	     81892  0.059925
      3700	     84490  0.080189
      3800	     86846  0.055323
      3900	     87957  0.063284
      4000	     94125  0.070795
      4100	     96462  0.096789
      4200	     97898  0.053617
      4300	     99063  0.030379
      4400	    102843  0.032013
      4500	    108789  0.033647
      4600	    108404  0.038406
      4700	    110608  0.035521
      4800	    114262  0.035036
      4900	    115725  0.041650
      5000	    124055  0.039098
       100	      1576  0.000563
       200	      3348  0.001154
       300	      5693  0.002437
       400	      7388  0.002505
       500	      9350  0.003423
       600	     11673  0.004455
       700	     14038  0.004724
       800	     15675  0.007880
       900	     18539  0.007417
      1000	     21273  0.006424
      1100	     22755  0.018884
      1200	     24305  0.008338
      1300	     26594  0.008220
      1400	     29745  0.008720
      1500	     32217  0.010678
      1600	     33896  0.011709
      1700	     36465  0.011010
      1800	     39803  0.013939
      1900	     40240  0.013708
      2000	     43860  0.014253
      2100	     47149  0.016141
      2200	     47403  0.017431
      2300	     50052  0.018171
      2400	     51243  0.019746
      2500	     54528  0.019911
      2600	     59688  0.021630
      2700	     60198  0.020168
      2800	     63110  0.019968
      2900	     66718  0.020048
      3000	     68794  0.025364
      3100	     68611  0.022999
      3200	     73275  0.023008
      3300	     77322  0.023985
      3400	     78298  0.024730
      3500	     78268  0.025570
      3600	     89822  0.030374
      3700	     87634  0.026745
      3800	     89274  0.027342
      3900	     95362  0.028387
      4000	     91385  0.031317
      4100	     98734  0.030272
      4200	    100492  0.030732
      4300	    103735  0.032210
      4400	    101114  0.031659
      4500	    104733  0.032064
      4600	    109302  0.033872
      4700	    116349  0.034516
      4800	    112539  0.036433
      4900	    120806  0.034314
      5000	    118347  0.036469
       100	      1549  0.000533
       200	      3382  0.001127
       300	      5366  0.002365
       400	      7471  0.002494
       500	      9440  0.003802
       600	     11457  0.004175
       700	     13536  0.005722
       800	     16906  0.005454
       900	     17900  0.005870
      1000	     20201  0.006295
      1100	     24068  0.007500
      1200	     24857  0.008680
      1300	     26764  0.008532
      1400	     28132  0.009532
      1500	     32832  0.009606
      1600	     34385  0.011928
      1700	     36151  0.012212
      1800	     39047  0.012726
      1900	     43290  0.015816
      2000	     44084  0.014504
      2100	     46695  0.016982
      2200	     48688  0.022820
      2300	     51985  0.017650
      2400	     53162  0.019217
      2500	     58145  0.019486
      2600	     58336  0.019961
      2700	     59017  0.021205
      2800	     63694  0.023357
      2900	     71311  0.022289
      3000	     67973  0.020089
      3100	     67920  0.020146
      3200	     72884  0.023144
      3300	     77610  0.022468
      3400	     78212  0.027082
      3500	     82044  0.025579
      3600	     83857  0.026640
      3700	     88289  0.027618
      3800	     87980  0.028271
      3900	     88287  0.027850
      4000	     90703  0.026351
      4100	     96431  0.030106
      4200	    100502  0.028778
      4300	    101626  0.031782
      4400	    101367  0.031356
      4500	    106319  0.032946
      4600	    107803  0.034225
      4700	    113465  0.034414
      4800	    113013  0.035306
      4900	    113364  0.035328
      5000	    119961  0.036398
       100	      1560  0.000568
       200	      3557  0.001252
       300	      5623  0.002394
       400	      7381  0.002395
       500	      9498  0.003477
       600	     11756  0.003586
       700	     14006  0.006229
       800	     15806  0.005082
       900	     18427  0.005930
      1000	     19722  0.006758
      1100	     22736  0.007300
      1200	     24400  0.008216
      1300	     27450  0.009254
      1400	     30393  0.009211
      1500	     31826  0.011989
      1600	     33309  0.010020
      1700	     37886  0.012188
      1800	     39499  0.013167
      1900	     41902  0.014483
      2000	     43968  0.014558
      2100	     45255  0.017760
      2200	     49283  0.017444
      2300	     51517  0.017891
      2400	     54541  0.019353
      2500	     54556  0.025491
      2600	     57798  0.019256
      2700	     63014  0.025640
      2800	     63357  0.021719
      2900	     67123  0.019585
      3000	     71830  0.022304
      3100	     68439  0.022712
      3200	     71146  0.022818
      3300	     76830  0.024168
      3400	     77128  0.024404
      3500	     83023  0.025654
      3600	     81742  0.023798
      3700	     86131  0.026577
      3800	     89443  0.040591
      3900	     91559  0.028068
      4000	     91512  0.028139
      4100	     94249  0.029503
      4200	     99080  0.030899
      4300	    100843  0.029550
      4400	    106621  0.033422
      4500	    107827  0.034235
      4600	    107249  0.034250
      4700	    111154  0.031822
      4800	    112325  0.035436
      4900	    120103  0.038716
      5000	    117631  0.035667
       100	      1696  0.000603
       200	      3378  0.001241
       300	      5591  0.001893
       400	      7420  0.003673
       500	      9988  0.003327
       600	     12045  0.003971
       700	     13728  0.006754
       800	     15283  0.005417
       900	     18576  0.016415
      1000	     21462  0.019005
      1100	     23049  0.016895
      1200	     24774  0.011757
      1300	     28401  0.010103
      1400	     29836  0.017076
      1500	     32541  0.010670
      1600	     33892  0.013454
      1700	     36865  0.012412
      1800	     38304  0.013564
      1900	     40241  0.015983
      2000	     44172  0.014154
      2100	     46585  0.019650
      2200	     48304  0.016971
      2300	     50871  0.048817
      2400	     53346  0.032740
      2500	     55226  0.035232
      2600	     57901  0.039855
      2700	     58553  0.038468
      2800	     62269  0.045485
      2900	     67278  0.040446
      3000	     69048  0.021162
      3100	     69415  0.020740
      3200	     73833  0.023579
      3300	     74551  0.022832
      3400	     78130  0.028460
      3500	     79425  0.028386
      3600	     82116  0.023185
      3700	     84179  0.026240
      3800	     86958  0.029365
      3900	     88911  0.031498
      4000	     93058  0.033556
      4100	     95283  0.120441
      4200	     96835  0.067402
      4300	     98656  0.032030
      4400	    104814  0.103401
      4500	    107521  0.046536
      4600	    104964  0.110908
      4700	    110734  0.051413
      4800	    109947  0.035178
      4900	    114375  0.038361
      5000	    118642  0.117457
       100	      1561  0.000548
       200	      3474  0.001143
       300	      5448  0.002574
       400	      7585  0.002522
       500	      9950  0.003018
       600	     11621  0.003712
       700	     14505  0.004588
       800	     16048  0.005671
       900	     18669  0.018643
      1000	     21449  0.017457
      1100	     22961  0.018562
      1200	     23875  0.009053
      1300	     27325  0.008846
      1400	     29429  0.023078
      1500	     32470  0.013935
      1600	     34504  0.010882
      1700	     37781  0.024701
      1800	     39638  0.034028
      1900	     41033  0.014941
      2000	     44071  0.043268
      2100	     45620  0.034460
      2200	     48481  0.016719
      2300	     50257  0.017601
      2400	     52066  0.016796
      2500	     55001  0.018867
      2600	     56069  0.060426
      2700	     62014  0.028873
      2800	     63335  0.021991
      2900	     67362  0.026356
      3000	     66681  0.033390
      3100	     68905  0.028392
      3200	     75731  0.021684
      3300	     75839  0.027241
      3400	     77549  0.024098
      3500	     82043  0.036655
      3600	     83536  0.084579
      3700	     83800  0.082634
      3800	     88423  0.124339
      3900	     90826  0.050829
      4000	     92623  0.141326
      4100	     97786  0.112117
      4200	    101546  0.059794
      4300	    102581  0.062130
      4400	    102006  0.034461
      4500	    108346  0.033480
      4600	    105130  0.045318
      4700	    108065  0.031474
      4800	    112244  0.033961
      4900	    114860  0.035843
      5000	    116463  0.033734
       100	      1763  0.000632
       200	      3415  0.001131
       300	      5367  0.005809
       400	      7299  0.002498
       500	      9390  0.004430
       600	     11438  0.003795
       700	     14231  0.006020
       800	     17199  0.006247
       900	     17989  0.005963
      1000	     20796  0.006111
      1100	     23476  0.007337
      1200	     25018  0.008175
      1300	     26652  0.009844
      1400	     29101  0.010774
      1500	     31163  0.009857
      1600	     34302  0.011508
      1700	     36645  0.015886
      1800	     38286  0.012376
      1900	     41165  0.013365
      2000	     46787  0.014990
      2100	     46981  0.015236
      2200	     46828  0.016699
      2300	     51814  0.018742
      2400	     53242  0.021418
      2500	     55478  0.018988
      2600	     58706  0.019703
      2700	     63394  0.021506
      2800	     62991  0.019669
      2900	     66845  0.022760
      3000	     69081  0.021964
      3100	     73728  0.021728
      3200	     74206  0.027108
      3300	     75742  0.022172
      3400	     82612  0.024589
      3500	     81996  0.023994
      3600	     80892  0.025820
      3700	     84317  0.026938
      3800	     89168  0.041794
      3900	     89657  0.025150
      4000	     93902  0.028157
      4100	     94955  0.029696
      4200	     97948  0.030472
      4300	    101740  0.031281
      4400	    103591  0.086842
      4500	    109438  0.034502
      4600	    108629  0.034933
      4700	    112499  0.033791
      4800	    116158  0.035963
      4900	    122557  0.039640
      5000	    120184  0.040227
       100	      1664  0.000569
       200	      3378  0.001102
       300	      5319  0.002406
       400	      7558  0.002417
       500	      9353  0.003084
       600	     11618  0.003935
       700	     13620  0.005864
       800	     15614  0.005990
       900	     18259  0.005899
      1000	     21298  0.006299
      1100	     23282  0.007496
      1200	     26640  0.008411
      1300	     27535  0.009354
      1400	     29261  0.010019
      1500	     31446  0.009365
      1600	     33965  0.022745
      1700	     36854  0.012497
      1800	     38392  0.012537
      1900	     40015  0.013404
      2000	     42352  0.015683
      2100	     48671  0.014885
      2200	     48332  0.016986
      2300	     51940  0.016387
      2400	     52637  0.018743
      2500	     55928  0.017940
      2600	     56264  0.020479
      2700	     60276  0.020087
      2800	     63907  0.021578
      2900	     63761  0.020610
      3000	     70199  0.022247
      3100	     70149  0.022490
      3200	     74097  0.025627
      3300	     78574  0.024500
      3400	     80149  0.025006
      3500	     81904  0.026137
      3600	     84403  0.027141
      3700	     86938  0.027581
      3800	     89506  0.028358
      3900	     90622  0.028034
      4000	     93397  0.036787
      4100	     94763  0.029743
      4200	     98214  0.032228
      4300	    104469  0.031880
      4400	    104901  0.031947
      4500	    104326  0.031315
      4600	    108646  0.033043
      4700	    107839  0.033637
      4800	    111564  0.034820
      4900	    117278  0.035176
      5000	    117399  0.033699
       100	      1652  0.000547
       200	      3340  0.001124
       300	      5349  0.002272
       400	      7491  0.002270
       500	      9195  0.003111
       600	     11778  0.003832
       700	     13906  0.004540
       800	     15967  0.005338
       900	     18810  0.006223
      1000	     20781  0.011198
      1100	     23389  0.007894
      1200	     25882  0.008059
      1300	     27400  0.008907
      1400	     31065  0.010509
      1500	     31487  0.012513
      1600	     34479  0.010575
      1700	     38538  0.012623
      1800	     42468  0.012915
      1900	     40948  0.015260
      2000	     45385  0.014543
      2100	     45806  0.019009
      2200	     49603  0.017714
      2300	     51255  0.017352
      2400	     52728  0.018250
      2500	     56025  0.017761
      2600	     59721  0.020616
      2700	     61901  0.019232
      2800	     66770  0.023139
      2900	     66442  0.019893
      3000	     68006  0.021424
      3100	     70294  0.023580
      3200	     73165  0.023055
      3300	     75839  0.023675
      3400	     76341  0.024695
      3500	     80679  0.027630
      3600	     83274  0.026976
      3700	     85823  0.027370
      3800	     86196  0.025797
      3900	     88149  0.027923
      4000	     92865  0.029437
      4100	     96252  0.035619
      4200	     99372  0.032059
      4300	    101674  0.034470
      4400	    102511  0.032815
      4500	    107560  0.035152
      4600	    107748  0.031017
      4700	    113481  0.034443
      4800	    118286  0.033008
      4900	    114968  0.032644
      5000	    116902  0.036225
       100	      1592  0.000525
       200	      3477  0.001069
       300	      5374  0.002370
       400	      7575  0.002581
       500	      9351  0.004630
       600	     11733  0.003869
       700	     13927  0.006152
       800	     16017  0.005361
       900	     18523  0.006820
      1000	     20887  0.006864
      1100	     21782  0.007020
      1200	     25246  0.008527
      1300	     27601  0.008740
      1400	     29249  0.010290
      1500	     32531  0.024229
      1600	     33713  0.011558
      1700	     37750  0.012209
      1800	     39000  0.015550
      1900	     42223  0.012827
      2000	     42574  0.015551
      2100	     45549  0.014744
      2200	     48790  0.016947
      2300	     53210  0.018030
      2400	     52401  0.024705
      2500	     56237  0.019824
      2600	     59070  0.020173
      2700	     58536  0.046350
      2800	     63835  0.052491
      2900	     65383  0.045726
      3000	     65379  0.040137
      3100	     70221  0.043366
      3200	     74803  0.068339
      3300	     73057  0.023017
      3400	     77725  0.024311
      3500	     83181  0.023557
      3600	     83309  0.023812
      3700	     84901  0.028827
      3800	     86864  0.025680
      3900	     87377  0.027996
      4000	     91627  0.032039
      4100	     93189  0.036659
      4200	    101688  0.046028
      4300	     97479  0.059549
      4400	    100483  0.057751
      4500	    105488  0.062663
      4600	    107985  0.067665
      4700	    110378  0.075360
      4800	    110287  0.065648
      4900	    113627  0.076833
      5000	    118712  0.041335
       100	      1566  0.000553
       200	      3624  0.001181
       300	      5250  0.002422
       400	      7972  0.004058
       500	      9849  0.003273
       600	     12039  0.004173
       700	     14334  0.006113
       800	     16078  0.005775
       900	     18004  0.005979
      1000	     20347  0.006792
      1100	     22875  0.007263
      1200	     24998  0.010246
      1300	     27056  0.009610
      1400	     30428  0.013019
      1500	     32859  0.010595
      1600	     35089  0.021845
      1700	     36340  0.035302
      1800	     39360  0.018824
      1900	     41953  0.030864
      2000	     43966  0.025322
      2100	     46525  0.027770
      2200	     49150  0.026634
      2300	     50595  0.029672
      2400	     53990  0.032606
      2500	     55352  0.035730
      2600	     59581  0.037179
      2700	     61621  0.040516
      2800	     64972  0.051630
      2900	     65274  0.037298
      3000	     72000  0.036476
      3100	     69881  0.021238
      3200	     75435  0.021472
      3300	     77177  0.024016
      3400	     78372  0.028665
      3500	     78715  0.025697
      3600	     82681  0.027452
      3700	     84720  0.026649
      3800	     85235  0.028182
      3900	     90964  0.028606
      4000	     92253  0.028682
      4100	     94569  0.029825
      4200	    101612  0.031575
      4300	    101173  0.033321
      4400	    103486  0.032351
      4500	    104112  0.041012
      4600	    107640  0.034757
      4700	    112985  0.035094
      4800	    110914  0.034597
      4900	    119874  0.037633
      5000	    119255  0.036871
       100	      1613  0.000560
       200	      3455  0.001217
       300	      5456  0.001834
       400	      7217  0.004410
       500	      9374  0.003144
       600	     12532  0.004047
       700	     13472  0.005843
       800	     16214  0.006685
       900	     17918  0.005919
      1000	     19749  0.006354
      1100	     23362  0.007558
      1200	     24968  0.008725
      1300	     27375  0.021790
      1400	     28221  0.010740
      1500	     32127  0.011982
      1600	     33602  0.011290
      1700	     37406  0.011631
      1800	     38475  0.012944
      1900	     42374  0.013187
      2000	     43362  0.015630
      2100	     47208  0.016111
      2200	     49224  0.016967
      2300	     49354  0.018184
      2400	     52797  0.018268
      2500	     54569  0.017523
      2600	     61707  0.020523
      2700	     61481  0.020805
      2800	     63467  0.020819
      2900	     65771  0.037457
      3000	     67263  0.022380
      3100	     71510  0.023679
      3200	     75841  0.022433
      3300	     74177  0.022059
      3400	     79845  0.026720
      3500	     81905  0.025272
      3600	     83304  0.024408
      3700	     87570  0.026947
      3800	     89176  0.027559
      3900	     91069  0.026797
      4000	     92189  0.034086
      4100	     97636  0.027693
      4200	     99461  0.032088
      4300	     99121  0.031030
      4400	    104572  0.032048
      4500	    105780  0.042291
      4600	    111294  0.031624
      4700	    107076  0.033943
      4800	    113807  0.035943
      4900	    115623  0.040401
      5000	    116824  0.036741
       100	      1647  0.000581
       200	      3422  0.001147
       300	      5219  0.002371
       400	      7189  0.002400
       500	      9439  0.003515
       600	     11993  0.003685
       700	     13744  0.004577
       800	     16230  0.005329
       900	     18765  0.006480
      1000	     19764  0.007390
      1100	     24029  0.008955
      1200	     24197  0.009434
      1300	     27775  0.009228
      1400	     30250  0.009533
      1500	     31669  0.011949
      1600	     33887  0.011220
      1700	     37432  0.011270
      1800	     39323  0.017951
      1900	     43368  0.016194
      2000	     43076  0.014347
      2100	     46946  0.018226
      2200	     46888  0.016655
      2300	     50158  0.017581
      2400	     54177  0.017490
      2500	     55444  0.018764
      2600	     56269  0.018243
      2700	     60219  0.032662
      2800	     61779  0.021305
      2900	     67636  0.021308
      3000	     68520  0.019944
      3100	     69615  0.022731
      3200	     72148  0.037903
      3300	     76902  0.024858
      3400	     76893  0.029685
      3500	     83909  0.027061
      3600	     82454  0.028572
      3700	     86741  0.024856
      3800	     86886  0.030036
      3900	     90189  0.033587
      4000	     94355  0.027413
      4100	     96996  0.041405
      4200	     97073  0.030525
      4300	    105159  0.031923
      4400	    102473  0.032030
      4500	    108237  0.032639
      4600	    107247  0.033103
      4700	    110640  0.032067
      4800	    115237  0.036499
      4900	    117710  0.035838
      5000	    118274  0.035830
       100	      1729  0.000594
       200	      3601  0.001264
       300	      5295  0.002333
       400	      7650  0.002505
       500	      9448  0.003084
       600	     11399  0.003798
       700	     13636  0.004419
       800	     15817  0.005774
       900	     18160  0.006592
      1000	     21287  0.006721
      1100	     22694  0.007244
      1200	     25017  0.007542
      1300	     27414  0.008829
      1400	     29811  0.009962
      1500	     32385  0.011781
      1600	     34882  0.011976
      1700	     37012  0.012076
      1800	     39235  0.011786
      1900	     42323  0.020353
      2000	     43514  0.015646
      2100	     45433  0.016108
      2200	     48343  0.019059
      2300	     49275  0.016221
      2400	     52665  0.018661
      2500	     55596  0.025265
      2600	     58972  0.021117
      2700	     59753  0.020395
      2800	     62396  0.021115
      2900	     64092  0.019390
      3000	     69882  0.021328
      3100	     70556  0.028542
      3200	     72186  0.021015
      3300	     73758  0.023286
      3400	     77154  0.024045
      3500	     80371  0.024850
      3600	     82512  0.025612
      3700	     84258  0.026779
      3800	     85840  0.036141
      3900	     90310  0.026221
      4000	     93464  0.029583
      4100	     98479  0.030156
      4200	    100220  0.031353
      4300	    102723  0.034242
      4400	    102763  0.029668
      4500	    105918  0.030422
      4600	    108606  0.033885
      4700	    111155  0.034125
      4800	    112738  0.032653
      4900	    117468  0.036571
      5000	    116720  0.037923
       100	      1587  0.000546
       200	      3608  0.003751
       300	      5514  0.002018
       400	      7614  0.003772
       500	      9038  0.002757
       600	     12082  0.005253
       700	     13672  0.005278
       800	     15883  0.005565
       900	     18122  0.006962
      1000	     20360  0.006696
      1100	     22560  0.007740
      1200	     26558  0.008805
      1300	     28642  0.008201
      1400	     30019  0.010126
      1500	     32862  0.010771
      1600	     34149  0.011177
      1700	     37723  0.013342
      1800	     40061  0.014777
      1900	     40785  0.013500
      2000	     43456  0.015740
      2100	     47597  0.014933
      2200	     47030  0.019144
      2300	     51325  0.016813
      2400	     52916  0.018110
      2500	     57480  0.020228
      2600	     56357  0.028899
      2700	     59296  0.020675
      2800	     61689  0.021479
      2900	     64819  0.021748
      3000	     66826  0.020249
      3100	     71083  0.022584
      3200	     73610  0.064520
      3300	     74356  0.052265
      3400	     81510  0.057568
      3500	     81015  0.056916
      3600	     83253  0.064161
      3700	     88220  0.027138
      3800	     90384  0.028192
      3900	     92310  0.032044
      4000	     90014  0.034834
      4100	     94052  0.029734
      4200	    100575  0.041611
      4300	    100014  0.031938
      4400	    103581  0.032517
      4500	    102418  0.036952
      4600	    110351  0.034739
      4700	    111318  0.032368
      4800	    113441  0.051048
      4900	    118806  0.036504
      5000	    116789  0.036919
       100	      1575  0.000583
       200	      3511  0.001216
       300	      5286  0.002319
       400	      7577  0.002465
       500	      9794  0.003217
       600	     12031  0.005863
       700	     13609  0.004706
       800	     15914  0.005761
       900	     18535  0.006229
      1000	     19792  0.006482
      1100	     23658  0.007827
      1200	     26098  0.008318
      1300	     26815  0.008552
      1400	     28487  0.009207
      1500	     32535  0.011538
      1600	     34741  0.011949
      1700	     35645  0.011899
      1800	     39044  0.019152
      1900	     40434  0.014517
      2000	     42760  0.014671
      2100	     47802  0.015467
      2200	     50127  0.015569
      2300	     51501  0.017458
      2400	     54308  0.018780
      2500	     56692  0.018285
      2600	     57303  0.019895
      2700	     60923  0.020942
      2800	     64454  0.018605
      2900	     67881  0.020034
      3000	     67900  0.023949
      3100	     72059  0.023121
      3200	     73965  0.023773
      3300	     74178  0.023546
      3400	     78690  0.022950
      3500	     81316  0.025979
      3600	     83483  0.025475
      3700	     85117  0.028025
      3800	     87617  0.036844
      3900	     92913  0.026439
      4000	     92379  0.029045
      4100	     98478  0.030295
      4200	     95735  0.030762
      4300	    101967  0.032944
      4400	    104479  0.033844
      4500	    106978  0.032421
      4600	    108558  0.031998
      4700	    107321  0.033770
      4800	    111689  0.032394
      4900	    119474  0.035843
      5000	    118142  0.041639
       100	      1562  0.000549
       200	      3423  0.005095
       300	      5387  0.001856
       400	      7299  0.003047
       500	      9395  0.002911
       600	     11831  0.003839
       700	     14627  0.004936
       800	     16045  0.004888
       900	     18781  0.006586
      1000	     20710  0.006871
      1100	     24343  0.007534
      1200	     24278  0.008852
      1300	     27658  0.009945
      1400	     29941  0.010916
      1500	     33050  0.009997
      1600	     35332  0.011412
      1700	     37421  0.020275
      1800	     37638  0.011757
      1900	     40787  0.013546
      2000	     43339  0.018474
      2100	     43954  0.015122
      2200	     49145  0.015630
      2300	     50784  0.017924
      2400	     52726  0.019623
      2500	     56248  0.019855
      2600	     59051  0.020441
      2700	     61824  0.021600
      2800	     63355  0.023083
      2900	     66267  0.030562
      3000	     66383  0.019843
      3100	     70455  0.020658
      3200	     73820  0.023261
      3300	     73636  0.026259
      3400	     79646  0.025440
      3500	     80706  0.025655
      3600	     83521  0.026579
      3700	     84758  0.028052
      3800	     89746  0.028374
      3900	     90506  0.028424
      4000	     92868  0.028438
      4100	     95071  0.037790
      4200	     99693  0.031284
      4300	    101252  0.031470
      4400	    104107  0.033134
      4500	    101612  0.032210
      4600	    107556  0.032953
      4700	    110469  0.036897
      4800	    110723  0.032716
      4900	    115633  0.032612
      5000	    118691  0.045165
       100	      1581  0.000565
       200	      3624  0.001212
       300	      5508  0.002364
       400	      7227  0.002407
       500	      9544  0.003641
       600	     11918  0.004370
       700	     14275  0.006291
       800	     16237  0.005816
       900	     18671  0.006369
      1000	     20337  0.007103
      1100	     22326  0.007405
      1200	     25369  0.007391
      1300	     26614  0.009135
      1400	     29262  0.008940
      1500	     33420  0.012361
      1600	     33317  0.013352
      1700	     36003  0.011946
      1800	     40013  0.012978
      1900	     40837  0.012095
      2000	     43090  0.015559
      2100	     46733  0.016657
      2200	     49380  0.017911
      2300	     49878  0.024472
      2400	     52050  0.017853
      2500	     54901  0.019215
      2600	     57445  0.018865
      2700	     60385  0.021528
      2800	     62829  0.020340
      2900	     67512  0.020787
      3000	     69270  0.020217
      3100	     72790  0.023126
      3200	     72658  0.022977
      3300	     74361  0.024581
      3400	     79583  0.025120
      3500	     83037  0.025605
      3600	     84418  0.024081
      3700	     88000  0.034651
      3800	     91473  0.028457
      3900	     94532  0.029948
      4000	     92650  0.029526
      4100	     97742  0.033789
      4200	     98961  0.031054
      4300	     99088  0.028624
      4400	     99999  0.032581
      4500	    107634  0.033632
      4600	    110692  0.031829
      4700	    109615  0.039837
      4800	    114581  0.040558
      4900	    116426  0.033767
      5000	    116155  0.036473
       100	      1530  0.000551
       200	      3684  0.001210
       300	      5239  0.002294
       400	      7567  0.002513
       500	      9650  0.002854
       600	     11236  0.003785
       700	     13526  0.004464
       800	     17053  0.006664
       900	     18266  0.006152
      1000	     20165  0.006829
      1100	     22108  0.008664
      1200	     25278  0.009583
      1300	     26982  0.008993
      1400	     28727  0.009706
      1500	     31778  0.013428
      1600	     36316  0.011513
      1700	     37470  0.012267
      1800	     39016  0.011712
      1900	     39927  0.013096
      2000	     44099  0.014361
      2100	     46722  0.019367
      2200	     47467  0.022467
      2300	     50980  0.017293
      2400	     52965  0.018074
      2500	     55430  0.020077
      2600	     57968  0.017979
      2700	     60548  0.020479
      2800	     61891  0.020073
      2900	     66370  0.021000
      3000	     69225  0.021739
      3100	     72766  0.022266
      3200	     73219  0.023414
      3300	     76781  0.024447
      3400	     77669  0.038993
      3500	     79947  0.025353
      3600	     83780  0.024559
      3700	     85815  0.026052
      3800	     87132  0.025470
      3900	     89111  0.027711
      4000	     93345  0.033951
      4100	     93051  0.030264
      4200	    100719  0.031275
      4300	     98411  0.032349
      4400	    100770  0.031293
      4500	    102490  0.032039
      4600	    114278  0.034303
      4700	    111238  0.033995
      4800	    112361  0.038292
      4900	    115511  0.035873
      5000	    117227  0.039886
       100	      1595  0.000598
       200	      3463  0.001366
       300	      5582  0.002104
       400	      7052  0.003924
       500	      9385  0.003124
       600	     11586  0.003933
       700	     13592  0.005892
       800	     16234  0.005358
       900	     18515  0.005974
      1000	     20904  0.007093
      1100	     22884  0.006846
      1200	     24118  0.008189
      1300	     27808  0.012512
      1400	     29226  0.010165
      1500	     32144  0.012331
      1600	     34738  0.011440
      1700	     36330  0.012188
      1800	     39553  0.012711
      1900	     41870  0.015080
      2000	     43679  0.016592
      2100	     45704  0.016001
      2200	     48125  0.016465
      2300	     53067  0.017650
      2400	     53250  0.018088
      2500	     56273  0.019166
      2600	     59481  0.023720
      2700	     61318  0.023489
      2800	     64819  0.020682
      2900	     68728  0.025447
      3000	     67960  0.020058
      3100	     69829  0.025969
      3200	     73021  0.023524
      3300	     73158  0.023756
      3400	     76643  0.024483
      3500	     83178  0.032168
      3600	     86440  0.043764
      3700	     85302  0.055223
      3800	     89703  0.058320
      3900	     91688  0.066119
      4000	     96346  0.057761
      4100	     94079  0.046075
      4200	     96814  0.030395
      4300	    101854  0.030947
      4400	    104088  0.029487
      4500	    105599  0.035857
      4600	    111232  0.034292
      4700	    109778  0.033743
      4800	    111346  0.038146
      4900	    116133  0.035397
      5000	    119723  0.040434
       100	      1658  0.000600
       200	      3324  0.001138
       300	      5450  0.002386
       400	      7500  0.002442
       500	      9595  0.003192
       600	     11698  0.003582
       700	     13181  0.004352
       800	     16477  0.005856
       900	     17779  0.006036
      1000	     20555  0.006792
      1100	     22649  0.008939
      1200	     25096  0.008336
      1300	     28243  0.008866
      1400	     29594  0.009924
      1500	     32069  0.011525
      1600	     34288  0.013866
      1700	     36412  0.012292
      1800	     39825  0.012876
      1900	     40158  0.014701
      2000	     41848  0.013847
      2100	     46339  0.016342
      2200	     47964  0.020901
      2300	     53245  0.023803
      2400	     53985  0.018583
      2500	     55158  0.018828
      2600	     57038  0.019094
      2700	     60220  0.019161
      2800	     62286  0.021215
      2900	     67390  0.021358
      3000	     70476  0.021737
      3100	     69994  0.022611
      3200	     73328  0.023036
      3300	     77330  0.024276
      3400	     81397  0.026231
      3500	     78828  0.023224
      3600	     82954  0.026528
      3700	     88649  0.030529
      3800	     87848  0.027893
      3900	     88296  0.027630
      4000	     91527  0.028696
      4100	     94628  0.029556
      4200	     95877  0.029832
      4300	     99034  0.028931
      4400	    104432  0.038705
      4500	    102978  0.031879
      4600	    110216  0.030908
      4700	    109830  0.036588
      4800	    111672  0.031672
      4900	    115051  0.035587
      5000	    121498  0.045514
       100	      1693  0.000601
       200	      3529  0.001130
       300	      5320  0.002331
       400	      7785  0.006830
       500	     10236  0.005179
       600	     11434  0.003711
       700	     14268  0.004468
       800	     16138  0.004848
       900	     17711  0.006241
      1000	     20786  0.006677
      1100	     23204  0.007589
      1200	     25123  0.007522
      1300	     27042  0.009520
      1400	     29751  0.009998
      1500	     32886  0.012014
      1600	     33661  0.011087
      1700	     36236  0.011946
      1800	     38983  0.014485
      1900	     41746  0.014958
      2000	     43616  0.013831
      2100	     47525  0.015085
      2200	     48105  0.017444
      2300	     52135  0.020159
      2400	     52378  0.017358
      2500	     55781  0.017576
      2600	     63563  0.020731
      2700	     60827  0.019588
      2800	     62742  0.025772
      2900	     65631  0.020828
      3000	     66969  0.021353
      3100	     68024  0.020373
      3200	     72392  0.021246
      3300	     72499  0.022953
      3400	     77550  0.022546
      3500	     81407  0.025205
      3600	     83390  0.024361
      3700	     85269  0.033790
      3800	     87515  0.040968
      3900	     89773  0.027504
      4000	     94568  0.029047
      4100	     94929  0.029090
      4200	    102193  0.028413
      4300	    100260  0.032496
      4400	    108134  0.033700
      4500	    103616  0.032283
      4600	    110148  0.036603
      4700	    110801  0.034540
      4800	    114352  0.034837
      4900	    115960  0.036010
      5000	    116829  0.036598
       100	      1669  0.000589
       200	      3193  0.001080
       300	      5139  0.002277
       400	      7518  0.002585
       500	      9352  0.003141
       600	     12397  0.004277
       700	     13289  0.004416
       800	     16003  0.005246
       900	     18217  0.006260
      1000	     20439  0.006522
      1100	     22363  0.008669
      1200	     25230  0.010370
      1300	     26724  0.008695
      1400	     30403  0.012873
      1500	     31423  0.011622
      1600	     34778  0.010172
      1700	     36280  0.012375
      1800	     39304  0.011337
      1900	     41530  0.014951
      2000	     43210  0.014331
      2100	     46665  0.016470
      2200	     48722  0.025437
      2300	     50634  0.017960
      2400	     53969  0.019469
      2500	     57415  0.019009
      2600	     56155  0.022211
      2700	     59066  0.020111
      2800	     65820  0.020694
      2900	     67011  0.022464
      3000	     67544  0.021378
      3100	     70576  0.022266
      3200	     73289  0.028502
      3300	     73744  0.023388
      3400	     78062  0.024546
      3500	     86612  0.031177
      3600	     82328  0.038357
      3700	     92949  0.027757
      3800	     88720  0.025821
      3900	     91552  0.030081
      4000	     91280  0.030438
      4100	     94162  0.029678
      4200	     97296  0.027454
      4300	    100367  0.036395
      4400	    104006  0.032688
      4500	    105499  0.032896
      4600	    112567  0.033889
      4700	    108559  0.033799
      4800	    118977  0.044843
      4900	    124511  0.044449
      5000	    116724  0.033894
       100	      1540  0.000552
       200	      3767  0.001148
       300	      5563  0.002516
       400	      7561  0.002467
       500	      9379  0.003035
       600	     12090  0.003520
       700	     14154  0.004698
       800	     15942  0.004692
       900	     18748  0.005968
      1000	     21001  0.009088
      1100	     22479  0.009171
      1200	     24889  0.010370
      1300	     27119  0.009193
      1400	     30608  0.010705
      1500	     33075  0.011632
      1600	     35098  0.010571
      1700	     36178  0.013578
      1800	     39131  0.013159
      1900	     41618  0.014112
      2000	     43228  0.015482
      2100	     45328  0.015340
      2200	     49230  0.022388
      2300	     49734  0.018047
      2400	     53903  0.019194
      2500	     55354  0.019123
      2600	     60816  0.020762
      2700	     60812  0.020821
      2800	     64626  0.021687
      2900	     65159  0.023672
      3000	     66889  0.024331
      3100	     72788  0.030140
      3200	     72923  0.023327
      3300	     73853  0.022183
      3400	     76633  0.022351
      3500	     80879  0.025287
      3600	     83458  0.026195
      3700	     89240  0.027426
      3800	     86228  0.026323
      3900	     87956  0.039430
      4000	     95292  0.029556
      4100	     95151  0.030632
      4200	     95912  0.029860
      4300	    101843  0.031660
      4400	    107011  0.032742
      4500	    105470  0.032629
      4600	    105882  0.034264
      4700	    111238  0.034449
      4800	    113284  0.034708
      4900	    111480  0.038112
      5000	    118725  0.038423
       100	      1463  0.000493
       200	      3582  0.001172
       300	      5496  0.003587
       400	      7307  0.002427
       500	      9320  0.003355
       600	     12408  0.003961
       700	     14159  0.006217
       800	     16469  0.006675
       900	     18135  0.006099
      1000	     20036  0.007914
      1100	     23195  0.008688
      1200	     24307  0.009138
      1300	     27082  0.009309
      1400	     29456  0.009714
      1500	     31308  0.009571
      1600	     33372  0.012197
      1700	     35851  0.011515
      1800	     40299  0.012960
      1900	     43281  0.016275
      2000	     42775  0.014478
      2100	     46884  0.014840
      2200	     50395  0.017916
      2300	     52340  0.016059
      2400	     53748  0.019539
      2500	     53974  0.019680
      2600	     57883  0.020571
      2700	     60722  0.022464
      2800	     63275  0.020941
      2900	     66957  0.020871
      3000	     68283  0.021922
      3100	     72481  0.022178
      3200	     71613  0.022656
      3300	     74516  0.024040
      3400	     77842  0.025067
      3500	     79699  0.025689
      3600	     85326  0.026199
      3700	     83845  0.024684
      3800	     88881  0.046355
      3900	     90078  0.028198
      4000	     92545  0.027381
      4100	     93621  0.029200
      4200	     98045  0.030341
      4300	     99782  0.064923
      4400	    104623  0.061136
      4500	    103858  0.071385
      4600	    105986  0.052098
      4700	    108721  0.039005
      4800	    115125  0.035580
      4900	    117470  0.039093
      5000	    117480  0.036468
       100	      1596  0.000565
       200	      3274  0.001099
       300	      5260  0.002287
       400	      7206  0.002414
       500	      9573  0.003448
       600	     11703  0.003899
       700	     13776  0.004442
       800	     16739  0.005247
       900	     18030  0.005919
      1000	     20246  0.007664
      1100	     23244  0.009062
      1200	     24798  0.009454
      1300	     27026  0.008831
      1400	     29594  0.008558
      1500	     32822  0.014225
      1600	     35359  0.011340
      1700	     36768  0.012316
      1800	     39580  0.012381
      1900	     40285  0.012539
      2000	     44222  0.012919
      2100	     46328  0.015368
      2200	     49652  0.018022
      2300	     53070  0.015840
      2400	     53964  0.018654
      2500	     54697  0.017529
      2600	     57831  0.019848
      2700	     59391  0.020838
      2800	     62048  0.026899
      2900	     65316  0.020885
      3000	     66504  0.020037
      3100	     71315  0.022471
      3200	     74076  0.024080
      3300	     74234  0.024751
      3400	     75443  0.023001
      3500	     78584  0.029431
      3600	     84370  0.025866
      3700	     86846  0.028119
      3800	     87098  0.027633
      3900	     90336  0.026490
      4000	     93550  0.029875
      4100	     94392  0.029362
      4200	     97343  0.030282
      4300	    101556  0.029125
      4400	    106292  0.031729
      4500	    106242  0.032306
      4600	    107343  0.033431
      4700	    109468  0.031964
      4800	    112675  0.037181
      4900	    119328  0.036150
      5000	    120655  0.034634
       100	      1568  0.000615
       200	      3593  0.001248
       300	      5454  0.001884
       400	      7548  0.004327
       500	      9647  0.005192
       600	     11764  0.004053
       700	     14311  0.005029
       800	     16367  0.007475
       900	     18712  0.007449
      1000	     21261  0.006268
      1100	     24132  0.007037
      1200	     25913  0.007978
      1300	     27821  0.010122
      1400	     30158  0.010714
      1500	     31727  0.010596
      1600	     33934  0.013540
      1700	     35956  0.013188
      1800	     39953  0.014340
      1900	     42177  0.013495
      2000	     44485  0.016328
      2100	     47436  0.015384
      2200	     50387  0.016343
      2300	     51592  0.018171
      2400	     52545  0.018727
      2500	     56063  0.018934
      2600	     59515  0.021160
      2700	     62674  0.022436
      2800	     64455  0.019982
      2900	     64168  0.020702
      3000	     69260  0.021350
      3100	     70427  0.022621
      3200	     73954  0.024281
      3300	     79367  0.022610
      3400	     78678  0.023523
      3500	     78444  0.023415
      3600	     81126  0.033912
      3700	     85779  0.027022
      3800	     86151  0.027303
      3900	     89116  0.029129
      4000	     95213  0.029064
      4100	     95636  0.029384
      4200	     95413  0.027738
      4300	    102711  0.042511
      4400	    105110  0.029699
      4500	    103130  0.031929
      4600	    106245  0.035291
      4700	    112261  0.031425
      4800	    116248  0.032851
      4900	    120435  0.034205
      5000	    117585  0.039037
       100	      1679  0.000556
       200	      3453  0.001191
       300	      5327  0.002362
       400	      7291  0.004072
       500	      9430  0.002889
       600	     11565  0.003748
       700	     14578  0.006074
       800	     16258  0.005350
       900	     18090  0.005899
      1000	     19918  0.007085
      1100	     22609  0.009306
      1200	     24695  0.008592
      1300	     26523  0.008639
      1400	     29585  0.010143
      1500	     32225  0.012125
      1600	     35861  0.013240
      1700	     37100  0.011220
      1800	     38240  0.012136
      1900	     40864  0.013415
      2000	     43781  0.015723
      2100	     44726  0.015958
      2200	     47917  0.016836
      2300	     52258  0.018279
      2400	     55050  0.018596
      2500	     55686  0.018515
      2600	     56672  0.031281
      2700	     60693  0.020662
      2800	     64403  0.021985
      2900	     65397  0.020370
      3000	     68122  0.021037
      3100	     70526  0.028987
      3200	     70200  0.022634
      3300	     77101  0.023959
      3400	     77510  0.024621
      3500	     80356  0.028514
      3600	     82754  0.025597
      3700	     83178  0.026546
      3800	     85952  0.028172
      3900	     94108  0.039522
      4000	     96060  0.028320
      4100	     94257  0.030263
      4200	     97949  0.029940
      4300	    103478  0.032208
      4400	    104907  0.037419
      4500	    104299  0.044822
      4600	    107177  0.033288
      4700	    110827  0.041278
      4800	    113621  0.063292
      4900	    116898  0.038914
      5000	    120719  0.038440
       100	      1575  0.000547
       200	      3698  0.001814
       300	      5250  0.001769
       400	      7584  0.003329
       500	      9860  0.003230
       600	     11378  0.003490
       700	     14279  0.004739
       800	     15377  0.005290
       900	     18239  0.005930
      1000	     20180  0.006137
      1100	     22631  0.007787
      1200	     25841  0.008824
      1300	     26798  0.009500
      1400	     29624  0.009016
      1500	     31747  0.011193
      1600	     34387  0.011048
      1700	     37489  0.019475
      1800	     38969  0.011429
      1900	     41391  0.013817
      2000	     43915  0.018649
      2100	     46070  0.016681
      2200	     48616  0.017344
      2300	     51072  0.016847
      2400	     54357  0.022549
      2500	     57342  0.019683
      2600	     59046  0.019970
      2700	     61274  0.020540
      2800	     63114  0.021444
      2900	     65638  0.020953
      3000	     70845  0.022149
      3100	     70593  0.023632
      3200	     72226  0.023119
      3300	     74631  0.027614
      3400	     77851  0.024239
      3500	     79083  0.024759
      3600	     84865  0.026697
      3700	     88546  0.027101
      3800	     88202  0.025589
      3900	     88815  0.031429
      4000	     98257  0.030502
      4100	     95489  0.038046
      4200	     99064  0.029447
      4300	    101672  0.033249
      4400	    104201  0.044119
      4500	    110286  0.033777
      4600	    109349  0.033576
      4700	    110513  0.042280
      4800	    117821  0.035928
      4900	    111368  0.036816
      5000	    118644  0.041243
