       100	      1654      0.000443
       200	      4015      0.001012
       300	      6065      0.001568
       400	      8374      0.002079
       500	     10618      0.002642
       600	     14239      0.003732
       700	     15746      0.003860
       800	     18241      0.004425
       900	     20970      0.005486
      1000	     24005      0.007288
      1100	     26388      0.007793
      1200	     29263      0.009126
      1300	     32474      0.009637
      1400	     34545      0.008278
      1500	     36586      0.009347
      1600	     40663      0.009754
      1700	     42200      0.010206
      1800	     46788      0.011654
      1900	     49338      0.018254
      2000	     51038      0.012445
      2100	     52527      0.014158
      2200	     58198      0.013925
      2300	     61317      0.014682
      2400	     60465      0.014933
      2500	     64351      0.015785
      2600	     70270      0.016680
      2700	     74213      0.017569
      2800	     73819      0.019339
      2900	     76809      0.018741
      3000	     80006      0.019875
      3100	     83308      0.019998
      3200	     85361      0.020561
      3300	     86802      0.021264
      3400	     91560      0.021653
      3500	     99642      0.023117
      3600	    105296      0.024291
      3700	    101954      0.024050
      3800	    104094      0.024718
      3900	    105033      0.025364
      4000	    108309      0.027290
      4100	    116279      0.027812
      4200	    124351      0.029463
      4300	    118616      0.028610
      4400	    121612      0.029396
      4500	    123050      0.029763
      4600	    131868      0.031382
      4700	    134803      0.032410
      4800	    136541      0.032493
      4900	    137936      0.032813
      5000	    140484      0.038088
       100	      1917      0.000570
       200	      3739      0.000934
       300	      6220      0.001554
       400	      8969      0.002248
       500	     11685      0.003770
       600	     13957      0.003518
       700	     15794      0.005024
       800	     18849      0.004940
       900	     21354      0.006619
      1000	     23935      0.005798
      1100	     26189      0.007024
      1200	     29989      0.011865
      1300	     32267      0.011045
      1400	     35787      0.009375
      1500	     37574      0.010455
      1600	     40876      0.010870
      1700	     43526      0.011143
      1800	     46547      0.012584
      1900	     47798      0.016151
      2000	     50088      0.012232
      2100	     54617      0.057268
      2200	     59058      0.067210
      2300	     61201      0.053714
      2400	     61561      0.082368
      2500	     64745      0.052690
      2600	     70405      0.051348
      2700	     70080      0.055292
      2800	     73866      0.048823
      2900	     76460      0.056582
      3000	     84667      0.073152
      3100	     82277      0.057572
      3200	     86101      0.049214
      3300	     86997      0.041275
      3400	     93629      0.045128
      3500	     91855      0.063640
      3600	    105474      0.078685
      3700	    102045      0.065430
      3800	    104343      0.051906
      3900	    109462      0.047233
      4000	    109294      0.052847
      4100	    112515      0.136876
      4200	    117812      0.089745
      4300	    118253      0.028591
      4400	    123671      0.029856
      4500	    128532      0.031310
      4600	    127097      0.031285
      4700	    133223      0.033682
      4800	    132680      0.032185
      4900	    134120      0.032434
      5000	    139576      0.034743
       100	      1707      0.000454
       200	      3886      0.000994
       300	      6026      0.001499
       400	      8571      0.002111
       500	     10833      0.003827
       600	     13695      0.005085
       700	     16383      0.004008
       800	     19295      0.008381
       900	     21558      0.006427
      1000	     24499      0.006369
      1100	     26754      0.006600
      1200	     31134      0.007890
      1300	     32600      0.008230
      1400	     35321      0.008480
      1500	     37057      0.010619
      1600	     38503      0.011172
      1700	     42438      0.010509
      1800	     46868      0.015393
      1900	     49388      0.012520
      2000	     53280      0.015270
      2100	     54051      0.013118
      2200	     56864      0.013941
      2300	     62090      0.015712
      2400	     63000      0.017461
      2500	     66537      0.018396
      2600	     69624      0.057439
      2700	     71886      0.017773
      2800	     73368      0.018241
      2900	     78310      0.018735
      3000	     80831      0.020249
      3100	     81610      0.022493
      3200	     88389      0.020874
      3300	     89245      0.022584
      3400	     92803      0.022023
      3500	     95889      0.022799
      3600	     95828      0.023220
      3700	    100964      0.027608
      3800	    105486      0.025062
      3900	    111435      0.026533
      4000	    114028      0.028523
      4100	    114179      0.027520
      4200	    116872      0.028279
      4300	    118600      0.028480
      4400	    123043      0.029382
      4500	    125208      0.030554
      4600	    130006      0.031276
      4700	    131829      0.031955
      4800	    131716      0.033511
      4900	    139477      0.037804
      5000	    142465      0.033880
       100	      1847      0.000650
       200	      3823      0.000986
       300	      5860      0.001460
       400	      8492      0.002076
       500	     10671      0.003733
       600	     13459      0.003392
       700	     16259      0.004704
       800	     18443      0.005780
       900	     21413      0.007286
      1000	     23459      0.005883
      1100	     26348      0.006840
      1200	     28880      0.007848
      1300	     33850      0.008109
      1400	     34077      0.008676
      1500	     37054      0.009291
      1600	     39812      0.010479
      1700	     42066      0.010584
      1800	     45327      0.011817
      1900	     48927      0.012001
      2000	     51707      0.013074
      2100	     52972      0.013053
      2200	     57444      0.013801
      2300	     59876      0.015037
      2400	     62654      0.015854
      2500	     64882      0.016403
      2600	     67430      0.016311
      2700	     72411      0.019293
      2800	     76080      0.018042
      2900	     78973      0.018995
      3000	     81540      0.019498
      3100	     81810      0.019854
      3200	     85655      0.021305
      3300	     88677      0.021503
      3400	     94421      0.022487
      3500	     95573      0.022765
      3600	     96833      0.023907
      3700	     99596      0.024088
      3800	    105140      0.026084
      3900	    109235      0.026786
      4000	    109340      0.026722
      4100	    117813      0.028520
      4200	    116632      0.028199
      4300	    114048      0.028105
      4400	    120848      0.032926
      4500	    122715      0.030020
      4600	    129064      0.031348
      4700	    135478      0.032633
      4800	    133792      0.032678
      4900	    133679      0.032613
      5000	    146441      0.035194
       100	      1750      0.000456
       200	      3980      0.000988
       300	      6738      0.001789
       400	      8719      0.002077
       500	     11186      0.003812
       600	     13186      0.003511
       700	     15919      0.003895
       800	     18311      0.007936
       900	     21005      0.005429
      1000	     24620      0.007358
      1100	     27425      0.006604
      1200	     29577      0.007229
      1300	     31779      0.010019
      1400	     35143      0.010507
      1500	     38292      0.009080
      1600	     40166      0.010326
      1700	     42557      0.010871
      1800	     44972      0.012355
      1900	     48336      0.012826
      2000	     53015      0.014141
      2100	     54952      0.013060
      2200	     56895      0.017816
      2300	     58766      0.015795
      2400	     61457      0.015425
      2500	     70760      0.018421
      2600	     66603      0.016426
      2700	     73282      0.018214
      2800	     74144      0.017800
      2900	     78409      0.020397
      3000	     80446      0.019349
      3100	     83611      0.020495
      3200	     90016      0.021738
      3300	     88479      0.021548
      3400	     91824      0.022244
      3500	     91878      0.022067
      3600	     99453      0.024354
      3700	    101451      0.023962
      3800	    103864      0.025352
      3900	    105636      0.028164
      4000	    108877      0.025540
      4100	    111770      0.027156
      4200	    122844      0.030029
      4300	    124211      0.029788
      4400	    129225      0.031037
      4500	    124435      0.030361
      4600	    132490      0.032218
      4700	    134439      0.032258
      4800	    129647      0.033517
      4900	    133498      0.032429
      5000	    139470      0.034686
       100	      1683      0.000445
       200	      3975      0.000994
       300	      6384      0.001651
       400	      8781      0.002102
       500	     10862      0.002691
       600	     13108      0.003673
       700	     15685      0.004697
       800	     18905      0.012921
       900	     21439      0.007774
      1000	     25375      0.013931
      1100	     27257      0.015668
      1200	     30293      0.011514
      1300	     31920      0.008614
      1400	     33448      0.014992
      1500	     37530      0.009125
      1600	     39532      0.010807
      1700	     42688      0.011033
      1800	     46555      0.012655
      1900	     48026      0.012318
      2000	     51238      0.018881
      2100	     54317      0.017594
      2200	     57525      0.014115
      2300	     60459      0.026623
      2400	     63972      0.029062
      2500	     64086      0.033927
      2600	     67186      0.041667
      2700	     73696      0.038495
      2800	     73434      0.037369
      2900	     78755      0.039493
      3000	     79988      0.039718
      3100	     82098      0.020302
      3200	     86106      0.021656
      3300	     88311      0.021322
      3400	     91492      0.022150
      3500	     95441      0.023225
      3600	    102913      0.030510
      3700	     99352      0.024376
      3800	    107499      0.026818
      3900	    106916      0.026736
      4000	    110342      0.043529
      4100	    114598      0.085778
      4200	    115851      0.056916
      4300	    121174      0.043647
      4400	    122736      0.062114
      4500	    126025      0.044747
      4600	    126136      0.031349
      4700	    136512      0.033302
      4800	    135975      0.096610
      4900	    135708      0.108360
      5000	    139696      0.038051
       100	      1704      0.000467
       200	      3944      0.000969
       300	      6276      0.001587
       400	      8727      0.002099
       500	     10665      0.003523
       600	     13217      0.003372
       700	     16213      0.005036
       800	     18165      0.006121
       900	     21455      0.007633
      1000	     23942      0.012551
      1100	     26533      0.011476
      1200	     29530      0.007535
      1300	     31973      0.009376
      1400	     34804      0.009753
      1500	     36637      0.036091
      1600	     39231      0.021002
      1700	     41191      0.012863
      1800	     45679      0.034544
      1900	     47018      0.016033
      2000	     51790      0.023043
      2100	     53505      0.038882
      2200	     55978      0.013633
      2300	     61441      0.015200
      2400	     64127      0.015064
      2500	     66994      0.016151
      2600	     71055      0.053914
      2700	     68637      0.057975
      2800	     74238      0.017777
      2900	     76892      0.060567
      3000	     82789      0.026106
      3100	     84161      0.030711
      3200	     85632      0.024484
      3300	     88336      0.025034
      3400	     92394      0.026878
      3500	     94245      0.029972
      3600	     96485      0.067348
      3700	    101417      0.079067
      3800	    103421      0.078192
      3900	    104720      0.071417
      4000	    106917      0.056264
      4100	    113252      0.123359
      4200	    114518      0.060130
      4300	    119951      0.091602
      4400	    123599      0.053020
      4500	    132048      0.031024
      4600	    125369      0.030527
      4700	    133701      0.031758
      4800	    135517      0.032150
      4900	    140030      0.042375
      5000	    138632      0.037819
       100	      1713      0.000447
       200	      3875      0.001156
       300	      6125      0.001502
       400	      8823      0.002286
       500	     11874      0.002800
       600	     13670      0.003511
       700	     15925      0.003961
       800	     18957      0.004555
       900	     20736      0.006472
      1000	     23811      0.007667
      1100	     26536      0.006431
      1200	     29848      0.007354
      1300	     32691      0.007809
      1400	     35111      0.009116
      1500	     37248      0.009406
      1600	     39740      0.009769
      1700	     44520      0.010462
      1800	     46467      0.011119
      1900	     47922      0.013240
      2000	     51563      0.012322
      2100	     54653      0.013495
      2200	     59866      0.014025
      2300	     61822      0.015078
      2400	     62434      0.015009
      2500	     65288      0.016011
      2600	     68238      0.016464
      2700	     73845      0.017725
      2800	     73534      0.017713
      2900	     75763      0.018428
      3000	     79460      0.020794
      3100	     83621      0.020283
      3200	     84508      0.020230
      3300	     89407      0.021229
      3400	     95788      0.022519
      3500	     96129      0.023020
      3600	     97781      0.022976
      3700	    100302      0.023888
      3800	    105708      0.024770
      3900	    106997      0.028242
      4000	    111842      0.027041
      4100	    113910      0.027563
      4200	    116685      0.027983
      4300	    130680      0.030533
      4400	    119505      0.044224
      4500	    123346      0.031011
      4600	    127302      0.035215
      4700	    127185      0.031497
      4800	    137562      0.034348
      4900	    138887      0.033889
      5000	    143504      0.034417
       100	      1727      0.000462
       200	      3815      0.000923
       300	      6273      0.001618
       400	      8382      0.002089
       500	     11302      0.002755
       600	     13644      0.004231
       700	     17160      0.004142
       800	     19108      0.004591
       900	     21657      0.006832
      1000	     23667      0.006517
      1100	     26053      0.006345
      1200	     28254      0.007021
      1300	     33240      0.011767
      1400	     34572      0.008344
      1500	     37690      0.009258
      1600	     42773      0.010534
      1700	     41992      0.010719
      1800	     46972      0.011626
      1900	     48715      0.012287
      2000	     51733      0.012847
      2100	     54706      0.015106
      2200	     58396      0.014175
      2300	     58639      0.014224
      2400	     64813      0.015561
      2500	     65742      0.027806
      2600	     67189      0.016533
      2700	     69171      0.020268
      2800	     75816      0.018022
      2900	     75491      0.018968
      3000	     89907      0.020636
      3100	     86171      0.025367
      3200	     88045      0.020753
      3300	     87836      0.021272
      3400	     92751      0.023112
      3500	     94504      0.022762
      3600	     97125      0.026889
      3700	     99616      0.024943
      3800	    108228      0.025949
      3900	    105931      0.026448
      4000	    114318      0.027238
      4100	    110244      0.027066
      4200	    114984      0.027717
      4300	    119585      0.031936
      4400	    125668      0.029391
      4500	    131414      0.031322
      4600	    128904      0.033858
      4700	    133110      0.031342
      4800	    139029      0.034868
      4900	    140128      0.038366
      5000	    139358      0.033799
       100	      1765      0.000465
       200	      3853      0.000943
       300	      6259      0.001589
       400	      8584      0.002124
       500	     11026      0.003806
       600	     13413      0.004721
       700	     16500      0.004375
       800	     19462      0.004586
       900	     21986      0.005218
      1000	     23831      0.006446
      1100	     27268      0.007468
      1200	     32935      0.008215
      1300	     31547      0.007722
      1400	     35910      0.009170
      1500	     37139      0.009884
      1600	     39895      0.010530
      1700	     42982      0.010263
      1800	     44952      0.012398
      1900	     48469      0.011890
      2000	     49737      0.013928
      2100	     54408      0.013516
      2200	     56940      0.014521
      2300	     60318      0.014397
      2400	     65617      0.015506
      2500	     64715      0.015806
      2600	     66292      0.016198
      2700	     73478      0.017389
      2800	     71938      0.017517
      2900	     79664      0.019297
      3000	     80702      0.020121
      3100	     87355      0.020167
      3200	     84518      0.020481
      3300	     88315      0.021286
      3400	     93935      0.022129
      3500	     95071      0.022385
      3600	     95260      0.023821
      3700	    107100      0.025657
      3800	    103105      0.025120
      3900	    108177      0.028748
      4000	    116282      0.028363
      4100	    112378      0.028256
      4200	    113430      0.028635
      4300	    119718      0.028773
      4400	    120500      0.031398
      4500	    125083      0.030672
      4600	    125577      0.033282
      4700	    131831      0.031925
      4800	    135718      0.031820
      4900	    135459      0.034225
      5000	    138110      0.033886
       100	      1911      0.000483
       200	      3827      0.000986
       300	      6086      0.001555
       400	      8676      0.002182
       500	     11200      0.005091
       600	     13768      0.003588
       700	     16457      0.004088
       800	     19923      0.005130
       900	     21476      0.005700
      1000	     23841      0.007287
      1100	     26644      0.007891
      1200	     30015      0.008611
      1300	     31711      0.011308
      1400	     33752      0.008256
      1500	     36668      0.013835
      1600	     39180      0.013643
      1700	     42985      0.010401
      1800	     47066      0.013242
      1900	     47906      0.011772
      2000	     50623      0.012751
      2100	     54408      0.014957
      2200	     59483      0.014357
      2300	     61588      0.014769
      2400	     61640      0.015039
      2500	     64394      0.015867
      2600	     68610      0.016394
      2700	     75708      0.017793
      2800	     74004      0.035624
      2900	     79100      0.041417
      3000	     84315      0.039154
      3100	     84107      0.043912
      3200	     86603      0.045596
      3300	     91953      0.030815
      3400	     90750      0.021622
      3500	     95149      0.022749
      3600	    100983      0.023849
      3700	     99901      0.029308
      3800	    103233      0.024606
      3900	    106157      0.026459
      4000	    109031      0.026276
      4100	    113888      0.029900
      4200	    117908      0.029108
      4300	    120412      0.057367
      4400	    123236      0.063146
      4500	    127140      0.081551
      4600	    126828      0.066681
      4700	    139742      0.063467
      4800	    134488      0.065790
      4900	    135128      0.082221
      5000	    136251      0.033264
       100	      1705      0.000444
       200	      3914      0.000977
       300	      6206      0.001556
       400	      8432      0.002081
       500	     10898      0.002815
       600	     13111      0.003636
       700	     17450      0.005477
       800	     18509      0.005408
       900	     20905      0.005077
      1000	     24003      0.007322
      1100	     26572      0.007836
      1200	     29161      0.013782
      1300	     32385      0.009348
      1400	     35967      0.009390
      1500	     36966      0.019211
      1600	     41919      0.010138
      1700	     42071      0.020994
      1800	     46107      0.022401
      1900	     47018      0.026428
      2000	     51722      0.028528
      2100	     54025      0.024095
      2200	     57417      0.024601
      2300	     60254      0.027893
      2400	     66142      0.026493
      2500	     64888      0.030191
      2600	     70069      0.029343
      2700	     71893      0.028015
      2800	     72971      0.038083
      2900	     79736      0.043848
      3000	     80731      0.064352
      3100	     83055      0.020429
      3200	     86254      0.020578
      3300	     89164      0.021708
      3400	     92290      0.023123
      3500	     92743      0.024633
      3600	     96254      0.023199
      3700	    100967      0.029658
      3800	    103280      0.024199
      3900	    106998      0.025711
      4000	    112987      0.027876
      4100	    116700      0.027745
      4200	    114183      0.031359
      4300	    122783      0.029807
      4400	    124392      0.030397
      4500	    127293      0.041802
      4600	    129101      0.032660
      4700	    130356      0.032668
      4800	    136559      0.043883
      4900	    134760      0.033064
      5000	    140078      0.034249
       100	      1840      0.000486
       200	      3918      0.001231
       300	      6074      0.001798
       400	      8716      0.002144
       500	     10764      0.002899
       600	     12973      0.003275
       700	     15388      0.004280
       800	     18104      0.004401
       900	     20570      0.007187
      1000	     23645      0.005767
      1100	     26377      0.006950
      1200	     28738      0.007381
      1300	     32462      0.007715
      1400	     34386      0.008963
      1500	     38913      0.010290
      1600	     40072      0.009621
      1700	     42708      0.014113
      1800	     47197      0.011229
      1900	     50345      0.012661
      2000	     51575      0.012854
      2100	     53810      0.013367
      2200	     55389      0.013450
      2300	     58805      0.014306
      2400	     64127      0.017376
      2500	     65568      0.015739
      2600	     69916      0.016762
      2700	     70494      0.017484
      2800	     73903      0.019534
      2900	     76308      0.018491
      3000	     84267      0.061044
      3100	     82135      0.023616
      3200	     84875      0.020615
      3300	     88421      0.023154
      3400	     92739      0.021901
      3500	     95069      0.022948
      3600	     95785      0.022845
      3700	    102748      0.031634
      3800	    102729      0.024872
      3900	    113381      0.027976
      4000	    105925      0.027194
      4100	    111550      0.027193
      4200	    116451      0.028308
      4300	    120227      0.029449
      4400	    120472      0.033376
      4500	    129046      0.030918
      4600	    129542      0.032303
      4700	    132394      0.047251
      4800	    131813      0.032528
      4900	    142583      0.034895
      5000	    136917      0.032918
       100	      1791      0.000472
       200	      4131      0.001019
       300	      6127      0.001457
       400	      8300      0.002083
       500	     10910      0.003420
       600	     13354      0.004757
       700	     15739      0.004020
       800	     18274      0.004563
       900	     21974      0.005346
      1000	     23454      0.006290
      1100	     27133      0.006920
      1200	     28458      0.006906
      1300	     32053      0.012825
      1400	     34418      0.008667
      1500	     38193      0.010758
      1600	     40074      0.010673
      1700	     42490      0.010470
      1800	     46066      0.012209
      1900	     47823      0.012591
      2000	     50438      0.013897
      2100	     55108      0.013361
      2200	     57607      0.013853
      2300	     62382      0.015109
      2400	     63772      0.015131
      2500	     64895      0.016212
      2600	     67234      0.016709
      2700	     73166      0.017294
      2800	     72488      0.017609
      2900	     76638      0.018678
      3000	     79022      0.019504
      3100	     88862      0.020958
      3200	     85055      0.020378
      3300	     89647      0.022377
      3400	     92922      0.022977
      3500	     94329      0.032124
      3600	     99661      0.025317
      3700	    101096      0.024049
      3800	    105427      0.025211
      3900	    103589      0.025283
      4000	    106946      0.029893
      4100	    112971      0.029768
      4200	    117586      0.029253
      4300	    121691      0.030173
      4400	    124771      0.030417
      4500	    129638      0.030623
      4600	    127945      0.040121
      4700	    129108      0.031512
      4800	    131581      0.031896
      4900	    137752      0.058571
      5000	    145025      0.034002
       100	      1772      0.000447
       200	      3898      0.001085
       300	      6101      0.001505
       400	      8258      0.002062
       500	     10623      0.003335
       600	     13697      0.003500
       700	     16163      0.004846
       800	     19214      0.004900
       900	     21883      0.009988
      1000	     24866      0.005930
      1100	     26343      0.007889
      1200	     30279      0.009144
      1300	     32323      0.009293
      1400	     34767      0.009896
      1500	     36030      0.009108
      1600	     38769      0.010351
      1700	     42479      0.010433
      1800	     48049      0.012502
      1900	     49647      0.011888
      2000	     51794      0.014064
      2100	     55331      0.013191
      2200	     56229      0.013853
      2300	     61151      0.014577
      2400	     62405      0.015645
      2500	     64365      0.015845
      2600	     69085      0.017881
      2700	     75111      0.017875
      2800	     72563      0.017685
      2900	     77981      0.018658
      3000	     80537      0.021450
      3100	     84695      0.030309
      3200	     87073      0.020739
      3300	     86957      0.021332
      3400	     91127      0.022194
      3500	    100569      0.043363
      3600	     98714      0.022944
      3700	    106813      0.024791
      3800	    103892      0.025022
      3900	    106444      0.027038
      4000	    113426      0.027133
      4100	    114670      0.027164
      4200	    114558      0.034383
      4300	    117302      0.028251
      4400	    123346      0.029376
      4500	    125620      0.030196
      4600	    126268      0.032600
      4700	    134873      0.032227
      4800	    138878      0.033250
      4900	    135915      0.033033
      5000	    139705      0.034884
       100	      1759      0.000447
       200	      3881      0.001010
       300	      6050      0.002031
       400	      8788      0.002165
       500	     10556      0.002663
       600	     13753      0.003639
       700	     15813      0.004074
       800	     18766      0.006233
       900	     21185      0.005712
      1000	     24024      0.006120
      1100	     27119      0.006480
      1200	     28548      0.006946
      1300	     33968      0.008555
      1400	     34460      0.008724
      1500	     36228      0.009709
      1600	     41616      0.010557
      1700	     41977      0.010354
      1800	     46367      0.013119
      1900	     47643      0.011900
      2000	     50571      0.012639
      2100	     53628      0.021659
      2200	     57520      0.025088
      2300	     59111      0.014747
      2400	     62150      0.015631
      2500	     65811      0.015917
      2600	     66164      0.025538
      2700	     71560      0.018802
      2800	     72880      0.017619
      2900	     79885      0.021608
      3000	     80616      0.019479
      3100	     83872      0.020149
      3200	     89053      0.042274
      3300	     91175      0.042559
      3400	     95918      0.055987
      3500	     96609      0.048932
      3600	     98987      0.045470
      3700	     98526      0.041674
      3800	    106847      0.029384
      3900	    110778      0.026673
      4000	    110246      0.027761
      4100	    115319      0.027497
      4200	    115672      0.027995
      4300	    124656      0.029999
      4400	    121725      0.031507
      4500	    124993      0.030325
      4600	    126084      0.031066
      4700	    129415      0.031544
      4800	    133515      0.035038
      4900	    135563      0.034483
      5000	    140914      0.035473
       100	      1794      0.000434
       200	      3833      0.000964
       300	      6651      0.001549
       400	      8745      0.002117
       500	     10814      0.003628
       600	     13649      0.003432
       700	     16617      0.003966
       800	     18229      0.004457
       900	     20875      0.005422
      1000	     23660      0.007148
      1100	     26129      0.006872
      1200	     28850      0.007071
      1300	     30959      0.007472
      1400	     35519      0.010263
      1500	     37511      0.009219
      1600	     40733      0.010929
      1700	     47674      0.011275
      1800	     46385      0.011456
      1900	     47746      0.012044
      2000	     53057      0.013554
      2100	     54344      0.013228
      2200	     61077      0.014579
      2300	     60053      0.014329
      2400	     60611      0.015176
      2500	     64997      0.016686
      2600	     68873      0.016564
      2700	     71787      0.017628
      2800	     76413      0.019161
      2900	     76424      0.018934
      3000	     81089      0.021520
      3100	     82360      0.019743
      3200	     83628      0.020585
      3300	     88872      0.021116
      3400	     90106      0.022201
      3500	     96344      0.023445
      3600	     94721      0.023781
      3700	    102594      0.024786
      3800	    104484      0.025160
      3900	    104674      0.026195
      4000	    113622      0.028041
      4100	    112927      0.026981
      4200	    113801      0.034345
      4300	    121358      0.030235
      4400	    120545      0.030023
      4500	    124634      0.029855
      4600	    128422      0.031606
      4700	    128454      0.032146
      4800	    137391      0.035969
      4900	    134514      0.033332
      5000	    143856      0.033985
       100	      1750      0.000457
       200	      3737      0.000973
       300	      6222      0.001550
       400	      8725      0.002151
       500	     10993      0.002961
       600	     13488      0.004737
       700	     16036      0.004039
       800	     18461      0.004790
       900	     21024      0.005061
      1000	     24168      0.007535
      1100	     26220      0.006374
      1200	     28931      0.007308
      1300	     30897      0.009153
      1400	     33576      0.008269
      1500	     36832      0.009564
      1600	     40156      0.009922
      1700	     43830      0.010440
      1800	     46906      0.011620
      1900	     47213      0.012656
      2000	     50224      0.013250
      2100	     53418      0.013468
      2200	     57662      0.016295
      2300	     61887      0.015461
      2400	     62098      0.015101
      2500	     65567      0.016243
      2600	     70636      0.017307
      2700	     70449      0.018076
      2800	     72915      0.018138
      2900	     75986      0.018831
      3000	     81336      0.020028
      3100	     81042      0.019574
      3200	     88032      0.021045
      3300	     89277      0.021895
      3400	     90014      0.029386
      3500	     93780      0.022665
      3600	    100455      0.025069
      3700	     98286      0.023628
      3800	    101215      0.027669
      3900	    105191      0.026614
      4000	    109742      0.026407
      4100	    110181      0.027030
      4200	    114921      0.028768
      4300	    117473      0.028790
      4400	    124802      0.030481
      4500	    125662      0.030640
      4600	    127983      0.041642
      4700	    132295      0.031171
      4800	    137484      0.032858
      4900	    136982      0.033289
      5000	    142484      0.033989
       100	      1752      0.000453
       200	      4146      0.001036
       300	      6238      0.001587
       400	      8534      0.002060
       500	     11022      0.003723
       600	     13602      0.003407
       700	     16001      0.004533
       800	     19165      0.004661
       900	     20357      0.006302
      1000	     23447      0.005833
      1100	     27333      0.007117
      1200	     28059      0.007422
      1300	     33265      0.008058
      1400	     34091      0.008435
      1500	     37314      0.009228
      1600	     39666      0.014879
      1700	     41918      0.011175
      1800	     47886      0.011515
      1900	     47322      0.012473
      2000	     52252      0.013431
      2100	     55112      0.013491
      2200	     57190      0.014089
      2300	     60756      0.014675
      2400	     63360      0.015385
      2500	     69443      0.016243
      2600	     69183      0.016914
      2700	     72395      0.017461
      2800	     75489      0.021003
      2900	     78979      0.020956
      3000	     79456      0.028118
      3100	     83020      0.020057
      3200	     85088      0.020178
      3300	     91841      0.021789
      3400	     97368      0.022757
      3500	     92390      0.022212
      3600	     95736      0.022914
      3700	    106088      0.026206
      3800	    102807      0.024883
      3900	    106067      0.027679
      4000	    110255      0.026796
      4100	    111705      0.038380
      4200	    115438      0.030257
      4300	    122600      0.029089
      4400	    123548      0.029357
      4500	    122129      0.029808
      4600	    126218      0.030878
      4700	    131531      0.031953
      4800	    138133      0.038943
      4900	    137876      0.033190
      5000	    138710      0.041018
       100	      1779      0.000460
       200	      3797      0.000994
       300	      5967      0.001475
       400	      8410      0.002116
       500	     10988      0.003656
       600	     13823      0.005017
       700	     15684      0.003906
       800	     18447      0.004706
       900	     21300      0.006456
      1000	     24187      0.006526
      1100	     26778      0.007411
      1200	     29018      0.007425
      1300	     33019      0.009166
      1400	     33773      0.008325
      1500	     37487      0.016301
      1600	     43636      0.011082
      1700	     44859      0.010696
      1800	     46171      0.012044
      1900	     50234      0.012013
      2000	     50415      0.012847
      2100	     55102      0.013118
      2200	     58991      0.028326
      2300	     58620      0.014370
      2400	     63860      0.016859
      2500	     66552      0.015671
      2600	     67461      0.016326
      2700	     69481      0.016689
      2800	     74865      0.018172
      2900	     76694      0.018369
      3000	     82750      0.019443
      3100	     85587      0.020324
      3200	     86354      0.020693
      3300	     90944      0.028740
      3400	     91544      0.024593
      3500	     92374      0.022503
      3600	     95943      0.023201
      3700	    102830      0.027285
      3800	    101349      0.024956
      3900	    105469      0.026434
      4000	    113359      0.027258
      4100	    112466      0.027405
      4200	    116849      0.028141
      4300	    117003      0.028273
      4400	    123296      0.031692
      4500	    123430      0.029165
      4600	    126511      0.030169
      4700	    129711      0.038067
      4800	    140587      0.033964
      4900	    137298      0.042179
      5000	    143412      0.037921
       100	      1856      0.000504
       200	      3828      0.001217
       300	      6123      0.001592
       400	      8605      0.002707
       500	     11597      0.002796
       600	     13679      0.003456
       700	     15797      0.003902
       800	     18785      0.005139
       900	     21321      0.006557
      1000	     23683      0.005767
      1100	     26176      0.006886
      1200	     30169      0.007887
      1300	     31601      0.008220
      1400	     34652      0.011959
      1500	     39139      0.009679
      1600	     40822      0.010297
      1700	     44520      0.010969
      1800	     45427      0.011433
      1900	     49350      0.011966
      2000	     50759      0.013454
      2100	     54841      0.013453
      2200	     56571      0.015307
      2300	     59268      0.014255
      2400	     66372      0.015686
      2500	     63871      0.015510
      2600	     70520      0.017532
      2700	     72682      0.025882
      2800	     75326      0.017830
      2900	     76974      0.039932
      3000	     82071      0.019768
      3100	     86104      0.020318
      3200	     87866      0.025424
      3300	     88673      0.021254
      3400	     92559      0.022130
      3500	     96573      0.022994
      3600	     98127      0.023393
      3700	    101933      0.060531
      3800	    103203      0.061202
      3900	    105986      0.050515
      4000	    107131      0.055775
      4100	    115669      0.055711
      4200	    119096      0.028012
      4300	    122728      0.028940
      4400	    123510      0.029754
      4500	    128739      0.032717
      4600	    126497      0.031704
      4700	    132766      0.032427
      4800	    136825      0.034809
      4900	    142143      0.033542
      5000	    143912      0.034033
       100	      1965      0.000527
       200	      3919      0.000964
       300	      6049      0.001503
       400	      8473      0.002081
       500	     11471      0.003614
       600	     13353      0.005521
       700	     16540      0.005082
       800	     18960      0.004851
       900	     21213      0.006431
      1000	     23298      0.005790
      1100	     25954      0.006870
      1200	     29090      0.008116
      1300	     32350      0.008014
      1400	     33398      0.008237
      1500	     36663      0.010288
      1600	     40417      0.010246
      1700	     43266      0.010791
      1800	     45023      0.011270
      1900	     50391      0.012348
      2000	     50664      0.014343
      2100	     56556      0.013432
      2200	     56463      0.016924
      2300	     60201      0.014370
      2400	     65524      0.016492
      2500	     65754      0.015732
      2600	     68085      0.016327
      2700	     73406      0.017836
      2800	     72560      0.017650
      2900	     75919      0.021604
      3000	     84448      0.019909
      3100	     83858      0.020128
      3200	     84440      0.020279
      3300	     91293      0.021512
      3400	     94042      0.022441
      3500	     95315      0.031168
      3600	     96567      0.022920
      3700	    100195      0.023718
      3800	    105089      0.024711
      3900	    106090      0.025214
      4000	    109176      0.026851
      4100	    112397      0.026858
      4200	    114828      0.028369
      4300	    116713      0.028701
      4400	    122922      0.049215
      4500	    126458      0.030064
      4600	    127924      0.030735
      4700	    132021      0.032366
      4800	    135369      0.032714
      4900	    135767      0.032630
      5000	    140043      0.033773
       100	      1688      0.000460
       200	      3904      0.000959
       300	      6286      0.001528
       400	      9003      0.002128
       500	     11113      0.002904
       600	     14033      0.003395
       700	     16714      0.004013
       800	     18623      0.004599
       900	     21508      0.005165
      1000	     23113      0.007099
      1100	     26922      0.007984
      1200	     29982      0.008795
      1300	     32501      0.009355
      1400	     36412      0.010671
      1500	     36802      0.009155
      1600	     40215      0.016554
      1700	     40981      0.010096
      1800	     45590      0.011202
      1900	     49701      0.012028
      2000	     52374      0.013007
      2100	     52236      0.012895
      2200	     57286      0.014328
      2300	     58910      0.014698
      2400	     64098      0.025501
      2500	     68051      0.016069
      2600	     68600      0.016568
      2700	     70855      0.017251
      2800	     72411      0.023528
      2900	     76956      0.019092
      3000	     80989      0.019504
      3100	     84154      0.019899
      3200	     85908      0.020721
      3300	     87972      0.021162
      3400	     91586      0.022314
      3500	     98821      0.023255
      3600	     96239      0.023573
      3700	    100931      0.024081
      3800	    103583      0.028424
      3900	    117114      0.028801
      4000	    110479      0.026720
      4100	    117040      0.030137
      4200	    116241      0.027740
      4300	    116668      0.028136
      4400	    119746      0.029336
      4500	    125441      0.031135
      4600	    132604      0.031796
      4700	    133104      0.032485
      4800	    132710      0.032385
      4900	    139380      0.033549
      5000	    140967      0.042076
       100	      1738      0.000485
       200	      3926      0.000985
       300	      6135      0.001525
       400	      8438      0.002095
       500	     11684      0.003761
       600	     13526      0.004767
       700	     15661      0.003792
       800	     18931      0.004708
       900	     21725      0.006588
      1000	     24933      0.006507
      1100	     26177      0.007183
      1200	     29148      0.007643
      1300	     31729      0.008196
      1400	     34222      0.008476
      1500	     38011      0.009686
      1600	     41789      0.010546
      1700	     43762      0.017044
      1800	     45052      0.011424
      1900	     48766      0.011936
      2000	     49810      0.013784
      2100	     54541      0.013271
      2200	     55067      0.013831
      2300	     57289      0.015347
      2400	     61897      0.015777
      2500	     66511      0.016578
      2600	     68994      0.016897
      2700	     70920      0.018664
      2800	     72991      0.023524
      2900	     76040      0.018418
      3000	     86634      0.019933
      3100	     89150      0.020484
      3200	     93637      0.023023
      3300	     87714      0.021337
      3400	     93805      0.021861
      3500	     97103      0.023121
      3600	     96348      0.024558
      3700	    101051      0.024414
      3800	    105321      0.024877
      3900	    108993      0.026941
      4000	    111668      0.027393
      4100	    111380      0.031652
      4200	    119265      0.029057
      4300	    120114      0.028804
      4400	    121669      0.029001
      4500	    130040      0.030742
      4600	    128565      0.030902
      4700	    132156      0.032608
      4800	    138687      0.038627
      4900	    142955      0.035200
      5000	    145888      0.034690
       100	      1750      0.000435
       200	      3863      0.000926
       300	      5957      0.001539
       400	      8357      0.002131
       500	     10891      0.003453
       600	     13681      0.003335
       700	     16282      0.004036
       800	     18310      0.004643
       900	     20731      0.005220
      1000	     23633      0.006284
      1100	     26084      0.007003
      1200	     28819      0.007839
      1300	     32023      0.008172
      1400	     35994      0.011009
      1500	     36863      0.008998
      1600	     40743      0.009826
      1700	     44298      0.010597
      1800	     47063      0.011988
      1900	     46941      0.012461
      2000	     51232      0.012952
      2100	     55505      0.020086
      2200	     57599      0.013941
      2300	     61552      0.014727
      2400	     61186      0.015868
      2500	     65662      0.016884
      2600	     66942      0.016752
      2700	     69137      0.018536
      2800	     73374      0.017700
      2900	     79288      0.019521
      3000	     79562      0.021526
      3100	     86124      0.020457
      3200	     85512      0.022388
      3300	     87941      0.021009
      3400	     90083      0.021528
      3500	     95669      0.023343
      3600	    102746      0.025303
      3700	    101630      0.024223
      3800	    104370      0.024614
      3900	    105082      0.025064
      4000	    110604      0.026873
      4100	    113741      0.028093
      4200	    115571      0.027863
      4300	    119940      0.035975
      4400	    128705      0.030644
      4500	    127242      0.030856
      4600	    126207      0.040580
      4700	    130404      0.033505
      4800	    135475      0.034907
      4900	    135427      0.041987
      5000	    137882      0.037938
       100	      1657      0.001938
       200	      4084      0.001037
       300	      6090      0.001516
       400	      8703      0.002134
       500	     10858      0.004049
       600	     12970      0.003308
       700	     15807      0.005259
       800	     19199      0.004807
       900	     21976      0.005704
      1000	     23432      0.007288
      1100	     27337      0.006823
      1200	     28860      0.007396
      1300	     32135      0.008021
      1400	     34527      0.009038
      1500	     36830      0.008860
      1600	     40695      0.010365
      1700	     45241      0.011168
      1800	     46439      0.011031
      1900	     48032      0.012528
      2000	     50288      0.013144
      2100	     54025      0.014970
      2200	     58556      0.013833
      2300	     58765      0.014186
      2400	     62562      0.014995
      2500	     66277      0.016286
      2600	     68338      0.018865
      2700	     70065      0.017566
      2800	     73001      0.018435
      2900	     76592      0.018666
      3000	     80191      0.019981
      3100	     80380      0.020951
      3200	     83768      0.020789
      3300	     88045      0.021982
      3400	     92407      0.022613
      3500	     94286      0.028969
      3600	     98009      0.040966
      3700	    101768      0.024552
      3800	    103226      0.024498
      3900	    110484      0.026895
      4000	    111310      0.025872
      4100	    112866      0.027008
      4200	    114291      0.033296
      4300	    122598      0.061273
      4400	    118187      0.078555
      4500	    122283      0.058955
      4600	    125694      0.063924
      4700	    131058      0.031533
      4800	    135260      0.031994
      4900	    140860      0.035889
      5000	    137079      0.033080
       100	      1641      0.000432
       200	      3989      0.000970
       300	      6133      0.001509
       400	      8879      0.002156
       500	     11033      0.003538
       600	     13337      0.003399
       700	     15400      0.003807
       800	     18486      0.004583
       900	     21074      0.005021
      1000	     23170      0.006310
      1100	     27302      0.006543
      1200	     28455      0.007923
      1300	     31642      0.008642
      1400	     36300      0.009242
      1500	     37200      0.008884
      1600	     40580      0.023198
      1700	     43484      0.010617
      1800	     45683      0.011974
      1900	     48465      0.011784
      2000	     50220      0.013084
      2100	     54191      0.013031
      2200	     58069      0.014205
      2300	     64128      0.019955
      2400	     61255      0.014821
      2500	     65053      0.015847
      2600	     71443      0.017072
      2700	     73808      0.017468
      2800	     74250      0.017636
      2900	     78662      0.018900
      3000	     79730      0.019999
      3100	     82079      0.020019
      3200	     92526      0.021469
      3300	     89329      0.028411
      3400	     94579      0.023489
      3500	     96015      0.023198
      3600	     96802      0.024509
      3700	     99334      0.029909
      3800	    104296      0.025169
      3900	    107903      0.026551
      4000	    109261      0.027311
      4100	    111627      0.027945
      4200	    119407      0.028702
      4300	    119538      0.028599
      4400	    121635      0.038915
      4500	    128046      0.032073
      4600	    127393      0.030814
      4700	    130108      0.038378
      4800	    132908      0.032866
      4900	    139852      0.033459
      5000	    138088      0.040224
       100	      1723      0.000521
       200	      3756      0.001036
       300	      6768      0.001867
       400	      8494      0.002401
       500	     10607      0.003142
       600	     13757      0.003908
       700	     16613      0.009298
       800	     19200      0.005118
       900	     20973      0.007169
      1000	     23822      0.006025
      1100	     26035      0.006451
      1200	     28863      0.007506
      1300	     31345      0.007878
      1400	     35177      0.009018
      1500	     40615      0.010084
      1600	     39944      0.010795
      1700	     43959      0.012290
      1800	     44008      0.011640
      1900	     49027      0.014741
      2000	     51028      0.012560
      2100	     54240      0.014721
      2200	     56371      0.016061
      2300	     59262      0.014570
      2400	     62161      0.015332
      2500	     64640      0.015696
      2600	     67524      0.016150
      2700	     71920      0.018982
      2800	     78571      0.030700
      2900	     81504      0.019348
      3000	     80484      0.019352
      3100	     84232      0.019950
      3200	     84664      0.020546
      3300	     91810      0.021865
      3400	     90620      0.021673
      3500	     98400      0.023039
      3600	     97295      0.023403
      3700	    104751      0.024774
      3800	    103958      0.024734
      3900	    108895      0.025545
      4000	    110647      0.030352
      4100	    113437      0.027041
      4200	    111728      0.027797
      4300	    121025      0.028850
      4400	    122853      0.029543
      4500	    123434      0.029499
      4600	    129255      0.031982
      4700	    129568      0.030787
      4800	    134084      0.032560
      4900	    137417      0.032720
      5000	    141663      0.035485
       100	      1848      0.000495
       200	      3817      0.000957
       300	      6229      0.001519
       400	      8651      0.002164
       500	     11401      0.002756
       600	     13340      0.003727
       700	     15630      0.004318
       800	     18026      0.004406
       900	     21268      0.006429
      1000	     23479      0.005783
      1100	     26381      0.007041
      1200	     29364      0.014781
      1300	     31702      0.007695
      1400	     33800      0.009563
      1500	     37243      0.009037
      1600	     40203      0.010862
      1700	     41777      0.033931
      1800	     47053      0.012184
      1900	     49171      0.012279
      2000	     52496      0.012898
      2100	     55125      0.013465
      2200	     57123      0.013759
      2300	     58863      0.014112
      2400	     62141      0.015261
      2500	     65834      0.015645
      2600	     68658      0.016324
      2700	     69858      0.017603
      2800	     75100      0.017711
      2900	     75582      0.018070
      3000	     86914      0.019944
      3100	     84233      0.019854
      3200	     87698      0.020890
      3300	     90733      0.021545
      3400	     93196      0.022532
      3500	     98849      0.023180
      3600	     99786      0.024562
      3700	    103362      0.024571
      3800	    103109      0.024916
      3900	    107094      0.026659
      4000	    111684      0.026507
      4100	    117477      0.031787
      4200	    118193      0.027973
      4300	    117749      0.031407
      4400	    122034      0.030674
      4500	    121851      0.035253
      4600	    128728      0.033862
      4700	    129656      0.031990
      4800	    137857      0.033265
      4900	    135379      0.034810
      5000	    138548      0.039715
       100	      1766      0.000471
       200	      3925      0.001019
       300	      6411      0.001537
       400	      8545      0.002166
       500	     11298      0.002912
       600	     13353      0.003753
       700	     16132      0.003962
       800	     18587      0.004572
       900	     21107      0.005445
      1000	     24141      0.007189
      1100	     27939      0.006794
      1200	     28502      0.007168
      1300	     31894      0.009233
      1400	     33910      0.008422
      1500	     36842      0.009061
      1600	     39955      0.010312
      1700	     43861      0.010832
      1800	     45747      0.011428
      1900	     48530      0.012235
      2000	     51535      0.014067
      2100	     53619      0.013180
      2200	     58463      0.014195
      2300	     57794      0.014445
      2400	     63789      0.015153
      2500	     66158      0.016103
      2600	     67232      0.017035
      2700	     70102      0.017520
      2800	     76129      0.017897
      2900	     78992      0.018714
      3000	     78736      0.019591
      3100	     82911      0.023337
      3200	     88122      0.022107
      3300	     87436      0.021320
      3400	     92085      0.043359
      3500	     94622      0.022482
      3600	     97910      0.023969
      3700	    104300      0.024020
      3800	    105621      0.028820
      3900	    105458      0.026003
      4000	    108889      0.026728
      4100	    117479      0.028567
      4200	    112621      0.029090
      4300	    119576      0.033568
      4400	    120511      0.029645
      4500	    121458      0.031498
      4600	    131965      0.040179
      4700	    130952      0.032076
      4800	    143587      0.043982
      4900	    133763      0.032921
      5000	    136035      0.048379
