     100	     513	      69
     200	     767	     164
     300	    1057	     120
     400	    2045	     253
     500	    2803	     267
     600	    3187	     254
     700	    2430	       0
     800	    5058	     327
     900	    4772	     772
    1000	    5740	     142
    1100	    2569	     100
    1200	    4303	     571
    1300	    6481	     388
    1400	    7024	     665
    1500	    6342	    1284
    1600	    6889	     845
    1700	    3081	    1679
    1800	   12201	    1247
    1900	    7266	    1349
    2000	    3929	     102
    2100	    3925	    2076
    2200	   11007	    1309
    2300	   14003	    1313
    2400	    8817	    1704
    2500	   12010	    2024
    2600	   11197	    1265
    2700	   10897	     609
    2800	   14147	     860
    2900	   10437	    2053
    3000	   10440	    2426
    3100	   14804	     116
    3200	   12300	    1966
    3300	   17023	    1982
    3400	   20594	     694
    3500	    9958	    2919
    3600	   15103	    2781
    3700	   11965	    3551
    3800	   22603	    2795
    3900	   14992	    2816
    4000	   19113	    1212
    4100	   21329	    1163
    4200	   23132	    1554
    4300	   15354	    3206
    4400	   15128	    3688
    4500	   14743	    2532
    4600	   20556	    2733
    4700	   20835	    2234
    4800	   25451	    2251
    4900	   15597	    1435
    5000	   24071	    2801
    5100	   17560	    2259
    5200	   36560	    3268
    5300	   27658	    2026
    5400	   32238	    3361
    5500	   17612	     819
    5600	   21438	    2429
    5700	   31867	    4268
    5800	   37200	    2030
    5900	   41582	    1475
    6000	   12859	    5786
    6100	   28069	    2310
    6200	   13649	    5700
    6300	   31045	    3285
    6400	   31791	    2172
    6500	   11556	    6367
    6600	   35381	    2290
    6700	   33742	    3074
    6800	   28547	    6333
    6900	   26923	    6811
    7000	   37581	    6412
    7100	   22346	    1870
    7200	   35551	    2883
    7300	   37732	    5430
    7400	   35905	    2285
    7500	   18668	      28
    7600	   19373	    6750
    7700	   34094	    1746
    7800	   21434	     341
    7900	   31453	    1714
    8000	   35563	    4677
    8100	   13848	     372
    8200	   32215	    7619
    8300	   19812	    7183
    8400	   37453	    1669
    8500	   64020	    5738
    8600	   35538	    2244
    8700	   26914	    8690
    8800	   44707	    4423
    8900	   26125	    8722
    9000	   33865	    1842
    9100	   43053	    6585
    9200	   33501	    6238
    9300	   28820	    4992
    9400	   37096	    6623
    9500	   24059	    2003
    9600	   47092	    4137
    9700	   35713	    4638
    9800	   39821	    6057
    9900	   46940	    9395
   10000	   38900	    3689
     100	     263	       6
     200	    1103	     114
     300	    1650	     202
     400	    1615	      63
     500	    1735	      44
     600	    2193	      36
     700	    4329	     176
     800	    2022	     114
     900	    4110	     688
    1000	    3740	     583
    1100	    4493	     463
    1200	    8430	     395
    1300	    5315	      12
    1400	    8190	     441
    1500	    6519	     970
    1600	    6191	     659
    1700	    8535	    1211
    1800	    9593	    1324
    1900	    7950	     249
    2000	    8295	    1425
    2100	    6241	     331
    2200	    6145	     418
    2300	   10563	    1835
    2400	    7557	     620
    2500	   12493	    1439
    2600	   16280	    1633
    2700	    7161	      93
    2800	   15341	    1299
    2900	   15284	    1380
    3000	   14101	    1251
    3100	   15311	     974
    3200	   16193	    2337
    3300	   13903	    3185
    3400	   12557	    1728
    3500	    6768	     385
    3600	    8956	     857
    3700	   12199	    1166
    3800	   16979	    2080
    3900	   10916	    2688
    4000	   16154	    1587
    4100	   17967	    3695
    4200	   14774	     205
    4300	    9346	     277
    4400	   13363	    3421
    4500	   28166	    2135
    4600	    9054	     374
    4700	   20949	    1743
    4800	   13056	    4147
    4900	   11570	    2871
    5000	   26627	    3227
    5100	   23345	    1313
    5200	    9543	     474
    5300	   16676	    4801
    5400	   18319	     727
    5500	   14695	     556
    5600	   19547	     614
    5700	   18732	     531
    5800	   25490	    2341
    5900	   10027	     398
    6000	   23727	      50
    6100	   29592	    5935
    6200	   24749	    1191
    6300	   23796	     302
    6400	   23753	    5574
    6500	   14217	     195
    6600	   27509	    3743
    6700	   23016	    5482
    6800	   15477	    5121
    6900	   21986	    1259
    7000	   18692	    2529
    7100	   15921	     428
    7200	   22928	    6400
    7300	   20321	    1911
    7400	   30094	    4221
    7500	   30955	    5903
    7600	   40910	    2197
    7700	   26430	    6702
    7800	   40928	    3570
    7900	   38050	    3013
    8000	   40380	    4559
    8100	   34926	    1740
    8200	   45180	    1981
    8300	   28311	    7327
    8400	   23653	    4841
    8500	   48019	    6007
    8600	   38364	    1832
    8700	   31651	    7405
    8800	   46842	    5133
    8900	   31896	    3264
    9000	   43247	    4697
    9100	   28748	    6866
    9200	   51915	    2278
    9300	   19826	      48
    9400	   22377	    1274
    9500	   52753	    3605
    9600	   56414	    6739
    9700	   50439	    2304
    9800	   49764	    4797
    9900	   28864	     460
   10000	   47984	    4043
     100	     466	      95
     200	    1137	     176
     300	    1519	      47
     400	    2521	      78
     500	    2062	     449
     600	    3045	     422
     700	    2231	     147
     800	    3425	     356
     900	    2771	     752
    1000	    3445	     734
    1100	    3337	     780
    1200	    6774	     261
    1300	    6272	     317
    1400	    4403	     748
    1500	    4489	     542
    1600	    6162	      22
    1700	    6976	     760
    1800	    9156	    1297
    1900	    9551	     863
    2000	   14507	    1268
    2100	    7587	    1654
    2200	   11522	     676
    2300	   11723	     703
    2400	   10000	    1499
    2500	   10770	    1422
    2600	   11429	     484
    2700	    9935	    1430
    2800	    9600	    1451
    2900	    6722	     120
    3000	   18594	    2065
    3100	   16310	     109
    3200	    7532	    2017
    3300	    8873	    2730
    3400	    9803	    2257
    3500	   13887	    1983
    3600	   14799	     683
    3700	   18422	    1979
    3800	   22923	    2894
    3900	   12994	     391
    4000	   10910	    1870
    4100	   13273	     720
    4200	   17621	    1779
    4300	   21409	    1821
    4400	   17853	    2404
    4500	    8987	     105
    4600	   19562	    4527
    4700	   17872	    2745
    4800	   19222	    2531
    4900	   23424	    1100
    5000	   14958	    4387
    5100	   34534	    3549
    5200	   28689	     858
    5300	   17617	    2478
    5400	   28383	    3667
    5500	   22097	    3702
    5600	   37523	    1817
    5700	   19397	    5151
    5800	   18610	    1505
    5900	   45791	    3861
    6000	   29943	    3554
    6100	   21183	    4768
    6200	   16216	    5562
    6300	   17620	     816
    6400	   25287	    4540
    6500	   36031	    2736
    6600	   31343	    3381
    6700	   25567	     882
    6800	   40562	    6024
    6900	   25449	     162
    7000	   20098	    6129
    7100	   37375	    3061
    7200	   39570	    5482
    7300	   15580	     471
    7400	   25582	    6024
    7500	   47438	    1757
    7600	   32979	    2982
    7700	   24763	    2979
    7800	   16917	    5924
    7900	   24300	    1534
    8000	   23412	    1144
    8100	   31245	    4341
    8200	   32026	    5483
    8300	   16340	    1675
    8400	   26662	    2339
    8500	   31016	    8445
    8600	   35083	    5973
    8700	   29827	     372
    8800	   27224	    8799
    8900	   31343	    5778
    9000	   41193	      62
    9100	   27042	    2694
    9200	   25495	    9060
    9300	   35059	    2508
    9400	   27967	    7995
    9500	   37044	    7990
    9600	   20103	     290
    9700	   27011	    5069
    9800	   19103	    9282
    9900	   51597	    1821
   10000	   45041	    1506
     100	     606	      32
     200	     948	     102
     300	    1136	     287
     400	    1710	      33
     500	    1811	     129
     600	    2834	     408
     700	    2163	     536
     800	    2150	      64
     900	    1887	      76
    1000	    3865	     130
    1100	    3092	     971
    1200	    4504	     882
    1300	    5636	     841
    1400	    8423	     500
    1500	    6425	      51
    1600	    4857	     273
    1700	    9425	     498
    1800	    8785	      37
    1900	    4140	      46
    2000	    7314	     867
    2100	   11679	    1537
    2200	   10454	     903
    2300	   10055	    2064
    2400	    9416	    1999
    2500	    8394	    2146
    2600	    9262	     187
    2700	    6805	    2293
    2800	   10598	     259
    2900	   11251	    1149
    3000	   11565	    2283
    3100	    9962	    1391
    3200	   13998	     392
    3300	    9172	    3224
    3400	    8176	    3186
    3500	   13336	    3236
    3600	   16996	    3490
    3700	   16742	    3555
    3800	   19399	     942
    3900	   15835	    3763
    4000	   18691	    1023
    4100	   17353	    1830
    4200	   16271	     787
    4300	   12794	    2477
    4400	   20815	    2065
    4500	   20428	    1979
    4600	   25590	    3088
    4700	   30069	    2753
    4800	   25923	    4075
    4900	    9207	     767
    5000	    9594	    4942
    5100	   31795	    2590
    5200	   19379	    4602
    5300	    9883	    1300
    5400	   25045	    2550
    5500	   20924	    2936
    5600	   37216	    3528
    5700	   31539	    3341
    5800	   33949	    2869
    5900	   16171	    5204
    6000	   26814	    1448
    6100	   22522	     616
    6200	   27206	     175
    6300	   17352	    3286
    6400	   36439	    1020
    6500	   32412	    5252
    6600	   22642	    6468
    6700	   34148	    4992
    6800	   16905	    2417
    6900	   16583	    3016
    7000	   35223	    3177
    7100	   23522	    4031
    7200	   36054	    2662
    7300	   26829	    6672
    7400	   29036	    4535
    7500	   27467	    2187
    7600	   32085	    5337
    7700	   17785	    2153
    7800	   42330	    3852
    7900	   41547	    3344
    8000	   20481	     998
    8100	   36756	    3823
    8200	   56370	    2357
    8300	   27945	    1723
    8400	   48733	    5888
    8500	   63005	    2715
    8600	   33280	     934
    8700	   44641	    5137
    8800	   39468	    2411
    8900	   25529	    5857
    9000	   35823	    8306
    9100	   38263	    1026
    9200	   11960	    8917
    9300	   23599	    9023
    9400	   35279	    3198
    9500	   54330	    5477
    9600	   43598	    1471
    9700	   45982	    7526
    9800	   59603	    6776
    9900	   30819	    8061
   10000	   25377	    9568
     100	     412	      40
     200	     804	      28
     300	     903	     227
     400	    1638	     124
     500	    1453	     230
     600	    3284	     407
     700	    1664	     613
     800	    3112	     349
     900	    3522	     160
    1000	    4869	     921
    1100	    4975	     450
    1200	    8616	     921
    1300	    5197	     202
    1400	    4262	     132
    1500	    6827	    1122
    1600	    5328	    1146
    1700	    3342	    1346
    1800	    8014	    1352
    1900	    5855	     618
    2000	    8835	    1322
    2100	    8985	     217
    2200	    8188	    1077
    2300	   11912	    1727
    2400	    8142	    1276
    2500	    6024	     526
    2600	    9666	    2283
    2700	    6209	     251
    2800	   11601	    1252
    2900	   15649	    1549
    3000	   14927	    1584
    3100	   10169	     782
    3200	   16827	    2447
    3300	   13470	    1592
    3400	   15037	    1974
    3500	   10193	    2616
    3600	   14453	    3256
    3700	   18068	    1481
    3800	    7885	    3520
    3900	   20198	    1213
    4000	   18517	    1379
    4100	   16385	     783
    4200	   10779	    1120
    4300	   12554	    3377
    4400	   16222	    2260
    4500	   33029	    2503
    4600	   23912	    2909
    4700	   22778	    3902
    4800	   19533	    2960
    4900	   22331	    3805
    5000	   11044	     259
    5100	   24795	     613
    5200	   35195	    3387
    5300	   30130	    1118
    5400	   16411	    1425
    5500	   28281	    4382
    5600	   28051	    1965
    5700	   14964	    1480
    5800	   25059	    1618
    5900	   24878	    4920
    6000	   18717	      40
    6100	   25247	     110
    6200	   15414	    5446
    6300	   35072	    5363
    6400	   31240	    2784
    6500	   36215	    5688
    6600	   24347	     994
    6700	   10584	     116
    6800	   20085	    6730
    6900	   23397	    1354
    7000	   28860	    2982
    7100	   17969	     630
    7200	   28459	     400
    7300	   31840	    4962
    7400	   39516	    3741
    7500	   16395	    1371
    7600	   28557	    3560
    7700	   24433	     499
    7800	   31951	    7477
    7900	   37436	    5463
    8000	   16971	    7894
    8100	   30330	    5209
    8200	   44623	    4952
    8300	   24543	    5222
    8400	   18498	    6333
    8500	   34340	    4028
    8600	   24951	    3041
    8700	   17541	     438
    8800	   17862	    8667
    8900	   47666	    4258
    9000	   31434	    8721
    9100	   31400	    7743
    9200	   34514	     873
    9300	   31402	     921
    9400	   49378	     827
    9500	   62900	    4656
    9600	   27686	    4044
    9700	   36112	    5593
    9800	   49894	    6669
    9900	   47894	    4512
   10000	   26759	    4246
     100	     356	      60
     200	    1147	      69
     300	    1449	     214
     400	    1798	     224
     500	    2475	     346
     600	    3710	     301
     700	    2447	      74
     800	    3358	     413
     900	    1535	     871
    1000	    3539	     748
    1100	    3008	     833
    1200	    3681	     157
    1300	    2882	      71
    1400	    4604	     552
    1500	    5423	    1086
    1600	    6790	    1288
    1700	    9907	     770
    1800	    9872	    1183
    1900	   10820	    1308
    2000	    7562	     393
    2100	    7085	    1253
    2200	   11166	    1529
    2300	    6612	     240
    2400	    5037	     299
    2500	    2923	    2486
    2600	   11343	     784
    2700	   12180	    1288
    2800	   10176	    1393
    2900	   12096	    2104
    3000	   11185	    2794
    3100	    5489	    2723
    3200	   16418	    2319
    3300	   15226	    2821
    3400	   14372	     766
    3500	   12376	    1041
    3600	   20740	    1626
    3700	    7465	     154
    3800	   21757	     583
    3900	   15855	    3512
    4000	   14815	    2741
    4100	   19228	     964
    4200	   19217	    2311
    4300	   15496	    3119
    4400	   13161	    3033
    4500	   25958	    2756
    4600	   22331	    2915
    4700	   16526	    2149
    4800	   24065	    1468
    4900	   22605	    3409
    5000	   20608	    3790
    5100	   19437	    4392
    5200	   19657	    2998
    5300	   26914	     965
    5400	   20552	    4077
    5500	   32150	    4467
    5600	   37635	    2478
    5700	   30808	    3975
    5800	   11974	    5703
    5900	   21030	    5137
    6000	   19511	    4707
    6100	   24264	    5313
    6200	   17464	    1391
    6300	   26094	    1247
    6400	   42000	    5980
    6500	   39329	    5451
    6600	    8213	    6351
    6700	   16181	    2279
    6800	   29091	    3561
    6900	   18451	    6145
    7000	   26612	    5167
    7100	   31063	    6756
    7200	   42920	    3502
    7300	   33455	    7272
    7400	   22224	    3044
    7500	   12984	      89
    7600	   26829	    1478
    7700	   22624	      13
    7800	   20069	    2066
    7900	   22341	     806
    8000	   27661	    4260
    8100	   30230	    1778
    8200	   19017	    6647
    8300	   33142	    2871
    8400	   53728	    3262
    8500	   34262	    3245
    8600	   23909	    8403
    8700	   36664	    6949
    8800	   26600	     699
    8900	   51487	    1125
    9000	   36865	    2033
    9100	   30980	    6651
    9200	   45988	    6131
    9300	   17857	    8905
    9400	   30514	    3101
    9500	   34377	    7069
    9600	   29262	    9519
    9700	   34448	    4179
    9800	   33637	     559
    9900	   35519	    1475
   10000	   32686	    5010
     100	     132	      99
     200	     346	       6
     300	    1386	     169
     400	    2098	     201
     500	    2602	     283
     600	    2433	     144
     700	    2290	     629
     800	    1762	      19
     900	    4335	     698
    1000	    3197	     915
    1100	    4556	     550
    1200	    4424	     593
    1300	    7623	     621
    1400	    7608	     338
    1500	    3356	    1375
    1600	    4788	    1522
    1700	    5143	     688
    1800	    9018	     727
    1900	    6920	     621
    2000	    7029	     955
    2100	    3198	     187
    2200	    5232	     198
    2300	    9221	    2246
    2400	    8617	    2071
    2500	    8259	    2393
    2600	    6379	    2078
    2700	    7646	     737
    2800	   14077	    2390
    2900	    8026	    2163
    3000	   14163	    1698
    3100	   13112	    1749
    3200	   13591	    1094
    3300	   13585	     465
    3400	   14299	    1788
    3500	   12083	    2577
    3600	   12549	    1177
    3700	   15241	    1488
    3800	   16254	    1558
    3900	   16843	    1462
    4000	   17203	    1831
    4100	   10300	    2156
    4200	   18707	    3040
    4300	   16930	    3518
    4400	   23444	    2854
    4500	   17304	    1144
    4600	   18391	    1590
    4700	   22850	    3714
    4800	   19361	     110
    4900	   27198	    1715
    5000	   21818	    3097
    5100	   34394	    1940
    5200	   22809	    4743
    5300	   21075	    1155
    5400	   31434	    2333
    5500	   25927	    4558
    5600	   30262	    1857
    5700	   27552	    4337
    5800	   17858	    4438
    5900	   17799	     953
    6000	   27455	     490
    6100	   12671	    4782
    6200	   11896	     928
    6300	   30170	    1664
    6400	   23575	    2502
    6500	   21063	    3318
    6600	   34198	    2793
    6700	   31554	    3435
    6800	   20918	    1297
    6900	   15443	    5422
    7000	   26214	    5364
    7100	   30740	    5044
    7200	   30591	    3098
    7300	   25787	    3849
    7400	   41825	    4307
    7500	   43084	    5427
    7600	   24739	    7353
    7700	   23439	    5517
    7800	   22794	    7063
    7900	   37637	    3317
    8000	   44184	    4947
    8100	   31463	    2284
    8200	   25984	      23
    8300	   23436	    6420
    8400	   24477	     627
    8500	   39422	    2699
    8600	   25007	    7764
    8700	   39368	    3240
    8800	   36138	    8606
    8900	   34816	    6484
    9000	   43805	    5467
    9100	   15747	    1309
    9200	   31002	    1790
    9300	   43374	    2990
    9400	   59760	    2591
    9500	   45939	    8328
    9600	   39447	    9586
    9700	   40033	    6576
    9800	   56231	    5110
    9900	   51487	    7300
   10000	   33043	    4435
     100	     300	       5
     200	     469	      60
     300	    1340	      48
     400	    2039	     131
     500	    1670	      61
     600	    3268	      75
     700	    1694	     577
     800	    3242	     220
     900	    4168	     360
    1000	    5759	     391
    1100	    6213	     668
    1200	    4127	    1089
    1300	    6600	     457
    1400	    9285	     743
    1500	    5689	     886
    1600	    4560	      88
    1700	    4900	    1650
    1800	    4738	     245
    1900	    3646	    1775
    2000	    9981	    1512
    2100	   11306	    1120
    2200	    6894	     228
    2300	    7524	    2258
    2400	    5646	     460
    2500	   14751	     922
    2600	    9352	    1850
    2700	   14626	     549
    2800	    8303	    2567
    2900	   13930	    1097
    3000	   12503	    1230
    3100	   13334	    1584
    3200	   13220	    1653
    3300	   13837	    1347
    3400	   13884	     719
    3500	    7960	    2664
    3600	   10999	    3078
    3700	   12461	     433
    3800	   10426	    2486
    3900	   18432	    1897
    4000	   18629	    2845
    4100	   21222	    2267
    4200	   20047	    1103
    4300	   22872	    2009
    4400	   18306	    2942
    4500	   14685	     480
    4600	    9928	    3208
    4700	   15692	    3898
    4800	   14012	    1206
    4900	   23498	    4829
    5000	   16469	     229
    5100	   24061	     505
    5200	   21053	    1233
    5300	   15839	     819
    5400	   26392	    3640
    5500	   30506	    2977
    5600	   23164	    5529
    5700	    8861	    5352
    5800	   21909	    3870
    5900	   12949	    5121
    6000	   28464	    1719
    6100	   18181	    3723
    6200	   34559	    2907
    6300	   10728	    5835
    6400	   20092	    6195
    6500	   21099	    3488
    6600	   35951	    4248
    6700	   27773	    5710
    6800	   19078	    1405
    6900	   29243	    4429
    7000	   23412	    6803
    7100	   18547	     847
    7200	   44507	    5457
    7300	   24333	    3508
    7400	   29252	    6160
    7500	   29939	    3927
    7600	   18344	    7111
    7700	   25223	     956
    7800	   24467	    2897
    7900	   42589	    2312
    8000	   25152	     798
    8100	   43382	    6519
    8200	   26559	    2325
    8300	   27767	     493
    8400	   20508	    7096
    8500	   43514	    5675
    8600	   48837	    5898
    8700	   24570	    3790
    8800	   45303	    4211
    8900	   27046	    6117
    9000	   28073	    2334
    9100	   39535	    7894
    9200	   30600	     465
    9300	   37147	     905
    9400	   14548	    1275
    9500	   36140	    3402
    9600	   38955	    7928
    9700	   29732	    8851
    9800	   71245	    7371
    9900	   46535	    7581
   10000	   42002	     362
     100	     251	       7
     200	     890	      80
     300	    1488	     118
     400	    2576	     168
     500	    2407	     257
     600	    3137	     490
     700	    1312	     674
     800	    3453	     516
     900	    7459	     381
    1000	    5993	     656
    1100	    4072	     101
    1200	    3955	     298
    1300	    3571	    1209
    1400	    2767	    1312
    1500	    8876	    1326
    1600	    5050	     892
    1700	   11687	    1271
    1800	    6838	    1438
    1900	    5565	    1894
    2000	    7704	     800
    2100	    6718	     998
    2200	    9361	     300
    2300	    7328	      82
    2400	    8658	     491
    2500	   11781	     385
    2600	    9301	     263
    2700	   12910	     191
    2800	    5873	      23
    2900	   16431	    1146
    3000	   13457	    1932
    3100	   14568	    1863
    3200	   18000	    2271
    3300	   19382	    1958
    3400	   19395	    2161
    3500	   10653	     725
    3600	   14221	    2153
    3700	   18959	    3063
    3800	   13058	    2222
    3900	   14632	    3788
    4000	   11423	     369
    4100	   20712	    3017
    4200	   15312	    3392
    4300	   19967	    2576
    4400	   24408	    3222
    4500	   11657	    1837
    4600	   11872	    1421
    4700	   26506	    3834
    4800	   33057	    2778
    4900	   17416	    4724
    5000	   17917	     248
    5100	   34876	    3871
    5200	   20486	    1749
    5300	   12783	    3569
    5400	   14324	    5047
    5500	   19496	     896
    5600	   30967	    1883
    5700	   29449	    4284
    5800	   19448	    3434
    5900	    7466	    5695
    6000	   19726	     288
    6100	   37315	    5571
    6200	   20747	    4793
    6300	   27616	    2421
    6400	   44957	    2809
    6500	   19595	    1300
    6600	   48319	    2609
    6700	   22812	     908
    6800	   26258	    4799
    6900	   27145	    5089
    7000	   34910	    1903
    7100	   20703	    5799
    7200	   34203	    4879
    7300	   38173	    2520
    7400	   21131	    3291
    7500	   16111	    7342
    7600	   22660	    6023
    7700	   17871	    6603
    7800	   17877	    7182
    7900	   28598	    1393
    8000	   27332	    7223
    8100	   21520	    1669
    8200	   37289	    8043
    8300	   43812	    6034
    8400	   40277	    2602
    8500	   35999	     988
    8600	   21135	    8335
    8700	   45695	    1428
    8800	   45032	    3629
    8900	   37575	    1780
    9000	   40809	     897
    9100	   41708	    4383
    9200	   39936	    3823
    9300	   26268	    3368
    9400	   46392	    3810
    9500	   31638	    5473
    9600	   37009	    7982
    9700	   25924	    7414
    9800	   61648	     504
    9900	   31730	    8989
   10000	   32269	       5
     100	     487	      22
     200	     917	      45
     300	     944	     117
     400	     988	     371
     500	    1857	     106
     600	    3380	     390
     700	    2628	     173
     800	    3922	     540
     900	    2804	     107
    1000	    4503	     553
    1100	    4856	     412
    1200	    4617	     825
    1300	    3857	    1243
    1400	    9028	     784
    1500	    7620	     578
    1600	    6973	    1091
    1700	    7282	    1013
    1800	    8625	    1299
    1900	    9934	    1339
    2000	    7835	    1757
    2100	    5714	     590
    2200	    5853	     264
    2300	   15557	    1652
    2400	   10159	     789
    2500	    7178	      21
    2600	    5891	    2450
    2700	   12699	    1411
    2800	   16836	     167
    2900	   15284	    1899
    3000	   16364	    2620
    3100	   11884	    1566
    3200	    8925	    1395
    3300	   13655	    2099
    3400	   15568	    1105
    3500	   15847	     169
    3600	   10932	     552
    3700	   14514	    1326
    3800	   20625	    3130
    3900	   11586	    1013
    4000	   18009	    2627
    4100	   19178	    3314
    4200	   15586	    2795
    4300	   10630	    1019
    4400	   14331	    3847
    4500	   16417	    1029
    4600	   20650	    2016
    4700	   18526	    2382
    4800	   19574	    3187
    4900	   21234	    4225
    5000	   23085	    3444
    5100	    9574	    4602
    5200	   19634	    4156
    5300	   12422	     251
    5400	   20426	    4994
    5500	   20723	    4412
    5600	   14146	    4281
    5700	   27365	    4270
    5800	   19320	    2565
    5900	   21890	      26
    6000	   19329	    5497
    6100	   28014	    3744
    6200	   16639	    6064
    6300	   29558	     704
    6400	   24011	    2091
    6500	   30454	    1146
    6600	   42643	    2115
    6700	   24403	     630
    6800	   33056	    2657
    6900	   23123	    2471
    7000	   19753	    6088
    7100	   54511	    6421
    7200	   27785	    3691
    7300	   28530	    2276
    7400	   26650	    3305
    7500	   36356	    4037
    7600	   31498	    6110
    7700	   35696	    5083
    7800	   36514	    1607
    7900	   27430	    1031
    8000	   38700	    1384
    8100	   18847	    2821
    8200	   15684	     383
    8300	   32142	    7082
    8400	   25123	     533
    8500	   29943	    6918
    8600	   38964	    3085
    8700	   44657	    2183
    8800	   20404	    1941
    8900	   48900	    3712
    9000	   48225	    3468
    9100	   33988	    2757
    9200	   32019	    3219
    9300	   34277	    1788
    9400	   37349	    8810
    9500	   54861	    1197
    9600	   40798	    1298
    9700	   22376	    7580
    9800	   49137	    3384
    9900	   41812	    7517
   10000	   27142	    4082
     100	     536	      28
     200	     983	     171
     300	     795	       7
     400	    1419	     134
     500	    2995	     132
     600	    1512	     539
     700	    1512	     535
     800	    3466	     331
     900	    2950	      59
    1000	    5237	     391
    1100	    3987	     674
    1200	    6327	     538
    1300	    8877	     652
    1400	    4772	     100
    1500	    6315	     780
    1600	    7493	       2
    1700	   12340	    1250
    1800	    8401	     572
    1900	    6986	    1788
    2000	    5199	      54
    2100	    8965	     675
    2200	    2419	    2166
    2300	    7779	    1713
    2400	    5755	    2340
    2500	    4558	     301
    2600	    7369	     378
    2700	    7417	    1298
    2800	   17993	    2186
    2900	   14030	     414
    3000	    9026	     152
    3100	   11487	    3058
    3200	   15850	    2398
    3300	    4535	      30
    3400	   22743	    1351
    3500	   15912	    2137
    3600	   10346	    1758
    3700	   13577	    1123
    3800	   13656	     350
    3900	   18688	     265
    4000	   13402	    2299
    4100	   22272	    3896
    4200	   24737	    1735
    4300	   18868	      23
    4400	   17974	    3838
    4500	   20911	    3096
    4600	   28238	    2151
    4700	   18432	     770
    4800	   18582	    1293
    4900	   22680	    2334
    5000	   15189	    1089
    5100	   21868	    2280
    5200	   27689	    2204
    5300	   25400	    4002
    5400	   21193	    3433
    5500	   30913	    4941
    5600	   13187	     267
    5700	   23569	    2415
    5800	   19601	    1103
    5900	   21858	    3000
    6000	   24439	     135
    6100	   23046	    3671
    6200	   33673	    4917
    6300	   17324	    5787
    6400	   35137	    5417
    6500	   33255	    2764
    6600	   31148	    3826
    6700	   36211	    3784
    6800	   18419	     887
    6900	   47179	    2992
    7000	   24108	    1319
    7100	   26900	    5223
    7200	   32884	    1057
    7300	   21056	    6812
    7400	   34202	    1907
    7500	   34597	    1344
    7600	   33671	    6537
    7700	   18532	    6917
    7800	   28200	    2408
    7900	   35716	    6013
    8000	   27548	    7694
    8100	   37283	    7367
    8200	   12913	    7542
    8300	   36654	    2495
    8400	   30641	    2315
    8500	   50423	    4882
    8600	   22642	    6821
    8700	   55355	    5169
    8800	   58585	    7184
    8900	   38326	    2083
    9000	   43837	    4868
    9100	   49352	    4216
    9200	   51243	    7900
    9300	   52129	    6798
    9400	   59501	    4844
    9500	   22661	    9307
    9600	   47872	    5494
    9700	   37423	     960
    9800	   40864	    1887
    9900	   64518	    1737
   10000	   28175	    6716
     100	     235	      88
     200	     739	     150
     300	    1169	      79
     400	    1458	      57
     500	    3016	     240
     600	    2018	     218
     700	    2897	     535
     800	    2655	     701
     900	    3274	     359
    1000	    2248	     180
    1100	    3930	     664
    1200	    2436	    1135
    1300	    4866	     124
    1400	    5294	     899
    1500	    3077	     610
    1600	    5578	    1509
    1700	    7844	     968
    1800	    7580	     643
    1900	    6688	    1808
    2000	    8471	     937
    2100	    7988	    1941
    2200	   10727	     438
    2300	    4669	     143
    2400	    9638	    1312
    2500	    9553	    1879
    2600	   13021	    2075
    2700	    9518	    1502
    2800	   16705	     893
    2900	    9191	    2673
    3000	   12072	    1907
    3100	    7574	       5
    3200	   11845	     531
    3300	   10174	    2671
    3400	    5809	    2913
    3500	    9999	     904
    3600	   13268	    2162
    3700	   22879	    1644
    3800	    8841	    3276
    3900	   14695	    1890
    4000	   11831	     477
    4100	   17236	    1420
    4200	   20296	    2330
    4300	   16982	    2591
    4400	   24664	    1666
    4500	   15886	    1269
    4600	   17938	    3908
    4700	   14574	    2005
    4800	   16233	    4296
    4900	   21603	    4378
    5000	   35048	    3106
    5100	   17646	    4584
    5200	   15925	    3948
    5300	   25132	    3947
    5400	   14475	    3552
    5500	   23234	    3911
    5600	   33433	     874
    5700	   23459	    2216
    5800	   31255	    3230
    5900	   32348	    1464
    6000	   13376	    5083
    6100	   28739	    3618
    6200	   29508	    1393
    6300	   32535	    3457
    6400	   13416	    6386
    6500	   34815	    1330
    6600	   26594	    4162
    6700	   15737	    6492
    6800	    9564	       1
    6900	   35746	    2509
    7000	   18203	     771
    7100	   10908	    7098
    7200	   21908	    1825
    7300	   22095	    6154
    7400	   23362	    2533
    7500	   27022	    2168
    7600	   18931	     397
    7700	   26979	    3224
    7800	   34223	    2604
    7900	   44507	    5042
    8000	   39792	    4028
    8100	   24471	    7272
    8200	   28602	    3439
    8300	   40189	    3270
    8400	   40486	    5151
    8500	   42361	    4788
    8600	   22604	    7597
    8700	   22617	    7192
    8800	   52174	    4809
    8900	   26944	    4576
    9000	   25944	    7931
    9100	   32738	    1396
    9200	   14112	    8498
    9300	   17058	    8249
    9400	   59393	    7954
    9500	   34322	    5695
    9600	   36263	    8018
    9700	   36775	    9084
    9800	   52058	    4540
    9900	   57084	    6913
   10000	   54146	    7581
     100	     397	      78
     200	     926	     139
     300	     543	     295
     400	    3033	     208
     500	    1621	     382
     600	    2528	     458
     700	    3937	     438
     800	    4024	     460
     900	    4967	     739
    1000	    5292	     241
    1100	    4680	     311
    1200	    2040	    1187
    1300	    4540	    1178
    1400	    6711	     287
    1500	    5928	     340
    1600	    6111	    1102
    1700	    4600	      43
    1800	    9735	     523
    1900	    9952	     264
    2000	    6637	    1749
    2100	    8077	    1137
    2200	    9816	     785
    2300	    7897	     401
    2400	    7039	    1303
    2500	    6169	    1067
    2600	   12401	     324
    2700	    5226	    2128
    2800	    8660	    2460
    2900	   16470	    1160
    3000	   10450	    1087
    3100	   11040	     252
    3200	   12821	     825
    3300	   10997	     781
    3400	   14578	    2744
    3500	   16434	    1269
    3600	    4629	    3502
    3700	   18468	    2800
    3800	   18681	     513
    3900	   12758	     256
    4000	   16436	     502
    4100	   11585	     706
    4200	   14224	    2695
    4300	   17223	    4281
    4400	   26188	    2066
    4500	   19842	    4046
    4600	   14118	    4331
    4700	   11812	     617
    4800	   27979	    2225
    4900	   35885	    2989
    5000	   21448	    2706
    5100	   28884	    4496
    5200	   19779	    1250
    5300	   30736	    2521
    5400	   16873	    4955
    5500	   30392	    1167
    5600	   34906	    1715
    5700	   37152	    3460
    5800	   25324	    1701
    5900	   17323	    2014
    6000	   13068	    4956
    6100	   40025	     422
    6200	   16247	    1010
    6300	   21335	    1197
    6400	   33517	    3519
    6500	   28409	    2377
    6600	   27166	    4853
    6700	   33703	    4427
    6800	   14307	    4791
    6900	   30919	    4169
    7000	   23343	    3012
    7100	   19768	    6320
    7200	   35339	    5766
    7300	   25539	    6726
    7400	   31620	    5337
    7500	   45999	    5173
    7600	   34432	    3840
    7700	   31386	    4262
    7800	   44740	    5451
    7900	   36735	    5756
    8000	   26249	    1499
    8100	   22099	    5428
    8200	   22789	    3153
    8300	   31021	    2408
    8400	   27122	    4512
    8500	   45641	    3582
    8600	   18897	    1410
    8700	   44775	    2799
    8800	   16558	    8033
    8900	   28918	     575
    9000	   19867	    8026
    9100	   81774	    5430
    9200	   12134	    8483
    9300	   27851	    5908
    9400	   68450	    4483
    9500	   54197	    9013
    9600	   36043	     920
    9700	   51798	    4236
    9800	   40656	    1992
    9900	   18475	     252
   10000	   46451	    5956
     100	     421	      27
     200	     554	      59
     300	    1334	     124
     400	    1228	     359
     500	    1182	     459
     600	    2058	     224
     700	    3517	     377
     800	    3325	     241
     900	    2630	     581
    1000	    4193	     261
    1100	    6664	     633
    1200	    5837	     739
    1300	    5400	     405
    1400	    6388	     315
    1500	    2981	    1289
    1600	    4669	    1392
    1700	    7145	     723
    1800	    7807	     359
    1900	    9330	    1397
    2000	    7116	    1899
    2100	   11570	     538
    2200	    7939	    1330
    2300	    7585	    1502
    2400	    9267	    2227
    2500	   13060	    1510
    2600	    9016	    2101
    2700	    9344	    2321
    2800	    7309	      58
    2900	   12862	    1443
    3000	   15647	     471
    3100	   10470	      60
    3200	   18815	    1225
    3300	   26223	    1111
    3400	   10146	    2200
    3500	   13600	     240
    3600	   20437	     886
    3700	   11443	     850
    3800	   15160	    1916
    3900	    7668	     124
    4000	    6165	    3894
    4100	   19404	    2534
    4200	   20839	    1387
    4300	   14198	    3298
    4400	   25999	    2362
    4500	   15775	     634
    4600	   20360	    1336
    4700	   16191	    2562
    4800	    9070	    4726
    4900	   15587	    1966
    5000	   14522	    1087
    5100	   26569	    3303
    5200	   13590	    4665
    5300	   10094	    4272
    5400	    9316	    4639
    5500	   27928	    3380
    5600	   20821	    1063
    5700	   21253	    4714
    5800	   28491	    3927
    5900	   30140	    2210
    6000	   29746	    2955
    6100	   15171	    5387
    6200	   19697	    5424
    6300	   19406	    5294
    6400	   33330	    3891
    6500	   31905	     506
    6600	   25323	     989
    6700	   27479	    4768
    6800	   37917	    3532
    6900	   26282	    2406
    7000	   26831	     299
    7100	   42876	    3039
    7200	   19350	    5086
    7300	   16136	    6124
    7400	   25538	    1643
    7500	   35200	    4191
    7600	   16112	    7493
    7700	   22410	     150
    7800	   26379	    3127
    7900	   38507	     641
    8000	   28387	    6379
    8100	   27772	     555
    8200	   38628	    1219
    8300	   34954	    3514
    8400	   37184	    4930
    8500	   36243	     554
    8600	   22847	     307
    8700	   22747	    6780
    8800	   17126	    3203
    8900	   40572	    4469
    9000	   65820	    5653
    9100	   48351	    6957
    9200	   39944	    3355
    9300	   24376	    1806
    9400	   41375	    5576
    9500	   33394	    6551
    9600	   29846	      57
    9700	   51765	    6178
    9800	   45633	    8222
    9900	   26477	    1465
   10000	   48526	    8830
     100	     418	      12
     200	     696	     162
     300	    1039	      16
     400	    1016	      55
     500	    2774	     273
     600	    2533	     466
     700	    2030	       6
     800	    3383	     211
     900	    4834	     201
    1000	    2713	      15
    1100	    3872	     112
    1200	    8726	     353
    1300	    6264	     998
    1400	    4385	     334
    1500	    7524	     337
    1600	    7844	     950
    1700	    6957	     771
    1800	    8206	     609
    1900	    7857	     244
    2000	    7236	     568
    2100	    9658	    1568
    2200	   12361	     850
    2300	   12019	    1369
    2400	   14978	     466
    2500	   10196	    2175
    2600	    9917	    2560
    2700	   10632	    1889
    2800	   11337	     985
    2900	   13981	     447
    3000	   10767	    1324
    3100	   12318	    1360
    3200	   11343	      96
    3300	   13069	    1129
    3400	   18013	     469
    3500	   16824	    2693
    3600	   16103	     765
    3700	   13513	    3420
    3800	   17910	     385
    3900	   16077	    2164
    4000	   20854	    1601
    4100	   26122	    2438
    4200	   20448	    3427
    4300	   14176	    4138
    4400	   22734	    2574
    4500	   17902	    3164
    4600	   18839	    2052
    4700	    7253	    4155
    4800	   18189	    4081
    4900	   38078	    2208
    5000	   21704	    2035
    5100	   13474	    2272
    5200	   32346	     534
    5300	   34758	    3872
    5400	   29652	    2347
    5500	   21518	     350
    5600	   37946	    1629
    5700	   19770	     547
    5800	   19824	     291
    5900	   23191	    3724
    6000	   34784	    3058
    6100	   32031	    1630
    6200	   30507	    4790
    6300	   24249	    2585
    6400	   20226	    2004
    6500	   29335	    3091
    6600	   42368	    2436
    6700	   30108	    1642
    6800	   21563	    2418
    6900	   14223	    6748
    7000	   56476	    3568
    7100	   26329	    5971
    7200	   28281	     610
    7300	   34387	    4941
    7400	   19444	    6635
    7500	   33101	     767
    7600	   31749	    3527
    7700	   26782	     235
    7800	   36422	    3890
    7900	   41645	    5085
    8000	   23690	    7156
    8100	   29331	    4203
    8200	   43553	    2893
    8300	   35535	    7383
    8400	   34207	    3157
    8500	   31258	    3519
    8600	   37443	     965
    8700	   27752	    3331
    8800	   39230	    5362
    8900	   32895	    2798
    9000	   34117	    7999
    9100	   49236	    4965
    9200	   43155	     571
    9300	   44722	    3468
    9400	   38811	    5822
    9500	   28046	    1591
    9600	   21503	    8926
    9700	   24548	     868
    9800	   43971	    5111
    9900	   33433	     138
   10000	   31765	    8703
     100	     486	      48
     200	     553	      52
     300	    1915	     208
     400	    2328	     127
     500	    1548	     316
     600	    1718	     191
     700	    2205	     267
     800	    2236	      16
     900	    5075	     170
    1000	    2342	     973
    1100	    4375	     564
    1200	    3698	      39
    1300	    7983	     300
    1400	    2934	     220
    1500	    6184	     126
    1600	    6122	     305
    1700	    6057	    1013
    1800	    6670	    1002
    1900	    8023	     496
    2000	    4459	    1806
    2100	    5210	    2076
    2200	    7970	     720
    2300	    9519	    1325
    2400	   12547	    1352
    2500	   12025	    1934
    2600	    9508	    2300
    2700	   11744	    2602
    2800	    8146	    1648
    2900	   14352	    1633
    3000	   16020	    1113
    3100	   10016	    2623
    3200	   12962	    2514
    3300	   14935	    1002
    3400	   15730	    1803
    3500	   16134	     852
    3600	   19083	    2365
    3700	   20052	     367
    3800	   15687	    3694
    3900	   19813	    2736
    4000	   26590	    2787
    4100	   17522	    3859
    4200	   13838	    2605
    4300	   15390	    2227
    4400	   17040	     420
    4500	   14398	    3021
    4600	   21274	    3882
    4700	   18028	    3503
    4800	    9782	    4797
    4900	   24145	     706
    5000	   19025	    1786
    5100	   22692	    1401
    5200	   18401	    2909
    5300	   18023	     990
    5400	   19135	    2515
    5500	   26933	    4368
    5600	   28080	    2910
    5700	   23722	     493
    5800	   26094	     903
    5900	   43003	    1800
    6000	   34718	    4807
    6100	   19588	    1067
    6200	   27898	    1606
    6300	   25033	    4861
    6400	   13184	     358
    6500	   29304	    5152
    6600	   13907	    5483
    6700	   29290	    2309
    6800	   13299	     648
    6900	   32492	    2835
    7000	   23562	    4794
    7100	   11302	    6400
    7200	   25733	    3297
    7300	   26818	    3385
    7400	   48024	    5567
    7500	   21728	    6313
    7600	   34565	    4906
    7700	   41365	    6833
    7800	   28062	    6735
    7900	   37023	    1891
    8000	   21222	    3998
    8100	   36960	    4763
    8200	   25317	    7827
    8300	   36947	    6194
    8400	   42879	    1951
    8500	   50070	    4674
    8600	   30852	    1390
    8700	   19932	    6694
    8800	   22621	    4377
    8900	   20951	      76
    9000	   15592	    2132
    9100	   25893	    4774
    9200	   34130	    3314
    9300	   20511	    6684
    9400	   29802	    5806
    9500	   45463	    6336
    9600	   52011	    2789
    9700	   34647	    5660
    9800	   38020	     962
    9900	   24001	    9179
   10000	   34046	    9041
     100	     312	      75
     200	    1002	      60
     300	     874	     270
     400	    2348	      44
     500	    1975	     440
     600	    2522	     468
     700	    3100	     128
     800	    4889	     354
     900	    3553	     359
    1000	    5393	     561
    1100	    4527	     898
    1200	    4369	    1178
    1300	    4789	     553
    1400	    9234	     749
    1500	    4145	     636
    1600	    7224	    1070
    1700	    5124	     582
    1800	    9153	    1569
    1900	    8098	    1719
    2000	    6528	     175
    2100	    7672	    1994
    2200	    8489	     353
    2300	   13347	    1111
    2400	    8703	    1299
    2500	    9925	    1750
    2600	   10975	     736
    2700	   13017	     891
    2800	    8349	    2530
    2900	   11134	    1921
    3000	    8792	     144
    3100	   16325	    2376
    3200	   16560	    2048
    3300	    7877	      27
    3400	   16925	    1386
    3500	   13997	    2338
    3600	   11040	    3564
    3700	   17275	    2275
    3800	   14394	    1922
    3900	   23955	    2399
    4000	   16775	    2661
    4100	   19842	    1726
    4200	    9570	    4145
    4300	   14210	     697
    4400	   19513	     219
    4500	   34334	    2186
    4600	   25281	    2428
    4700	   10381	    1572
    4800	   20212	     389
    4900	   29431	    2579
    5000	   26466	    1908
    5100	   33085	     678
    5200	   14631	    1153
    5300	   18483	    1967
    5400	   18901	    3346
    5500	   15949	    2411
    5600	   13781	     607
    5700	   15438	     101
    5800	   29459	    1720
    5900	   18359	    5543
    6000	   19335	    1578
    6100	   22999	    1231
    6200	   20225	    5065
    6300	   21329	    2133
    6400	   32262	    3538
    6500	   14742	    4497
    6600	   27246	    1932
    6700	   30793	    1553
    6800	   19543	    2770
    6900	   43554	    4689
    7000	   41521	    2356
    7100	   29851	    5321
    7200	   13769	    6420
    7300	   34448	    3340
    7400	   15494	     933
    7500	   31172	    5973
    7600	   23125	    3468
    7700	   37629	    1741
    7800	   30319	    2838
    7900	   45871	    6974
    8000	   48556	    2952
    8100	   26319	     522
    8200	   31475	    4654
    8300	   20111	     220
    8400	   44995	    5124
    8500	   28005	    1150
    8600	   43882	    7159
    8700	   20935	     908
    8800	   37786	    3308
    8900	   24334	    1028
    9000	   43991	    7255
    9100	   31061	    4845
    9200	   39220	    7880
    9300	   32981	    8890
    9400	   47074	    3511
    9500	   37205	    4280
    9600	   51123	    4402
    9700	   41515	    6511
    9800	   58693	    5291
    9900	   30624	     536
   10000	   46062	    5037
     100	     460	      14
     200	     661	      96
     300	     931	     267
     400	    1701	     129
     500	    1390	     492
     600	    1105	      61
     700	    3558	     405
     800	    5045	     450
     900	    5502	     430
    1000	    4527	      84
    1100	    3111	     578
    1200	    5312	    1043
    1300	    5266	    1286
    1400	    4928	    1099
    1500	    6270	     704
    1600	   10910	    1423
    1700	    5910	    1372
    1800	    7842	    1547
    1900	    6649	    1741
    2000	    5472	    1989
    2100	   10891	    1011
    2200	   10754	    1677
    2300	    7201	     238
    2400	    8383	     889
    2500	    9932	     532
    2600	   12855	     959
    2700	   11508	    2216
    2800	   14616	      71
    2900	   16544	     700
    3000	   12217	    1985
    3100	   15636	     969
    3200	   14993	     904
    3300	   14023	    1303
    3400	    8757	     142
    3500	   17916	    2091
    3600	   13756	    1180
    3700	   17420	    2583
    3800	   19716	    2661
    3900	   15540	      49
    4000	   19861	    3676
    4100	   16286	    1363
    4200	   13653	     596
    4300	    9483	    4215
    4400	   19503	    1338
    4500	   17682	    3683
    4600	   16369	    3357
    4700	   15044	    4476
    4800	   17738	    4420
    4900	   22367	    2537
    5000	   14789	    4856
    5100	   21832	    2631
    5200	    8406	    5071
    5300	   29195	    1463
    5400	   15237	    5335
    5500	   22161	    4263
    5600	   28839	    1281
    5700	   15816	    1129
    5800	   26707	    4027
    5900	   38828	    3215
    6000	   23802	     635
    6100	   20082	    6022
    6200	   23086	    2112
    6300	   20063	    5418
    6400	   16851	    5237
    6500	   31849	    2923
    6600	   18996	    3718
    6700	   28413	    5772
    6800	   13470	    6667
    6900	   31985	    3733
    7000	   17646	    5919
    7100	   14514	    6826
    7200	   21329	    4208
    7300	   39448	    1071
    7400	   14941	     921
    7500	   19079	     567
    7600	   31821	     993
    7700	   30427	    7163
    7800	   11942	      74
    7900	   32160	    2840
    8000	   31401	    6024
    8100	   37778	    5242
    8200	   32004	    8194
    8300	   30676	    6545
    8400	   55674	    4812
    8500	   24840	     612
    8600	   28770	     153
    8700	   46400	     320
    8800	   29574	    3110
    8900	   37177	    3570
    9000	   38083	    4280
    9100	   55187	    3245
    9200	   53470	    1540
    9300	   39981	    1546
    9400	   58368	    4982
    9500	   35958	    1587
    9600	   36593	    6404
    9700	   27254	    2484
    9800	   46520	    3798
    9900	   30878	     576
   10000	   20917	    9914
     100	     690	      21
     200	     795	     183
     300	    1237	     124
     400	    2055	     165
     500	    1474	     201
     600	    2514	     531
     700	    2246	     651
     800	    3916	     121
     900	    4411	     479
    1000	    4714	     434
    1100	    5419	     838
    1200	    4979	     413
    1300	    6465	     340
    1400	    5434	     959
    1500	    7043	     404
    1600	   12957	     680
    1700	   10776	    1488
    1800	    9503	     546
    1900	    8166	     186
    2000	    7488	    1153
    2100	    5837	    1574
    2200	    5243	    1819
    2300	    5761	     138
    2400	    9873	    1099
    2500	    3526	    2440
    2600	   11944	     647
    2700	    8189	    1496
    2800	    3499	    2675
    2900	   16015	    1613
    3000	   13834	     538
    3100	   15559	    2232
    3200	   12512	    3132
    3300	   10252	    2802
    3400	   15749	    1334
    3500	   16396	    2572
    3600	   20663	    2634
    3700	   21190	     573
    3800	   10512	    2085
    3900	    7975	     243
    4000	   24907	    1839
    4100	   10170	     328
    4200	   23064	    1023
    4300	   12188	    3758
    4400	   18398	     432
    4500	   23712	    2440
    4600	   10278	      66
    4700	   17480	    1459
    4800	   14793	    1301
    4900	   21736	     675
    5000	   28238	    3139
    5100	   24429	    1550
    5200	   25945	    3233
    5300	   20148	    1841
    5400	   15861	    5303
    5500	   23911	    4039
    5600	   23592	    3591
    5700	   10428	    5653
    5800	   31323	    4021
    5900	   39453	    2973
    6000	   20240	     551
    6100	   20763	      21
    6200	   33528	    3759
    6300	   20158	    4984
    6400	   30365	    4090
    6500	   25834	    4928
    6600	   32946	    1920
    6700	   39301	    1483
    6800	   28455	    6194
    6900	   32572	    5870
    7000	   24106	    6108
    7100	   25633	    2682
    7200	   16266	      78
    7300	   17259	    6426
    7400	   22122	    1809
    7500	   27912	    2665
    7600	   44514	    3048
    7700	   27152	    2480
    7800	   28128	    3874
    7900	   22158	    5461
    8000	   20760	    6815
    8100	   41987	    6336
    8200	   32006	    6686
    8300	   37126	    6257
    8400	   32630	     108
    8500	   41351	    5512
    8600	   58494	    3572
    8700	   12239	    8537
    8800	   29644	    2040
    8900	   52423	    7361
    9000	   19737	    1723
    9100	   31767	    6445
    9200	   26618	    1626
    9300	   46884	    5847
    9400	   27494	    9256
    9500	   53353	    6008
    9600	   54236	    3112
    9700	   31104	    5484
    9800	   56871	    5958
    9900	   21086	    9365
   10000	   46893	    2549
     100	     414	      38
     200	     928	      32
     300	    1492	      73
     400	    1324	      36
     500	     985	     476
     600	    1933	     162
     700	    3986	       4
     800	    4216	     621
     900	    2711	     764
    1000	    3751	      58
    1100	    4298	     454
    1200	    3674	     133
    1300	    4292	     967
    1400	    5755	    1074
    1500	    8557	     514
    1600	    3584	    1404
    1700	    7616	     697
    1800	    7038	    1188
    1900	    7037	    1762
    2000	   12974	     939
    2100	    7026	    1114
    2200	    7686	     268
    2300	    5599	    2035
    2400	    8926	     301
    2500	    8560	    2308
    2600	   15330	    1658
    2700	   10187	     465
    2800	   10845	    1198
    2900	   14171	     860
    3000	   10253	    2775
    3100	   13215	    2087
    3200	   10075	     608
    3300	   12824	    1183
    3400	   21056	    2026
    3500	   16909	    2115
    3600	   11162	    3391
    3700	   16729	    2406
    3800	   15626	    2345
    3900	   13593	     393
    4000	   22541	    1089
    4100	   19003	    3485
    4200	   17998	    2441
    4300	   17823	     712
    4400	    9629	    4009
    4500	    5860	    4259
    4600	    9094	     819
    4700	   11122	    4072
    4800	   14772	    2529
    4900	   15828	     205
    5000	   10036	     169
    5100	   21811	    2539
    5200	   23973	    1387
    5300	   19436	    4995
    5400	   22647	    3663
    5500	   26166	    3562
    5600	   16848	    3255
    5700	   30530	    1285
    5800	   23090	    5316
    5900	   20277	    5209
    6000	   29572	    1352
    6100	   21607	    5540
    6200	   21134	    6086
    6300	   14188	    4315
    6400	   26951	    5104
    6500	   22207	    2036
    6600	   34547	    1485
    6700	   28479	    3086
    6800	   15242	     881
    6900	   20462	    3372
    7000	   19414	    3843
    7100	   20944	    6373
    7200	   19819	    3364
    7300	   30921	    2603
    7400	   34552	    4244
    7500	   40526	    4097
    7600	   22714	     569
    7700	   22877	     276
    7800	   32637	    7598
    7900	   43622	    3549
    8000	   45974	    6183
    8100	   20333	    4985
    8200	   32850	    5971
    8300	   51949	    6615
    8400	   36935	    2214
    8500	   32690	    3989
    8600	   36081	    1488
    8700	   30053	    6652
    8800	   44934	    4256
    8900	   38549	    6917
    9000	   35113	    5134
    9100	   27567	    4681
    9200	   29957	     299
    9300	   27353	    1252
    9400	   64771	    3876
    9500	   47572	    2091
    9600	   49375	    6653
    9700	   28141	    9151
    9800	   44392	    1318
    9900	   53779	    6274
   10000	   29749	    3306
     100	     531	      51
     200	     861	     153
     300	    1338	     125
     400	    1179	      40
     500	    1481	     456
     600	    2059	     332
     700	    2455	     685
     800	    3586	     505
     900	    4037	     246
    1000	    4155	     749
    1100	    6379	     523
    1200	    7388	     260
    1300	    9086	     424
    1400	    5571	     862
    1500	    7701	     940
    1600	    7027	     809
    1700	   11427	    1145
    1800	    4895	    1355
    1900	    8559	     720
    2000	    6330	     150
    2100	    5908	     836
    2200	   12308	    1319
    2300	   11184	    1214
    2400	    9524	    1279
    2500	    8376	     269
    2600	    6299	     127
    2700	   13048	    2259
    2800	   10943	     287
    2900	   14866	     553
    3000	   11839	    2245
    3100	   11634	    1764
    3200	   13091	    1743
    3300	   15044	     456
    3400	   15627	    2637
    3500	   17867	    2432
    3600	   16641	     237
    3700	   17588	     995
    3800	   11721	     975
    3900	    9349	     192
    4000	    8766	     128
    4100	   11383	    2870
    4200	   12251	     447
    4300	   18198	    2826
    4400	   13398	     586
    4500	   11804	    1550
    4600	   17385	    3193
    4700	   22659	    4099
    4800	   21976	    2652
    4900	   32689	    2483
    5000	   17711	    2953
    5100	   17657	    3725
    5200	   15699	    3789
    5300	   21677	    1093
    5400	   22815	    4567
    5500	   27627	    3176
    5600	   26849	    2073
    5700	   30099	     373
    5800	   16058	    4675
    5900	   21356	    2660
    6000	   27401	    3302
    6100	   11935	    5293
    6200	   13765	    5231
    6300	   25167	    3008
    6400	   16310	     523
    6500	   43029	    2328
    6600	   31306	    2997
    6700	   26121	    6097
    6800	   33943	    3970
    6900	   42529	    2761
    7000	   42634	    2527
    7100	   30120	    6654
    7200	   34280	    1571
    7300	   34663	    2774
    7400	   30595	    4896
    7500	   29078	    1590
    7600	   14146	    6408
    7700	   48196	    3353
    7800	   28500	    5071
    7900	   23863	    5406
    8000	   21267	       2
    8100	   39893	    2865
    8200	   43421	    5019
    8300	   26641	    7995
    8400	   38346	    6862
    8500	   26229	    2657
    8600	   26015	    1015
    8700	   21202	     495
    8800	   36802	     629
    8900	   29506	    7707
    9000	   17789	    3006
    9100	   11694	     575
    9200	   48222	     855
    9300	   44626	    4700
    9400	   47395	    9001
    9500	   36210	    7062
    9600	   17101	    9148
    9700	   26938	    1758
    9800	   32700	    2964
    9900	   35177	    6970
   10000	   58762	    3526
     100	     544	      57
     200	     316	       4
     300	    1849	     134
     400	    2197	     287
     500	    2014	      33
     600	    2872	     350
     700	    1790	     116
     800	    3531	     392
     900	    2684	     840
    1000	    4526	     900
    1100	    5549	     989
    1200	    3424	     847
    1300	    4649	     966
    1400	    5794	     623
    1500	    4321	     874
    1600	    5983	     383
    1700	    4546	    1635
    1800	    6439	    1436
    1900	    5304	     267
    2000	    2976	    1802
    2100	   10984	    1494
    2200	    9484	    1522
    2300	    8841	     710
    2400	    8628	      28
    2500	   11825	     631
    2600	    9753	     349
    2700	   11775	    1944
    2800	   11914	     655
    2900	    9609	    1333
    3000	   23795	    1578
    3100	    8673	    2403
    3200	   20313	    1669
    3300	   17881	     776
    3400	   14019	    2223
    3500	   13233	     949
    3600	   14205	     739
    3700	   24937	    1640
    3800	   17636	    2966
    3900	   20100	    1439
    4000	   14255	    1469
    4100	   17987	    3429
    4200	    9102	    3924
    4300	   17769	    1267
    4400	   22002	    3253
    4500	   28102	    2479
    4600	   15001	    1007
    4700	   21596	    1402
    4800	   18723	    1612
    4900	   10371	    1770
    5000	   29373	    3003
    5100	   22442	    2628
    5200	   19385	     536
    5300	   32968	    2407
    5400	   26948	    4778
    5500	   21561	    1927
    5600	   30488	     995
    5700	   19739	    3302
    5800	   13107	     267
    5900	   17316	    5180
    6000	   34995	    4035
    6100	   39089	    1909
    6200	   23264	    1201
    6300	   22168	    4885
    6400	   16829	    6242
    6500	   23874	     268
    6600	   24100	    5221
    6700	   37868	    4216
    6800	   18957	    6182
    6900	   20936	     469
    7000	   35901	    1053
    7100	   24495	    1027
    7200	   45895	    5983
    7300	   23013	    4036
    7400	   34679	    3300
    7500	   27459	    2149
    7600	   31144	    2385
    7700	   26284	     404
    7800	   27327	    4990
    7900	   43342	    2849
    8000	   17400	    7455
    8100	   38799	    3462
    8200	   21025	     254
    8300	   33103	    1798
    8400	   51679	    5742
    8500	   17482	    7476
    8600	   36603	    1328
    8700	   40339	    4677
    8800	   28356	    7359
    8900	   36586	    4410
    9000	   26696	    6362
    9100	   46416	    3203
    9200	   38998	    7248
    9300	   37167	    2194
    9400	   28316	      41
    9500	   25023	    3522
    9600	   48028	    3367
    9700	   47930	    2436
    9800	   32103	    3484
    9900	   51246	    3771
   10000	   40042	    7710
     100	     375	       6
     200	     813	     133
     300	    1382	      85
     400	    2458	      47
     500	    1888	     177
     600	    1642	      47
     700	    1720	     519
     800	    3690	     443
     900	    3399	     193
    1000	    2644	     645
    1100	    3642	    1053
    1200	    3075	     884
    1300	    4886	     879
    1400	    3984	     257
    1500	    7642	    1133
    1600	    8914	     194
    1700	    8693	    1373
    1800	    5512	     115
    1900	   11193	    1066
    2000	    4163	    1715
    2100	   10519	      91
    2200	    9609	    1943
    2300	   12453	    1201
    2400	    9175	    1884
    2500	    9054	    2135
    2600	   11837	     279
    2700	   10943	     991
    2800	   10606	    2752
    2900	   11597	     862
    3000	    7957	     636
    3100	   14358	    1713
    3200	   11144	    1440
    3300	   12610	    1077
    3400	   19209	    2841
    3500	   13156	    1078
    3600	   15158	    2521
    3700	   15929	    1226
    3800	   15853	     296
    3900	   13017	     239
    4000	   12940	    3789
    4100	   13037	     754
    4200	   17762	    1496
    4300	   17736	    3554
    4400	   11352	    4074
    4500	   10644	    3513
    4600	   19354	    1574
    4700	   18893	    2906
    4800	    8576	      83
    4900	   21419	    3507
    5000	   14348	    4175
    5100	   22198	    3297
    5200	   18796	    1629
    5300	   12654	    5008
    5400	   23964	    4870
    5500	   17798	    5429
    5600	    9855	      56
    5700	   25648	    3600
    5800	   26061	    2716
    5900	   17450	    1046
    6000	   31875	    1515
    6100	   19294	    1856
    6200	   31067	    1013
    6300	   21668	    3497
    6400	   30424	    3967
    6500	   29343	    5404
    6600	   30210	    2474
    6700	   17673	    1976
    6800	   24126	    6472
    6900	   51057	    5633
    7000	   23957	    2538
    7100	   46790	    5216
    7200	   45308	    3045
    7300	   15828	    1187
    7400	   33067	    1876
    7500	   28020	    6897
    7600	   11230	    6889
    7700	   23723	    6703
    7800	   25894	    3329
    7900	   33641	    1720
    8000	   39363	     372
    8100	   29526	    6610
    8200	   66419	    3549
    8300	   38940	    4084
    8400	   38343	    1400
    8500	   20013	    7373
    8600	   20612	      11
    8700	   27376	    4542
    8800	   50696	    6928
    8900	   24615	    6858
    9000	   30118	    8931
    9100	   39839	    5687
    9200	   39468	    2113
    9300	   39218	    4026
    9400	   25127	    7073
    9500	   30821	    8930
    9600	   50307	    2439
    9700	   24739	    6063
    9800	   34136	    6738
    9900	   36826	    2336
   10000	   40365	    8917
     100	     475	      66
     200	    1259	      56
     300	     513	     293
     400	    1745	     269
     500	    1798	      70
     600	    2687	     129
     700	    2122	     623
     800	    3282	     365
     900	    2995	     105
    1000	    4861	     546
    1100	    4001	     146
    1200	    9070	     606
    1300	    4320	      90
    1400	    6470	     783
    1500	    5170	     171
    1600	    6107	     256
    1700	   10275	     856
    1800	    6391	    1348
    1900	    6945	    1124
    2000	    8549	    1039
    2100	    4377	    1549
    2200	   12234	    1792
    2300	   10206	    1476
    2400	   10297	     127
    2500	    4945	       5
    2600	    6561	    1572
    2700	    8172	    2656
    2800	   10094	     764
    2900	   18479	    1141
    3000	    8189	     722
    3100	   13601	     471
    3200	    9734	     946
    3300	    6304	     272
    3400	   15845	    1984
    3500	   16109	     701
    3600	   15866	    1299
    3700	   16282	    2198
    3800	   15291	     475
    3900	   25173	    1008
    4000	   15572	    2887
    4100	   17388	    2540
    4200	   11939	    3158
    4300	   20969	    2277
    4400	   22243	    1727
    4500	   31566	     993
    4600	   24168	    1639
    4700	   15185	    3739
    4800	   22494	     915
    4900	   21229	    2603
    5000	   20554	     907
    5100	   18166	     215
    5200	   23232	    1395
    5300	   19999	    5234
    5400	   23397	     554
    5500	   19421	     367
    5600	   18157	    3226
    5700	   21328	    5225
    5800	   19392	    1994
    5900	   13384	    1703
    6000	   12735	     548
    6100	   14861	    4500
    6200	   29730	    1330
    6300	   27061	    3545
    6400	   39428	    2354
    6500	   23790	    1334
    6600	   22551	     374
    6700	   30227	    5892
    6800	   29427	    5905
    6900	   21095	    2417
    7000	   24361	      19
    7100	   31706	    2054
    7200	   29593	    3293
    7300	   28908	    6381
    7400	   38129	    2938
    7500	   36079	    4340
    7600	   24686	    1311
    7700	   21923	    1759
    7800	   33371	    3630
    7900	   31646	    2341
    8000	   23649	    3444
    8100	   40605	    2335
    8200	   43907	    5720
    8300	   32814	    4881
    8400	   32278	    4260
    8500	   39167	    7108
    8600	   46740	    4572
    8700	   30794	    4090
    8800	   31965	    1579
    8900	   38139	    7152
    9000	   53073	    7232
    9100	   40673	    3299
    9200	   31815	    1577
    9300	   33607	    7862
    9400	   32083	    4700
    9500	   41091	    6633
    9600	   50668	    1975
    9700	   26766	    1018
    9800	   29228	    8116
    9900	   87582	    5804
   10000	   27217	    5173
     100	     605	      41
     200	     697	     124
     300	     807	      12
     400	    1487	     188
     500	    1468	     480
     600	    3298	     153
     700	    2973	      90
     800	    2006	     795
     900	    5273	     554
    1000	    3604	     547
    1100	    2459	     904
    1200	    4908	     515
    1300	    5446	     217
    1400	    7177	     188
    1500	    5650	    1207
    1600	    8029	     696
    1700	    6365	     808
    1800	   10235	     889
    1900	    9587	     531
    2000	   13013	     294
    2100	    5274	     137
    2200	    5019	    2095
    2300	   11691	    1797
    2400	   10128	      41
    2500	   11581	    2016
    2600	   14546	    1892
    2700	   10623	    2611
    2800	    6495	     792
    2900	   13422	      56
    3000	   10314	    1377
    3100	   11732	     658
    3200	   12937	    2042
    3300	   11607	    1794
    3400	    8789	    2869
    3500	   12667	    1346
    3600	   13248	     814
    3700	    9618	    3374
    3800	   17355	    1149
    3900	   11161	    3861
    4000	   18572	    1990
    4100	   14859	    2076
    4200	   13069	    2979
    4300	   15328	    1016
    4400	   11639	    2597
    4500	   12882	     146
    4600	    7440	     402
    4700	   24788	     975
    4800	   25840	    2858
    4900	   25443	     619
    5000	   11757	      69
    5100	   18523	    4431
    5200	   16991	    1079
    5300	   17702	    5074
    5400	   22394	    1958
    5500	   25981	    5423
    5600	   15946	    3282
    5700	   20750	    2855
    5800	   30341	    4106
    5900	   32976	    2672
    6000	   22946	    3618
    6100	   24982	    3069
    6200	   37502	    2771
    6300	   40138	    1641
    6400	   22435	    2351
    6500	   23363	    2848
    6600	    8748	     330
    6700	   37630	    1719
    6800	   23551	    1934
    6900	   19743	    5775
    7000	   25887	    5224
    7100	   21485	    3357
    7200	   28839	    1700
    7300	   14955	    7184
    7400	   34391	    1107
    7500	   36087	    3276
    7600	   28231	    4952
    7700	   21040	    6297
    7800	   27754	    7287
    7900	   22430	    4708
    8000	   29910	    1649
    8100	   35748	     427
    8200	   22808	    5985
    8300	   29600	    7524
    8400	   32276	     709
    8500	   11687	    7956
    8600	   38108	    6600
    8700	   33787	    3174
    8800	   54843	    5747
    8900	   19951	    1722
    9000	   34769	    6551
    9100	   36899	    4763
    9200	   46307	    7145
    9300	   58194	    7699
    9400	   50251	    6905
    9500	   64338	    7826
    9600	   15161	    9071
    9700	   36357	    5748
    9800	   29686	    5449
    9900	   24220	    1332
   10000	   52445	    3370
     100	     547	      51
     200	     514	       8
     300	    2492	      53
     400	    2100	     279
     500	    3085	     331
     600	    3139	     485
     700	    2863	     313
     800	    2505	     681
     900	    4981	     697
    1000	    2748	     776
    1100	    6387	     611
    1200	    6165	     817
    1300	    7333	     895
    1400	    9465	     117
    1500	    5678	     718
    1600	   10259	     642
    1700	    7894	       9
    1800	    2911	    1690
    1900	    7132	    1095
    2000	    5697	    1924
    2100	    5368	    1645
    2200	    9039	    1115
    2300	    5808	    2226
    2400	   10809	    1781
    2500	    8457	    2368
    2600	   12830	     552
    2700	   12802	    2472
    2800	   16343	    1207
    2900	   11121	     557
    3000	   16084	    1500
    3100	   12447	    2813
    3200	   10950	    2101
    3300	   13213	    2914
    3400	   16783	      89
    3500	   20667	    1205
    3600	   14672	     510
    3700	   17613	    2224
    3800	   18242	    3203
    3900	   16829	    2061
    4000	   20267	    3556
    4100	   21089	    3548
    4200	   25863	    1459
    4300	   28190	    1231
    4400	   25070	    4101
    4500	   17598	     998
    4600	   12887	    4450
    4700	   18369	    3637
    4800	   19031	    4373
    4900	   15910	    1461
    5000	   20537	    1744
    5100	   10040	     426
    5200	   16829	     187
    5300	   34470	    2431
    5400	   18938	    3420
    5500	    9456	    5138
    5600	   20573	    1452
    5700	   23692	    5624
    5800	   33445	    2448
    5900	   18429	     954
    6000	   26761	    2909
    6100	   24705	    2845
    6200	   22796	    1660
    6300	   17805	    2709
    6400	   23174	    3746
    6500	   38758	    4426
    6600	   23988	    2577
    6700	   39177	    2577
    6800	   24813	    4745
    6900	   27665	    5664
    7000	   11199	     159
    7100	   25502	     120
    7200	   32465	    4748
    7300	   27969	    6731
    7400	   41042	    3902
    7500	   49532	    3725
    7600	   13706	    1200
    7700	   37034	    5035
    7800	   31404	    1468
    7900	   41558	    6375
    8000	   31596	    1284
    8100	   16104	    7225
    8200	   33019	    7082
    8300	   33648	    7494
    8400	   35394	    1042
    8500	   35127	    1440
    8600	   20979	     395
    8700	   28455	     795
    8800	   38298	    5330
    8900	   25868	    7080
    9000	   38439	    4661
    9100	   29661	    4092
    9200	   57137	    2938
    9300	   39982	    1468
    9400	   45863	    6825
    9500	   28211	    8540
    9600	   46627	    7211
    9700	   20337	     845
    9800	   24791	    3494
    9900	   46062	    5276
   10000	   44933	    9176
     100	     521	      95
     200	     845	     168
     300	    1113	     289
     400	    1055	      36
     500	    2423	      98
     600	    2612	     277
     700	    2476	     397
     800	    2746	      17
     900	    3717	     561
    1000	    4705	     306
    1100	    5767	     757
    1200	    7268	     112
    1300	    4287	     436
    1400	    4735	     912
    1500	    6981	     884
    1600	    6299	     102
    1700	    4340	    1407
    1800	    7842	     786
    1900	    7544	    1518
    2000	    9596	    1478
    2100	    7975	    1285
    2200	    9826	    1094
    2300	    9884	     676
    2400	    7680	    1654
    2500	    7717	     644
    2600	   10066	     539
    2700	    8451	     324
    2800	   11350	    1296
    2900	   10538	    2526
    3000	   11641	     990
    3100	   10874	    2214
    3200	   19547	     788
    3300	   13030	    2753
    3400	   16722	     570
    3500	   15592	    2399
    3600	   15059	    1217
    3700	   23413	    1577
    3800	   14193	     483
    3900	   15780	    2927
    4000	   18429	    1574
    4100	   14844	     104
    4200	   11349	    1886
    4300	   21931	    2299
    4400	   17921	    2381
    4500	   13903	    2255
    4600	   16145	    3711
    4700	   25217	    1931
    4800	   14534	    4236
    4900	   17880	     829
    5000	    6632	    4979
    5100	    9273	    4820
    5200	   17755	     358
    5300	   11593	     573
    5400	    8806	    5074
    5500	   16694	    5479
    5600	   16747	      80
    5700	   19223	    5201
    5800	   32476	    2506
    5900	   28539	    2274
    6000	   26183	    5912
    6100	   25733	    5501
    6200	   19815	    3595
    6300	   21091	    1493
    6400	   19486	    5648
    6500	   32235	    5377
    6600	   23803	    2895
    6700	   16086	    3908
    6800	   36260	    3579
    6900	   24159	     921
    7000	   37634	    2692
    7100	   34872	    2658
    7200	   39543	    3159
    7300	   20079	    5253
    7400	   26844	    7156
    7500	   31632	    4919
    7600	   46321	    5648
    7700	   30820	    5188
    7800	   28616	     831
    7900	   29266	     955
    8000	   51997	    2489
    8100	   18717	    7485
    8200	   42973	    4227
    8300	   23664	    6270
    8400	   49057	    4851
    8500	   53372	    2996
    8600	   51911	    2955
    8700	   31407	    2764
    8800	   45920	    4672
    8900	   39446	    1146
    9000	   37643	     372
    9100	   34564	    6622
    9200	   28317	    8747
    9300	   49682	    7491
    9400	   18174	    8540
    9500	   42711	    8721
    9600	   24781	    9171
    9700	   30929	    6245
    9800	   32341	    2527
    9900	   32784	    8625
   10000	   26849	    9939
     100	     474	      84
     200	    1775	     101
     300	    1115	      27
     400	    2411	     200
     500	    4544	     173
     600	    2192	     451
     700	    2841	     438
     800	    2276	     234
     900	    3477	     886
    1000	    2736	     669
    1100	    5845	     343
    1200	    4814	     916
    1300	    6887	     352
    1400	    2876	    1338
    1500	    6210	    1393
    1600	    6118	    1108
    1700	    3750	    1650
    1800	    3885	      21
    1900	    3279	    1533
    2000	    5563	    1045
    2100	    7588	     126
    2200	    9620	     392
    2300	    7639	    1899
    2400	   12049	     624
    2500	    3986	     114
    2600	    9648	    1308
    2700	    9394	    1444
    2800	    5753	      92
    2900	    9933	     923
    3000	    5993	    2954
    3100	   11113	     816
    3200	   16113	    2727
    3300	    8746	    2601
    3400	   16636	    2602
    3500	   11555	    2446
    3600	   18283	    1039
    3700	   15969	    1360
    3800	   12788	    2278
    3900	   13770	    1622
    4000	   15636	    2242
    4100	   20219	    1454
    4200	   13076	     468
    4300	   17365	    3754
    4400	   11662	    2895
    4500	   10849	     598
    4600	   21609	    2398
    4700	   21622	    1325
    4800	   13536	    4335
    4900	   32481	     914
    5000	   23463	    3320
    5100	   21777	    2839
    5200	   12208	     291
    5300	   17474	    2275
    5400	   11844	    4851
    5500	   25442	    2102
    5600	   13300	    1831
    5700	   21268	    3142
    5800	   18138	    3172
    5900	   26663	    5773
    6000	   21568	    3319
    6100	   22369	    4704
    6200	   19123	    5751
    6300	   35096	    3245
    6400	   27749	    3859
    6500	   20972	    4785
    6600	   23951	     849
    6700	   36690	    2206
    6800	   37245	    4052
    6900	   27623	    3287
    7000	   41371	    3109
    7100	   40100	    6366
    7200	   34315	    5190
    7300	   37235	    4257
    7400	   41881	    3765
    7500	   37568	    4587
    7600	   28680	    2896
    7700	   33010	    4271
    7800	   17241	    4778
    7900	   15459	    7558
    8000	   17370	    5788
    8100	   57048	    4923
    8200	   32277	     784
    8300	   30048	    7878
    8400	   34733	    2593
    8500	   21990	    7374
    8600	   18604	    7529
    8700	   53317	    5127
    8800	   19243	    8142
    8900	   46888	    2530
    9000	   41610	    4117
    9100	   42631	    4650
    9200	   64687	    2532
    9300	   50770	    3318
    9400	   44146	    3889
    9500	   36209	     262
    9600	   41412	    3132
    9700	   28921	    8855
    9800	   35403	    7193
    9900	   55641	    7394
   10000	   39615	    7782
     100	     492	      10
     200	     631	      55
     300	    1585	     159
     400	    1558	     385
     500	    1479	     499
     600	    2974	     303
     700	    3278	     185
     800	    4632	     359
     900	    3291	     468
    1000	    5281	     393
    1100	    2450	     361
    1200	    4578	     709
    1300	    5121	     805
    1400	    7153	    1030
    1500	    5569	    1080
    1600	    7870	     271
    1700	    4033	     400
    1800	    8038	     520
    1900	   11990	     651
    2000	   12554	    1038
    2100	    7844	     464
    2200	    9679	     578
    2300	    6680	    2125
    2400	   10108	    1596
    2500	   10856	    1184
    2600	    7304	    2112
    2700	    9196	     811
    2800	   13164	    1397
    2900	   13664	    2102
    3000	   11509	    2606
    3100	   23440	     987
    3200	   13110	    1464
    3300	    8211	     227
    3400	    9545	    3387
    3500	   18096	    1720
    3600	   15108	    2558
    3700	   14926	     512
    3800	   21940	    2786
    3900	   15439	    2450
    4000	   15865	    1649
    4100	   18784	    3486
    4200	   12905	     951
    4300	   22419	    3336
    4400	   22303	    1661
    4500	   15012	    2407
    4600	   18330	      81
    4700	   14519	    2412
    4800	   16464	    2413
    4900	   16871	    2894
    5000	   19225	    2713
    5100	    9665	     505
    5200	   28480	    4330
    5300	   19252	    2095
    5400	   15030	    1962
    5500	   11622	     385
    5600	   24759	    3522
    5700	   17914	    3612
    5800	   26072	    3025
    5900	   19612	    4492
    6000	   16680	    5420
    6100	   33988	    1319
    6200	   28566	    3792
    6300	   38213	    1387
    6400	   22354	     108
    6500	   15662	     460
    6600	   21779	    4254
    6700	   50892	    4444
    6800	   18993	     645
    6900	   18435	    6414
    7000	   40591	    5052
    7100	   39882	     325
    7200	   28266	    1901
    7300	   39517	    4750
    7400	   35390	    6404
    7500	   37738	    2467
    7600	   29713	     152
    7700	   47421	    2314
    7800	   24965	    6763
    7900	   29816	    1700
    8000	   17483	    7148
    8100	   35903	    4068
    8200	   38602	    3906
    8300	   49432	    6957
    8400	   33148	    3906
    8500	   41649	     894
    8600	   31816	    2438
    8700	   54923	    1577
    8800	   39032	    7267
    8900	   28157	    5006
    9000	   37065	    5684
    9100	   49142	    6076
    9200	   16757	     195
    9300	   57386	    5155
    9400	   31587	    2954
    9500	   13876	    9040
    9600	   26855	    1764
    9700	   41168	    3110
    9800	   25032	    6569
    9900	   34575	     668
   10000	   62549	    4488
     100	     309	      95
     200	     692	     159
     300	    1047	     272
     400	    1751	     377
     500	     908	     119
     600	    1737	      83
     700	    2594	      83
     800	    3751	     342
     900	    2427	     849
    1000	    3512	     947
    1100	    2415	    1046
    1200	    4475	     545
    1300	    4239	      73
    1400	    5712	     969
    1500	    7447	     717
    1600	    7548	     871
    1700	    5477	    1169
    1800	    9211	     317
    1900	    5305	    1712
    2000	    8561	     225
    2100	   10194	    1601
    2200	    9106	    1054
    2300	   12291	    1593
    2400	    5099	    2294
    2500	    6315	    1335
    2600	   15468	     204
    2700	    6176	    2242
    2800	    7592	    2185
    2900	   11701	    1983
    3000	   12373	    1538
    3100	    8402	      44
    3200	   14150	    2817
    3300	    5670	    3247
    3400	   13070	     411
    3500	   15436	    1123
    3600	   15877	     736
    3700	    8943	     556
    3800	   11987	     575
    3900	   20873	    1053
    4000	   14721	    2503
    4100	    9108	    3202
    4200	   25243	    2578
    4300	   15573	    1428
    4400	   21028	    1506
    4500	   15081	    4363
    4600	   16227	    3961
    4700	   18392	    2262
    4800	   14405	    2277
    4900	   16182	    1014
    5000	   23903	    1554
    5100	   30711	    2012
    5200	   13617	    2035
    5300	   20724	    3962
    5400	   19118	      65
    5500	   16322	    5306
    5600	   23174	     465
    5700	   18201	    2842
    5800	   32886	    3493
    5900	   43176	    3898
    6000	   22583	     586
    6100	   13808	    5146
    6200	   21962	     119
    6300	   36933	    4154
    6400	   19221	    3251
    6500	   19211	    2681
    6600	   25442	    2018
    6700	   19854	    3756
    6800	   42965	    3069
    6900	   18956	    6585
    7000	   34733	    3901
    7100	   23854	    4641
    7200	   36028	    1734
    7300	   20562	    1252
    7400	   35971	    6358
    7500	   36508	    5897
    7600	   44420	    5327
    7700	   50240	    1218
    7800	   65225	    4319
    7900	   26116	     809
    8000	   28635	    5870
    8100	   21188	    6971
    8200	   27489	    4714
    8300	   41637	    4349
    8400	   26999	     699
    8500	   26983	    1549
    8600	   41575	    7442
    8700	   28279	    8217
    8800	   53079	    2532
    8900	   25777	    7014
    9000	   45188	    1647
    9100	   31741	    8919
    9200	   26336	    3316
    9300	   35814	    6775
    9400	   45160	    4803
    9500	   17354	     154
    9600	   40620	    2046
    9700	   50372	    4481
    9800	   48859	    7848
    9900	   48783	    4746
   10000	   37971	    6555
