     100	     334	      69
     200	     762	     164
     300	    1223	     120
     400	    1745	     253
     500	    1782	     267
     600	    2588	     254
     700	    2943	       0
     800	    3439	     327
     900	    3903	     772
    1000	    4316	     142
    1100	    4748	     100
    1200	    5183	     571
    1300	    5035	     388
    1400	    6234	     665
    1500	    6618	    1284
    1600	    7076	     845
    1700	    7277	    1679
    1800	    7972	    1247
    1900	    8577	    1349
    2000	    8925	     102
    2100	    9428	    2076
    2200	    9942	    1309
    2300	    9953	    1313
    2400	   10742	    1704
    2500	   11109	    2024
    2600	   11871	    1265
    2700	   12283	     609
    2800	   12738	     860
    2900	   11923	    2053
    3000	   13645	    2426
    3100	   13482	     116
    3200	   14567	    1966
    3300	   15194	    1982
    3400	   15460	     694
    3500	   15867	    2919
    3600	   16439	    2781
    3700	   16631	    3551
    3800	   17118	    2795
    3900	   17660	    2816
    4000	   18372	    1212
    4100	   18707	    1163
    4200	   19522	    1554
    4300	   19171	    3206
    4400	   20197	    3688
    4500	   20780	    2532
    4600	   20539	    2733
    4700	   21345	    2234
    4800	   22082	    2251
    4900	   22720	    1435
    5000	   22781	    2801
    5100	   23707	    2259
    5200	   23810	    3268
    5300	   24624	    2026
    5400	   25191	    3361
    5500	   25574	     819
    5600	   26194	    2429
    5700	   26696	    4268
    5800	   27307	    2030
    5900	   27524	    1475
    6000	   27984	    5786
    6100	   28342	    2310
    6200	   28385	    5700
    6300	   29222	    3285
    6400	   29742	    2172
    6500	   30414	    6367
    6600	   30581	    2290
    6700	   30277	    3074
    6800	   31245	    6333
    6900	   31262	    6811
    7000	   32942	    6412
    7100	   32706	    1870
    7200	   33677	    2883
    7300	   34603	    5430
    7400	   34821	    2285
    7500	   35164	      28
    7600	   35854	    6750
    7700	   36282	    1746
    7800	   36309	     341
    7900	   36936	    1714
    8000	   37674	    4677
    8100	   34271	     372
    8200	   38755	    7619
    8300	   38997	    7183
    8400	   38597	    1669
    8500	   39188	    5738
    8600	   40354	    2244
    8700	   40659	    8690
    8800	   40647	    4423
    8900	   41760	    8722
    9000	   41961	    1842
    9100	   41620	    6585
    9200	   42950	    6238
    9300	   43383	    4992
    9400	   44180	    6623
    9500	   38411	    2003
    9600	   44360	    4137
    9700	   45294	    4638
    9800	   45744	    6057
    9900	   46922	    9395
   10000	   46357	    3689
     100	     345	       6
     200	     725	     114
     300	    1159	     202
     400	    1628	      63
     500	    2048	      44
     600	    2487	      36
     700	    2916	     176
     800	    3382	     114
     900	    3810	     688
    1000	    4394	     583
    1100	    4383	     463
    1200	    5316	     395
    1300	    5622	      12
    1400	    6187	     441
    1500	    6579	     970
    1600	    7169	     659
    1700	    7465	    1211
    1800	    7578	    1324
    1900	    7471	     249
    2000	    9000	    1425
    2100	    9195	     331
    2200	   10045	     418
    2300	   10313	    1835
    2400	   10938	     620
    2500	   11393	    1439
    2600	   11374	    1633
    2700	   12202	      93
    2800	   12928	    1299
    2900	   13185	    1380
    3000	   13551	    1251
    3100	   13400	     974
    3200	   14636	    2337
    3300	   15131	    3185
    3400	   15034	    1728
    3500	   16105	     385
    3600	   16606	     857
    3700	   16996	    1166
    3800	   17660	    2080
    3900	   18024	    2688
    4000	   18159	    1587
    4100	   19144	    3695
    4200	   19059	     205
    4300	   19637	     277
    4400	   18649	    3421
    4500	   20689	    2135
    4600	   21425	     374
    4700	   21696	    1743
    4800	   22170	    4147
    4900	   21740	    2871
    5000	   23222	    3227
    5100	   23116	    1313
    5200	   24233	     474
    5300	   23782	    4801
    5400	   25161	     727
    5500	   25002	     556
    5600	   26235	     614
    5700	   25419	     531
    5800	   26172	    2341
    5900	   25050	     398
    6000	   27752	      50
    6100	   28676	    5935
    6200	   28822	    1191
    6300	   29010	     302
    6400	   29369	    5574
    6500	   30297	     195
    6600	   30827	    3743
    6700	   31166	    5482
    6800	   31747	    5121
    6900	   29245	    1259
    7000	   32811	    2529
    7100	   32509	     428
    7200	   33326	    6400
    7300	   33255	    1911
    7400	   34386	    4221
    7500	   34999	    5903
    7600	   35484	    2197
    7700	   35102	    6702
    7800	   36856	    3570
    7900	   37342	    3013
    8000	   37108	    4559
    8100	   37845	    1740
    8200	   37734	    1981
    8300	   37970	    7327
    8400	   39260	    4841
    8500	   40179	    6007
    8600	   40269	    1832
    8700	   40355	    7405
    8800	   41465	    5133
    8900	   41824	    3264
    9000	   42340	    4697
    9100	   42626	    6866
    9200	   43632	    2278
    9300	   43777	      48
    9400	   44095	    1274
    9500	   44503	    3605
    9600	   45262	    6739
    9700	   44811	    2304
    9800	   46233	    4797
    9900	   46546	     460
   10000	   47468	    4043
     100	     363	      95
     200	     711	     176
     300	    1214	      47
     400	    1586	      78
     500	    2052	     449
     600	    2522	     422
     700	    3037	     147
     800	    3421	     356
     900	    3965	     752
    1000	    4288	     734
    1100	    4806	     780
    1200	    5203	     261
    1300	    5770	     317
    1400	    6176	     748
    1500	    6636	     542
    1600	    6988	      22
    1700	    7641	     760
    1800	    7787	    1297
    1900	    7939	     863
    2000	    8862	    1268
    2100	    9318	    1654
    2200	    9847	     676
    2300	   10275	     703
    2400	   10738	    1499
    2500	   10487	    1422
    2600	   12031	     484
    2700	   12193	    1430
    2800	   12736	    1451
    2900	   13090	     120
    3000	   13569	    2065
    3100	   14098	     109
    3200	   13083	    2017
    3300	   14268	    2730
    3400	   15580	    2257
    3500	   15840	    1983
    3600	   16535	     683
    3700	   16428	    1979
    3800	   17322	    2894
    3900	   17707	     391
    4000	   18180	    1870
    4100	   18468	     720
    4200	   18404	    1779
    4300	   19482	    1821
    4400	   20228	    2404
    4500	   20708	     105
    4600	   20930	    4527
    4700	   21767	    2745
    4800	   22272	    2531
    4900	   22610	    1100
    5000	   23182	    4387
    5100	   23291	    3549
    5200	   23644	     858
    5300	   24340	    2478
    5400	   24834	    3667
    5500	   25352	    3702
    5600	   24850	    1817
    5700	   26456	    5151
    5800	   26806	    1505
    5900	   27604	    3861
    6000	   27588	    3554
    6100	   28123	    4768
    6200	   28485	    5562
    6300	   29084	     816
    6400	   29711	    4540
    6500	   30262	    2736
    6600	   30543	    3381
    6700	   31167	     882
    6800	   30925	    6024
    6900	   31954	     162
    7000	   32532	    6129
    7100	   32388	    3061
    7200	   33723	    5482
    7300	   34471	     471
    7400	   32883	    6024
    7500	   35085	    1757
    7600	   35529	    2982
    7700	   35814	    2979
    7800	   36126	    5924
    7900	   36432	    1534
    8000	   37786	    1144
    8100	   38093	    4341
    8200	   36705	    5483
    8300	   38457	    1675
    8400	   39146	    2339
    8500	   39553	    8445
    8600	   39794	    5973
    8700	   40808	     372
    8800	   41530	    8799
    8900	   42053	    5778
    9000	   42025	      62
    9100	   42697	    2694
    9200	   43345	    9060
    9300	   41505	    2508
    9400	   43834	    7995
    9500	   44801	    7990
    9600	   44744	     290
    9700	   45242	    5069
    9800	   45311	    9282
    9900	   46019	    1821
   10000	   46457	    1506
     100	     294	      32
     200	     761	     102
     300	    1201	     287
     400	    1582	      33
     500	    1973	     129
     600	    2481	     408
     700	    3015	     536
     800	    3400	      64
     900	    4017	      76
    1000	    4443	     130
    1100	    4585	     971
    1200	    5299	     882
    1300	    5794	     841
    1400	    6188	     500
    1500	    6639	      51
    1600	    7091	     273
    1700	    7697	     498
    1800	    7782	      37
    1900	    8460	      46
    2000	    8821	     867
    2100	    9498	    1537
    2200	    9771	     903
    2300	   10282	    2064
    2400	   10734	    1999
    2500	   11223	    2146
    2600	   11896	     187
    2700	   11771	    2293
    2800	   12561	     259
    2900	   13106	    1149
    3000	   13501	    2283
    3100	   14109	    1391
    3200	   14750	     392
    3300	   14797	    3224
    3400	   15313	    3186
    3500	   15898	    3236
    3600	   16620	    3490
    3700	   16203	    3555
    3800	   13391	     942
    3900	   18299	    3763
    4000	   18621	    1023
    4100	   19014	    1830
    4200	   19242	     787
    4300	   19968	    2477
    4400	   19992	    2065
    4500	   19794	    1979
    4600	   21616	    3088
    4700	   21382	    2753
    4800	   21746	    4075
    4900	   22738	     767
    5000	   23547	    4942
    5100	   23735	    2590
    5200	   23549	    4602
    5300	   24793	    1300
    5400	   25106	    2550
    5500	   25632	    2936
    5600	   25550	    3528
    5700	   26303	    3341
    5800	   25847	    2869
    5900	   27496	    5204
    6000	   28083	    1448
    6100	   28538	     616
    6200	   28609	     175
    6300	   29120	    3286
    6400	   29088	    1020
    6500	   30400	    5252
    6600	   29989	    6468
    6700	   31109	    4992
    6800	   29983	    2417
    6900	   30701	    3016
    7000	   32668	    3177
    7100	   32171	    4031
    7200	   32785	    2662
    7300	   34210	    6672
    7400	   34151	    4535
    7500	   34412	    2187
    7600	   35375	    5337
    7700	   35521	    2153
    7800	   36438	    3852
    7900	   35428	    3344
    8000	   36907	     998
    8100	   38259	    3823
    8200	   37851	    2357
    8300	   38659	    1723
    8400	   38578	    5888
    8500	   39452	    2715
    8600	   40310	     934
    8700	   40804	    5137
    8800	   41012	    2411
    8900	   41269	    5857
    9000	   41156	    8306
    9100	   42915	    1026
    9200	   41670	    8917
    9300	   43616	    9023
    9400	   43254	    3198
    9500	   44898	    5477
    9600	   42824	    1471
    9700	   45803	    7526
    9800	   43183	    6776
    9900	   46787	    8061
   10000	   46846	    9568
     100	     324	      40
     200	     721	      28
     300	    1241	     227
     400	    1668	     124
     500	    2055	     230
     600	    2588	     407
     700	    3034	     613
     800	    3277	     349
     900	    3947	     160
    1000	    4241	     921
    1100	    4872	     450
    1200	    5057	     921
    1300	    5527	     202
    1400	    5967	     132
    1500	    6744	    1122
    1600	    6454	    1146
    1700	    7673	    1346
    1800	    7778	    1352
    1900	    8491	     618
    2000	    8665	    1322
    2100	    9558	     217
    2200	    9704	    1077
    2300	   10431	    1727
    2400	   10630	    1276
    2500	   11325	     526
    2600	   11180	    2283
    2700	   12504	     251
    2800	   12354	    1252
    2900	   13119	    1549
    3000	   13826	    1584
    3100	   14112	     782
    3200	   14395	    2447
    3300	   14678	    1592
    3400	   15541	    1974
    3500	   15837	    2616
    3600	   16169	    3256
    3700	   16697	    1481
    3800	   17649	    3520
    3900	   17963	    1213
    4000	   18305	    1379
    4100	   18854	     783
    4200	   19335	    1120
    4300	   20059	    3377
    4400	   19908	    2260
    4500	   20526	    2503
    4600	   19190	    2909
    4700	   21882	    3902
    4800	   21707	    2960
    4900	   21490	    3805
    5000	   23129	     259
    5100	   23651	     613
    5200	   23058	    3387
    5300	   23847	    1118
    5400	   24637	    1425
    5500	   25474	    4382
    5600	   26223	    1965
    5700	   26517	    1480
    5800	   26999	    1618
    5900	   24904	    4920
    6000	   27707	      40
    6100	   28196	     110
    6200	   29067	    5446
    6300	   29043	    5363
    6400	   29943	    2784
    6500	   30433	    5688
    6600	   31028	     994
    6700	   31388	     116
    6800	   31399	    6730
    6900	   31392	    1354
    7000	   32852	    2982
    7100	   33124	     630
    7200	   33046	     400
    7300	   33291	    4962
    7400	   34884	    3741
    7500	   34354	    1371
    7600	   35516	    3560
    7700	   35958	     499
    7800	   36570	    7477
    7900	   36900	    5463
    8000	   32436	    7894
    8100	   37135	    5209
    8200	   38036	    4952
    8300	   38975	    5222
    8400	   39768	    6333
    8500	   40097	    4028
    8600	   40146	    3041
    8700	   40750	     438
    8800	   40759	    8667
    8900	   41885	    4258
    9000	   42291	    8721
    9100	   43085	    7743
    9200	   43195	     873
    9300	   44282	     921
    9400	   43962	     827
    9500	   45236	    4656
    9600	   45346	    4044
    9700	   45700	    5593
    9800	   46142	    6669
    9900	   45575	    4512
   10000	   47246	    4246
     100	     352	      60
     200	     796	      69
     300	    1080	     214
     400	    1563	     224
     500	    1873	     346
     600	    2478	     301
     700	    2882	      74
     800	    3441	     413
     900	    3860	     871
    1000	    4265	     748
    1100	    4809	     833
    1200	    5189	     157
    1300	    5606	      71
    1400	    6288	     552
    1500	    6036	    1086
    1600	    7125	    1288
    1700	    6999	     770
    1800	    8171	    1183
    1900	    8508	    1308
    2000	    8761	     393
    2100	    9287	    1253
    2200	    9802	    1529
    2300	   10307	     240
    2400	   10915	     299
    2500	   11172	    2486
    2600	   11727	     784
    2700	   12150	    1288
    2800	   12866	    1393
    2900	   13197	    2104
    3000	   13454	    2794
    3100	   14211	    2723
    3200	   13545	    2319
    3300	   15018	    2821
    3400	   15346	     766
    3500	   15909	    1041
    3600	   15699	    1626
    3700	   16800	     154
    3800	   17236	     583
    3900	   17601	    3512
    4000	   18316	    2741
    4100	   18908	     964
    4200	   18754	    2311
    4300	   18544	    3119
    4400	   20274	    3033
    4500	   20750	    2756
    4600	   21119	    2915
    4700	   21861	    2149
    4800	   22315	    1468
    4900	   22608	    3409
    5000	   22638	    3790
    5100	   22707	    4392
    5200	   23431	    2998
    5300	   24503	     965
    5400	   24854	    4077
    5500	   25507	    4467
    5600	   26141	    2478
    5700	   24100	    3975
    5800	   26660	    5703
    5900	   24836	    5137
    6000	   26043	    4707
    6100	   27307	    5313
    6200	   29090	    1391
    6300	   29171	    1247
    6400	   29663	    5980
    6500	   30633	    5451
    6600	   30751	    6351
    6700	   31142	    2279
    6800	   31945	    3561
    6900	   31944	    6145
    7000	   32671	    5167
    7100	   33378	    6756
    7200	   33671	    3502
    7300	   33945	    7272
    7400	   32585	    3044
    7500	   33525	      89
    7600	   35455	    1478
    7700	   35857	      13
    7800	   33394	    2066
    7900	   35625	     806
    8000	   37213	    4260
    8100	   37657	    1778
    8200	   38190	    6647
    8300	   39035	    2871
    8400	   39282	    3262
    8500	   39192	    3245
    8600	   40528	    8403
    8700	   39189	    6949
    8800	   41302	     699
    8900	   36240	    1125
    9000	   40870	    2033
    9100	   42800	    6651
    9200	   44023	    6131
    9300	   43418	    8905
    9400	   43214	    3101
    9500	   45077	    7069
    9600	   45017	    9519
    9700	   44575	    4179
    9800	   45996	     559
    9900	   46435	    1475
   10000	   24037	    5010
     100	     394	      99
     200	     720	       6
     300	    1104	     169
     400	    1739	     201
     500	    1956	     283
     600	    2575	     144
     700	    2817	     629
     800	    3118	      19
     900	    3862	     698
    1000	    4173	     915
    1100	    4717	     550
    1200	    5394	     593
    1300	    5737	     621
    1400	    6071	     338
    1500	    6844	    1375
    1600	    6998	    1522
    1700	    7673	     688
    1800	    7942	     727
    1900	    8405	     621
    2000	    8769	     955
    2100	    8814	     187
    2200	   10088	     198
    2300	    9542	    2246
    2400	   10610	    2071
    2500	   11301	    2393
    2600	   11747	    2078
    2700	   12337	     737
    2800	   12826	    2390
    2900	   13368	    2163
    3000	   13641	    1698
    3100	   13621	    1749
    3200	   14432	    1094
    3300	   15187	     465
    3400	   15722	    1788
    3500	   15338	    2577
    3600	   16189	    1177
    3700	   16582	    1488
    3800	   15724	    1558
    3900	   17314	    1462
    4000	   17710	    1831
    4100	   18610	    2156
    4200	   19385	    3040
    4300	   19582	    3518
    4400	   20270	    2854
    4500	   20632	    1144
    4600	   21083	    1590
    4700	   21411	    3714
    4800	   18837	     110
    4900	   22392	    1715
    5000	   23345	    3097
    5100	   23083	    1940
    5200	   23997	    4743
    5300	   24679	    1155
    5400	   24848	    2333
    5500	   25358	    4558
    5600	   26295	    1857
    5700	   26508	    4337
    5800	   26824	    4438
    5900	   27528	     953
    6000	   28160	     490
    6100	   28917	    4782
    6200	   29099	     928
    6300	   29226	    1664
    6400	   29915	    2502
    6500	   30215	    3318
    6600	   27487	    2793
    6700	   30471	    3435
    6800	   28721	    1297
    6900	   32106	    5422
    7000	   32542	    5364
    7100	   29777	    5044
    7200	   33585	    3098
    7300	   34143	    3849
    7400	   31472	    4307
    7500	   31445	    5427
    7600	   35513	    7353
    7700	   35581	    5517
    7800	   36678	    7063
    7900	   33478	    3317
    8000	   37129	    4947
    8100	   37468	    2284
    8200	   38377	      23
    8300	   39040	    6420
    8400	   37429	     627
    8500	   39619	    2699
    8600	   36808	    7764
    8700	   40790	    3240
    8800	   41263	    8606
    8900	   41227	    6484
    9000	   42480	    5467
    9100	   42144	    1309
    9200	   40615	    1790
    9300	   43587	    2990
    9400	   44220	    2591
    9500	   44559	    8328
    9600	   45585	    9586
    9700	   45776	    6576
    9800	   45857	    5110
    9900	   46728	    7300
   10000	   46612	    4435
     100	     313	       5
     200	     726	      60
     300	    1151	      48
     400	    1623	     131
     500	    1955	      61
     600	    2351	      75
     700	    2881	     577
     800	    3113	     220
     900	    3686	     360
    1000	    4303	     391
    1100	    4668	     668
    1200	    5208	    1089
    1300	    5666	     457
    1400	    6174	     743
    1500	    6160	     886
    1600	    6919	      88
    1700	    7425	    1650
    1800	    7949	     245
    1900	    8644	    1775
    2000	    8883	    1512
    2100	    9456	    1120
    2200	    9990	     228
    2300	   10214	    2258
    2400	   10939	     460
    2500	   11259	     922
    2600	   11496	    1850
    2700	   11941	     549
    2800	   12804	    2567
    2900	   12928	    1097
    3000	   13627	    1230
    3100	   12931	    1584
    3200	   14381	    1653
    3300	   14951	    1347
    3400	   15403	     719
    3500	   15950	    2664
    3600	   16365	    3078
    3700	   15776	     433
    3800	   17277	    2486
    3900	   18096	    1897
    4000	   18290	    2845
    4100	   18674	    2267
    4200	   18750	    1103
    4300	   19475	    2009
    4400	   20442	    2942
    4500	   19929	     480
    4600	   21319	    3208
    4700	   21798	    3898
    4800	   21943	    1206
    4900	   22159	    4829
    5000	   23107	     229
    5100	   23525	     505
    5200	   23835	    1233
    5300	   23943	     819
    5400	   24862	    3640
    5500	   25844	    2977
    5600	   25814	    5529
    5700	   26558	    5352
    5800	   26894	    3870
    5900	   25787	    5121
    6000	   27647	    1719
    6100	   28133	    3723
    6200	   28598	    2907
    6300	   29272	    5835
    6400	   29795	    6195
    6500	   30316	    3488
    6600	   30497	    4248
    6700	   29923	    5710
    6800	   31673	    1405
    6900	   32377	    4429
    7000	   32728	    6803
    7100	   32898	     847
    7200	   33903	    5457
    7300	   33949	    3508
    7400	   33421	    6160
    7500	   34242	    3927
    7600	   34925	    7111
    7700	   35107	     956
    7800	   36621	    2897
    7900	   37049	    2312
    8000	   37559	     798
    8100	   38010	    6519
    8200	   38397	    2325
    8300	   38766	     493
    8400	   39029	    7096
    8500	   39585	    5675
    8600	   40152	    5898
    8700	   38794	    3790
    8800	   41100	    4211
    8900	   41863	    6117
    9000	   38636	    2334
    9100	   43037	    7894
    9200	   43460	     465
    9300	   43582	     905
    9400	   44385	    1275
    9500	   44965	    3402
    9600	   45128	    7928
    9700	   45787	    8851
    9800	   46110	    7371
    9900	   46101	    7581
   10000	   47247	     362
     100	     293	       7
     200	     747	      80
     300	    1210	     118
     400	    1664	     168
     500	    1824	     257
     600	    2557	     490
     700	    2829	     674
     800	    3414	     516
     900	    3847	     381
    1000	    4128	     656
    1100	    4675	     101
    1200	    4074	     298
    1300	    5918	    1209
    1400	    6164	    1312
    1500	    6624	    1326
    1600	    7140	     892
    1700	    7574	    1271
    1800	    8162	    1438
    1900	    7987	    1894
    2000	    8576	     800
    2100	    9380	     998
    2200	    9902	     300
    2300	   10579	      82
    2400	   10680	     491
    2500	   11316	     385
    2600	   11661	     263
    2700	   11477	     191
    2800	   11870	      23
    2900	   13039	    1146
    3000	   13501	    1932
    3100	   14064	    1863
    3200	   14390	    2271
    3300	   14732	    1958
    3400	   15622	    2161
    3500	   16329	     725
    3600	   16552	    2153
    3700	   16951	    3063
    3800	   16575	    2222
    3900	   16945	    3788
    4000	   16840	     369
    4100	   19204	    3017
    4200	   19322	    3392
    4300	   19840	    2576
    4400	   19748	    3222
    4500	   20759	    1837
    4600	   21324	    1421
    4700	   21504	    3834
    4800	   22163	    2778
    4900	   20258	    4724
    5000	   23034	     248
    5100	   23267	    3871
    5200	   23092	    1749
    5300	   24541	    3569
    5400	   24367	    5047
    5500	   25525	     896
    5600	   25792	    1883
    5700	   25962	    4284
    5800	   27096	    3434
    5900	   27334	    5695
    6000	   28027	     288
    6100	   28471	    5571
    6200	   28759	    4793
    6300	   29174	    2421
    6400	   29798	    2809
    6500	   30371	    1300
    6600	   30856	    2609
    6700	   29954	     908
    6800	   31483	    4799
    6900	   32024	    5089
    7000	   32697	    1903
    7100	   32787	    5799
    7200	   33586	    4879
    7300	   33843	    2520
    7400	   31128	    3291
    7500	   35420	    7342
    7600	   35810	    6023
    7700	   35891	    6603
    7800	   36764	    7182
    7900	   37045	    1393
    8000	   37192	    7223
    8100	   37958	    1669
    8200	   38024	    8043
    8300	   37065	    6034
    8400	   39555	    2602
    8500	   39846	     988
    8600	   38779	    8335
    8700	   41145	    1428
    8800	   38803	    3629
    8900	   41682	    1780
    9000	   41766	     897
    9100	   42238	    4383
    9200	   43408	    3823
    9300	   42892	    3368
    9400	   39519	    3810
    9500	   44336	    5473
    9600	   43924	    7982
    9700	   45488	    7414
    9800	   46123	     504
    9900	   47260	    8989
   10000	   46679	       5
     100	     282	      22
     200	     759	      45
     300	    1161	     117
     400	    1631	     371
     500	    2070	     106
     600	    2281	     390
     700	    2890	     173
     800	    3126	     540
     900	    3728	     107
    1000	    4220	     553
    1100	    4696	     412
    1200	    5257	     825
    1300	    5696	    1243
    1400	    6055	     784
    1500	    6636	     578
    1600	    6928	    1091
    1700	    7726	    1013
    1800	    7549	    1299
    1900	    8122	    1339
    2000	    8967	    1757
    2100	    9513	     590
    2200	    9675	     264
    2300	   10361	    1652
    2400	   10829	     789
    2500	   10928	      21
    2600	   11678	    2450
    2700	   12258	    1411
    2800	   12226	     167
    2900	   13300	    1899
    3000	   13550	    2620
    3100	   14230	    1566
    3200	   14754	    1395
    3300	   15241	    2099
    3400	   15725	    1105
    3500	   15983	     169
    3600	   15431	     552
    3700	   17179	    1326
    3800	   17072	    3130
    3900	   17801	    1013
    4000	   18361	    2627
    4100	   18752	    3314
    4200	   19202	    2795
    4300	   17994	    1019
    4400	   20423	    3847
    4500	   20965	    1029
    4600	   21267	    2016
    4700	   21465	    2382
    4800	   19920	    3187
    4900	   22494	    4225
    5000	   22939	    3444
    5100	   23413	    4602
    5200	   24284	    4156
    5300	   23205	     251
    5400	   24896	    4994
    5500	   25163	    4412
    5600	   25573	    4281
    5700	   26381	    4270
    5800	   26441	    2565
    5900	   27026	      26
    6000	   27533	    5497
    6100	   28775	    3744
    6200	   28839	    6064
    6300	   29590	     704
    6400	   29870	    2091
    6500	   30310	    1146
    6600	   30571	    2115
    6700	   31246	     630
    6800	   29855	    2657
    6900	   32205	    2471
    7000	   32257	    6088
    7100	   32993	    6421
    7200	   33682	    3691
    7300	   34121	    2276
    7400	   34901	    3305
    7500	   35182	    4037
    7600	   32417	    6110
    7700	   35688	    5083
    7800	   36364	    1607
    7900	   36799	    1031
    8000	   33345	    1384
    8100	   38110	    2821
    8200	   37640	     383
    8300	   39230	    7082
    8400	   39341	     533
    8500	   39935	    6918
    8600	   40075	    3085
    8700	   40746	    2183
    8800	   41738	    1941
    8900	   41886	    3712
    9000	   42685	    3468
    9100	   42702	    2757
    9200	   41935	    3219
    9300	   41427	    1788
    9400	   41724	    8810
    9500	   44404	    1197
    9600	   45049	    1298
    9700	   41645	    7580
    9800	   41819	    3384
    9900	   45264	    7517
   10000	   46383	    4082
     100	     334	      28
     200	     734	     171
     300	    1202	       7
     400	    1675	     134
     500	    2140	     132
     600	    2348	     539
     700	    2970	     535
     800	    3426	     331
     900	    3891	      59
    1000	    4171	     391
    1100	    4329	     674
    1200	    5100	     538
    1300	    5735	     652
    1400	    6241	     100
    1500	    6724	     780
    1600	    6785	       2
    1700	    7827	    1250
    1800	    8084	     572
    1900	    7684	    1788
    2000	    8730	      54
    2100	    9570	     675
    2200	    9766	    2166
    2300	   10466	    1713
    2400	   10322	    2340
    2500	   10886	     301
    2600	   11927	     378
    2700	   12008	    1298
    2800	   12859	    2186
    2900	   13209	     414
    3000	   13436	     152
    3100	   14200	    3058
    3200	   14151	    2398
    3300	   14953	      30
    3400	   15500	    1351
    3500	   15989	    2137
    3600	   16572	    1758
    3700	   16921	    1123
    3800	   17446	     350
    3900	   17406	     265
    4000	   18277	    2299
    4100	   18826	    3896
    4200	   19199	    1735
    4300	   19571	      23
    4400	   19723	    3838
    4500	   20594	    3096
    4600	   21472	    2151
    4700	   22309	     770
    4800	   22149	    1293
    4900	   21470	    2334
    5000	   23071	    1089
    5100	   23814	    2280
    5200	   23735	    2204
    5300	   24391	    4002
    5400	   25326	    3433
    5500	   25599	    4941
    5600	   26200	     267
    5700	   26316	    2415
    5800	   26861	    1103
    5900	   27105	    3000
    6000	   25717	     135
    6100	   28661	    3671
    6200	   29065	    4917
    6300	   29453	    5787
    6400	   29789	    5417
    6500	   29769	    2764
    6600	   30292	    3826
    6700	   31357	    3784
    6800	   31999	     887
    6900	   31736	    2992
    7000	   32353	    1319
    7100	   32767	    5223
    7200	   33178	    1057
    7300	   33772	    6812
    7400	   34352	    1907
    7500	   33453	    1344
    7600	   35227	    6537
    7700	   36047	    6917
    7800	   36718	    2408
    7900	   36721	    6013
    8000	   32492	    7694
    8100	   37881	    7367
    8200	   38368	    7542
    8300	   38840	    2495
    8400	   39142	    2315
    8500	   38607	    4882
    8600	   40174	    6821
    8700	   41126	    5169
    8800	   41330	    7184
    8900	   42176	    2083
    9000	   42267	    4868
    9100	   40194	    4216
    9200	   43081	    7900
    9300	   43561	    6798
    9400	   44279	    4844
    9500	   44574	    9307
    9600	   45099	    5494
    9700	   45064	     960
    9800	   46371	    1887
    9900	   45914	    1737
   10000	   47176	    6716
     100	     371	      88
     200	     708	     150
     300	    1210	      79
     400	    1546	      57
     500	    1133	     240
     600	    2409	     218
     700	    2965	     535
     800	    3118	     701
     900	    3943	     359
    1000	    4483	     180
    1100	    4661	     664
    1200	    5244	    1135
    1300	    5621	     124
    1400	    6134	     899
    1500	    6401	     610
    1600	    7051	    1509
    1700	    7396	     968
    1800	    8115	     643
    1900	    8237	    1808
    2000	    8989	     937
    2100	    9588	    1941
    2200	    9166	     438
    2300	   10459	     143
    2400	   10716	    1312
    2500	   10412	    1879
    2600	   10901	    2075
    2700	   12213	    1502
    2800	   12501	     893
    2900	   12940	    2673
    3000	   13614	    1907
    3100	   13811	       5
    3200	   14411	     531
    3300	   14649	    2671
    3400	   15388	    2913
    3500	   15397	     904
    3600	   16000	    2162
    3700	   17232	    1644
    3800	   17174	    3276
    3900	   17862	    1890
    4000	   18472	     477
    4100	   19125	    1420
    4200	   19108	    2330
    4300	   19792	    2591
    4400	   20244	    1666
    4500	   20604	    1269
    4600	   20696	    3908
    4700	   21774	    2005
    4800	   21123	    4296
    4900	   22240	    4378
    5000	   22983	    3106
    5100	   23813	    4584
    5200	   24194	    3948
    5300	   24907	    3947
    5400	   24627	    3552
    5500	   25500	    3911
    5600	   26074	     874
    5700	   26697	    2216
    5800	   26179	    3230
    5900	   27665	    1464
    6000	   26804	    5083
    6100	   28765	    3618
    6200	   28966	    1393
    6300	   29492	    3457
    6400	   26592	    6386
    6500	   30488	    1330
    6600	   30777	    4162
    6700	   31510	    6492
    6800	   31948	       1
    6900	   31808	    2509
    7000	   32276	     771
    7100	   33451	    7098
    7200	   33871	    1825
    7300	   34317	    6154
    7400	   34289	    2533
    7500	   35091	    2168
    7600	   35058	     397
    7700	   36201	    3224
    7800	   36487	    2604
    7900	   36849	    5042
    8000	   37413	    4028
    8100	   37746	    7272
    8200	   38122	    3439
    8300	   38827	    3270
    8400	   39521	    5151
    8500	   39236	    4788
    8600	   36991	    7597
    8700	   40377	    7192
    8800	   41412	    4809
    8900	   42185	    4576
    9000	   37912	    7931
    9100	   42608	    1396
    9200	   43539	    8498
    9300	   44198	    8249
    9400	   44047	    7954
    9500	   43917	    5695
    9600	   44649	    8018
    9700	   45223	    9084
    9800	   45740	    4540
    9900	   46738	    6913
   10000	   46813	    7581
     100	     360	      78
     200	     761	     139
     300	    1211	     295
     400	    1546	     208
     500	    1934	     382
     600	    2588	     458
     700	    2970	     438
     800	    3116	     460
     900	    3430	     739
    1000	    4316	     241
    1100	    4591	     311
    1200	    5144	    1187
    1300	    5834	    1178
    1400	    6103	     287
    1500	    6559	     340
    1600	    6119	    1102
    1700	    7365	      43
    1800	    7987	     523
    1900	    8487	     264
    2000	    9025	    1749
    2100	    9219	    1137
    2200	    9824	     785
    2300	   10353	     401
    2400	   10593	    1303
    2500	   11368	    1067
    2600	   11806	     324
    2700	   12282	    2128
    2800	   12754	    2460
    2900	   12990	    1160
    3000	   13599	    1087
    3100	   13956	     252
    3200	   14775	     825
    3300	   15100	     781
    3400	   15483	    2744
    3500	   15028	    1269
    3600	   16563	    3502
    3700	   16609	    2800
    3800	   17333	     513
    3900	   17776	     256
    4000	   16373	     502
    4100	   18688	     706
    4200	   18331	    2695
    4300	   19413	    4281
    4400	   20183	    2066
    4500	   20116	    4046
    4600	   21270	    4331
    4700	   21593	     617
    4800	   21700	    2225
    4900	   22481	    2989
    5000	   22946	    2706
    5100	   23795	    4496
    5200	   24090	    1250
    5300	   24630	    2521
    5400	   23905	    4955
    5500	   25291	    1167
    5600	   23664	    1715
    5700	   26943	    3460
    5800	   26531	    1701
    5900	   27394	    2014
    6000	   27871	    4956
    6100	   28295	     422
    6200	   28914	    1010
    6300	   29281	    1197
    6400	   29966	    3519
    6500	   30500	    2377
    6600	   30795	    4853
    6700	   28472	    4427
    6800	   31747	    4791
    6900	   32581	    4169
    7000	   31268	    3012
    7100	   31681	    6320
    7200	   33443	    5766
    7300	   33628	    6726
    7400	   34601	    5337
    7500	   34384	    5173
    7600	   35908	    3840
    7700	   35992	    4262
    7800	   35630	    5451
    7900	   37323	    5756
    8000	   37217	    1499
    8100	   37814	    5428
    8200	   38907	    3153
    8300	   37961	    2408
    8400	   39568	    4512
    8500	   39584	    3582
    8600	   39153	    1410
    8700	   40596	    2799
    8800	   41732	    8033
    8900	   41488	     575
    9000	   41970	    8026
    9100	   42466	    5430
    9200	   42582	    8483
    9300	   43840	    5908
    9400	   43826	    4483
    9500	   44666	    9013
    9600	   40980	     920
    9700	   45109	    4236
    9800	   46035	    1992
    9900	   46321	     252
   10000	   47421	    5956
     100	     328	      27
     200	     725	      59
     300	    1251	     124
     400	    1645	     359
     500	    2056	     459
     600	    2343	     224
     700	    2812	     377
     800	    3401	     241
     900	    3724	     581
    1000	    4244	     261
    1100	    4764	     633
    1200	    5312	     739
    1300	    5661	     405
    1400	    6209	     315
    1500	    6765	    1289
    1600	    7061	    1392
    1700	    7266	     723
    1800	    8033	     359
    1900	    8611	    1397
    2000	    8873	    1899
    2100	    9384	     538
    2200	    9905	    1330
    2300	   10449	    1502
    2400	   10763	    2227
    2500	   11467	    1510
    2600	   11557	    2101
    2700	   12282	    2321
    2800	   12413	      58
    2900	   13346	    1443
    3000	   13484	     471
    3100	   13821	      60
    3200	   14518	    1225
    3300	   15198	    1111
    3400	   15403	    2200
    3500	   14973	     240
    3600	   16624	     886
    3700	   16926	     850
    3800	   17703	    1916
    3900	   17260	     124
    4000	   17538	    3894
    4100	   18488	    2534
    4200	   19189	    1387
    4300	   20085	    3298
    4400	   19996	    2362
    4500	   20266	     634
    4600	   21205	    1336
    4700	   21362	    2562
    4800	   21559	    4726
    4900	   21856	    1966
    5000	   23393	    1087
    5100	   23221	    3303
    5200	   24032	    4665
    5300	   24973	    4272
    5400	   25379	    4639
    5500	   24894	    3380
    5600	   26228	    1063
    5700	   26497	    4714
    5800	   26688	    3927
    5900	   26401	    2210
    6000	   27439	    2955
    6100	   28130	    5387
    6200	   29085	    5424
    6300	   29584	    5294
    6400	   27182	    3891
    6500	   27292	     506
    6600	   30225	     989
    6700	   30106	    4768
    6800	   31514	    3532
    6900	   32854	    2406
    7000	   31842	     299
    7100	   32669	    3039
    7200	   33380	    5086
    7300	   33135	    6124
    7400	   34618	    1643
    7500	   35128	    4191
    7600	   34057	    7493
    7700	   35793	     150
    7800	   36442	    3127
    7900	   37144	     641
    8000	   35721	    6379
    8100	   36899	     555
    8200	   38613	    1219
    8300	   38594	    3514
    8400	   39669	    4930
    8500	   39049	     554
    8600	   40377	     307
    8700	   40721	    6780
    8800	   40695	    3203
    8900	   41365	    4469
    9000	   41893	    5653
    9100	   41932	    6957
    9200	   43476	    3355
    9300	   43420	    1806
    9400	   43467	    5576
    9500	   44843	    6551
    9600	   44580	      57
    9700	   46206	    6178
    9800	   45745	    8222
    9900	   46247	    1465
   10000	   47297	    8830
     100	     317	      12
     200	     737	     162
     300	    1189	      16
     400	    1565	      55
     500	    1995	     273
     600	    2454	     466
     700	    2958	       6
     800	    3507	     211
     900	    3445	     201
    1000	    4244	      15
    1100	    4806	     112
    1200	    5145	     353
    1300	    5703	     998
    1400	    6198	     334
    1500	    6564	     337
    1600	    7058	     950
    1700	    7591	     771
    1800	    7606	     609
    1900	    8390	     244
    2000	    8924	     568
    2100	    8620	    1568
    2200	   10070	     850
    2300	   10507	    1369
    2400	   10936	     466
    2500	   11164	    2175
    2600	   11787	    2560
    2700	   12184	    1889
    2800	   12634	     985
    2900	   12984	     447
    3000	   13603	    1324
    3100	   14129	    1360
    3200	   14531	      96
    3300	   15208	    1129
    3400	   14779	     469
    3500	   15414	    2693
    3600	   16140	     765
    3700	   16953	    3420
    3800	   17483	     385
    3900	   18097	    2164
    4000	   18260	    1601
    4100	   19033	    2438
    4200	   19693	    3427
    4300	   19808	    4138
    4400	   20341	    2574
    4500	   20410	    3164
    4600	   20723	    2052
    4700	   21372	    4155
    4800	   21682	    4081
    4900	   22427	    2208
    5000	   23197	    2035
    5100	   23541	    2272
    5200	   24214	     534
    5300	   23576	    3872
    5400	   24668	    2347
    5500	   25519	     350
    5600	   25711	    1629
    5700	   25853	     547
    5800	   26684	     291
    5900	   27348	    3724
    6000	   27884	    3058
    6100	   28420	    1630
    6200	   28514	    4790
    6300	   29196	    2585
    6400	   29223	    2004
    6500	   30057	    3091
    6600	   31156	    2436
    6700	   30982	    1642
    6800	   31666	    2418
    6900	   32487	    6748
    7000	   32343	    3568
    7100	   33119	    5971
    7200	   33396	     610
    7300	   33819	    4941
    7400	   34693	    6635
    7500	   34929	     767
    7600	   35913	    3527
    7700	   36428	     235
    7800	   36880	    3890
    7900	   36420	    5085
    8000	   37566	    7156
    8100	   37698	    4203
    8200	   38378	    2893
    8300	   39002	    7383
    8400	   39213	    3157
    8500	   39322	    3519
    8600	   39972	     965
    8700	   40462	    3331
    8800	   41266	    5362
    8900	   41195	    2798
    9000	   42014	    7999
    9100	   43158	    4965
    9200	   43445	     571
    9300	   43853	    3468
    9400	   43354	    5822
    9500	   44671	    1591
    9600	   44831	    8926
    9700	   45431	     868
    9800	   46051	    5111
    9900	   46112	     138
   10000	   47351	    8703
     100	     364	      48
     200	     766	      52
     300	    1202	     208
     400	    1666	     127
     500	    2100	     316
     600	    2609	     191
     700	    2825	     267
     800	    3445	      16
     900	    3944	     170
    1000	    4322	     973
    1100	    4690	     564
    1200	    5143	      39
    1300	    5684	     300
    1400	    6111	     220
    1500	    6525	     126
    1600	    7031	     305
    1700	    6937	    1013
    1800	    8090	    1002
    1900	    8143	     496
    2000	    8885	    1806
    2100	    9304	    2076
    2200	    8940	     720
    2300	   10290	    1325
    2400	   10827	    1352
    2500	   11150	    1934
    2600	   11617	    2300
    2700	   11839	    2602
    2800	   12873	    1648
    2900	   13052	    1633
    3000	   13592	    1113
    3100	   13982	    2623
    3200	   14662	    2514
    3300	   14846	    1002
    3400	   15500	    1803
    3500	   15916	     852
    3600	   16321	    2365
    3700	   16832	     367
    3800	   17123	    3694
    3900	   18093	    2736
    4000	   17969	    2787
    4100	   18833	    3859
    4200	   19232	    2605
    4300	   19861	    2227
    4400	   20279	     420
    4500	   20423	    3021
    4600	   21298	    3882
    4700	   21884	    3503
    4800	   22020	    4797
    4900	   22529	     706
    5000	   22808	    1786
    5100	   23340	    1401
    5200	   21758	    2909
    5300	   23983	     990
    5400	   25086	    2515
    5500	   25455	    4368
    5600	   25779	    2910
    5700	   26693	     493
    5800	   27001	     903
    5900	   27571	    1800
    6000	   27473	    4807
    6100	   26710	    1067
    6200	   29106	    1606
    6300	   29318	    4861
    6400	   30000	     358
    6500	   29912	    5152
    6600	   30742	    5483
    6700	   30779	    2309
    6800	   31965	     648
    6900	   32439	    2835
    7000	   32960	    4794
    7100	   33146	    6400
    7200	   33492	    3297
    7300	   34080	    3385
    7400	   34736	    5567
    7500	   35256	    6313
    7600	   35707	    4906
    7700	   35727	    6833
    7800	   36251	    6735
    7900	   36909	    1891
    8000	   37704	    3998
    8100	   38068	    4763
    8200	   37870	    7827
    8300	   38901	    6194
    8400	   39490	    1951
    8500	   39661	    4674
    8600	   40293	    1390
    8700	   40501	    6694
    8800	   41700	    4377
    8900	   41586	      76
    9000	   42373	    2132
    9100	   42547	    4774
    9200	   43270	    3314
    9300	   43490	    6684
    9400	   43636	    5806
    9500	   44768	    6336
    9600	   44030	    2789
    9700	   44399	    5660
    9800	   46057	     962
    9900	   46481	    9179
   10000	   47672	    9041
     100	     388	      75
     200	     705	      60
     300	    1219	     270
     400	    1433	      44
     500	    1926	     440
     600	    2473	     468
     700	    3069	     128
     800	    3444	     354
     900	    3921	     359
    1000	    4081	     561
    1100	    5050	     898
    1200	    5282	    1178
    1300	    5199	     553
    1400	    5601	     749
    1500	    6657	     636
    1600	    7008	    1070
    1700	    7280	     582
    1800	    8202	    1569
    1900	    8313	    1719
    2000	    8788	     175
    2100	    9485	    1994
    2200	    9740	     353
    2300	   10325	    1111
    2400	   10673	    1299
    2500	   11044	    1750
    2600	   11457	     736
    2700	   12111	     891
    2800	   12540	    2530
    2900	   13347	    1921
    3000	   13696	     144
    3100	   13919	    2376
    3200	   14261	    2048
    3300	   14852	      27
    3400	   15216	    1386
    3500	   15669	    2338
    3600	   16857	    3564
    3700	   16826	    2275
    3800	   16398	    1922
    3900	   18015	    2399
    4000	   18701	    2661
    4100	   18076	    1726
    4200	   19529	    4145
    4300	   19620	     697
    4400	   19836	     219
    4500	   20481	    2186
    4600	   21101	    2428
    4700	   21664	    1572
    4800	   21795	     389
    4900	   22173	    2579
    5000	   21113	    1908
    5100	   23329	     678
    5200	   24322	    1153
    5300	   24688	    1967
    5400	   25238	    3346
    5500	   24275	    2411
    5600	   25725	     607
    5700	   26543	     101
    5800	   27032	    1720
    5900	   27354	    5543
    6000	   27290	    1578
    6100	   28686	    1231
    6200	   28256	    5065
    6300	   28245	    2133
    6400	   29694	    3538
    6500	   30090	    4497
    6600	   29249	    1932
    6700	   31408	    1553
    6800	   31945	    2770
    6900	   32117	    4689
    7000	   32541	    2356
    7100	   33040	    5321
    7200	   33712	    6420
    7300	   33640	    3340
    7400	   32660	     933
    7500	   35143	    5973
    7600	   35771	    3468
    7700	   36175	    1741
    7800	   36161	    2838
    7900	   37026	    6974
    8000	   37186	    2952
    8100	   37685	     522
    8200	   38389	    4654
    8300	   38438	     220
    8400	   39316	    5124
    8500	   39846	    1150
    8600	   37869	    7159
    8700	   40236	     908
    8800	   41112	    3308
    8900	   40992	    1028
    9000	   41957	    7255
    9100	   38870	    4845
    9200	   42882	    7880
    9300	   43859	    8890
    9400	   44399	    3511
    9500	   44492	    4280
    9600	   45527	    4402
    9700	   45271	    6511
    9800	   46132	    5291
    9900	   46422	     536
   10000	   47332	    5037
     100	     322	      14
     200	     793	      96
     300	    1211	     267
     400	    1589	     129
     500	    2034	     492
     600	    2452	      61
     700	    2816	     405
     800	    3284	     450
     900	    3896	     430
    1000	    4322	      84
    1100	    4830	     578
    1200	    5279	    1043
    1300	    5757	    1286
    1400	    6129	    1099
    1500	    6541	     704
    1600	    7145	    1423
    1700	    7475	    1372
    1800	    7793	    1547
    1900	    8692	    1741
    2000	    8854	    1989
    2100	    9657	    1011
    2200	    9024	    1677
    2300	   10239	     238
    2400	   10885	     889
    2500	   11418	     532
    2600	   11687	     959
    2700	   12437	    2216
    2800	   12660	      71
    2900	   12938	     700
    3000	   13555	    1985
    3100	   14308	     969
    3200	   14475	     904
    3300	   14913	    1303
    3400	   15576	     142
    3500	   16016	    2091
    3600	   14922	    1180
    3700	   16697	    2583
    3800	   17431	    2661
    3900	   17741	      49
    4000	   18172	    3676
    4100	   18750	    1363
    4200	   19054	     596
    4300	   19503	    4215
    4400	   20483	    1338
    4500	   20802	    3683
    4600	   21200	    3357
    4700	   21764	    4476
    4800	   22027	    4420
    4900	   22514	    2537
    5000	   23369	    4856
    5100	   23480	    2631
    5200	   22978	    5071
    5300	   24717	    1463
    5400	   24933	    5335
    5500	   26137	    4263
    5600	   26004	    1281
    5700	   26294	    1129
    5800	   25870	    4027
    5900	   26772	    3215
    6000	   27894	     635
    6100	   28366	    6022
    6200	   28612	    2112
    6300	   29149	    5418
    6400	   29714	    5237
    6500	   30025	    2923
    6600	   29142	    3718
    6700	   31326	    5772
    6800	   31844	    6667
    6900	   32039	    3733
    7000	   29809	    5919
    7100	   33345	    6826
    7200	   33722	    4208
    7300	   34345	    1071
    7400	   33652	     921
    7500	   35030	     567
    7600	   34850	     993
    7700	   35858	    7163
    7800	   36303	      74
    7900	   32963	    2840
    8000	   36761	    6024
    8100	   37745	    5242
    8200	   38770	    8194
    8300	   38638	    6545
    8400	   39581	    4812
    8500	   39792	     612
    8600	   40294	     153
    8700	   41153	     320
    8800	   41359	    3110
    8900	   40514	    3570
    9000	   42343	    4280
    9100	   40974	    3245
    9200	   43488	    1540
    9300	   43741	    1546
    9400	   43948	    4982
    9500	   44652	    1587
    9600	   45293	    6404
    9700	   45604	    2484
    9800	   45273	    3798
    9900	   46348	     576
   10000	   46968	    9914
     100	     320	      21
     200	     704	     183
     300	    1074	     124
     400	    1669	     165
     500	    2081	     201
     600	    2403	     531
     700	    2766	     651
     800	    3381	     121
     900	    3426	     479
    1000	    4233	     434
    1100	    4852	     838
    1200	    4699	     413
    1300	    5588	     340
    1400	    6352	     959
    1500	    6732	     404
    1600	    6479	     680
    1700	    7722	    1488
    1800	    7935	     546
    1900	    8411	     186
    2000	    8834	    1153
    2100	    9405	    1574
    2200	    9793	    1819
    2300	   10599	     138
    2400	   10726	    1099
    2500	   11016	    2440
    2600	   11157	     647
    2700	   12197	    1496
    2800	   12209	    2675
    2900	   13300	    1613
    3000	   13595	     538
    3100	   14088	    2232
    3200	   14705	    3132
    3300	   15242	    2802
    3400	   15424	    1334
    3500	   16018	    2572
    3600	   16363	    2634
    3700	   16453	     573
    3800	   17525	    2085
    3900	   17869	     243
    4000	   18416	    1839
    4100	   18900	     328
    4200	   18627	    1023
    4300	   19138	    3758
    4400	   18631	     432
    4500	   20743	    2440
    4600	   21285	      66
    4700	   20782	    1459
    4800	   21921	    1301
    4900	   21766	     675
    5000	   22481	    3139
    5100	   23558	    1550
    5200	   23344	    3233
    5300	   24142	    1841
    5400	   25203	    5303
    5500	   24736	    4039
    5600	   26512	    3591
    5700	   26081	    5653
    5800	   26839	    4021
    5900	   27557	    2973
    6000	   28032	     551
    6100	   28276	      21
    6200	   28231	    3759
    6300	   29089	    4984
    6400	   29491	    4090
    6500	   30712	    4928
    6600	   30954	    1920
    6700	   31362	    1483
    6800	   30964	    6194
    6900	   32116	    5870
    7000	   28991	    6108
    7100	   33251	    2682
    7200	   33300	      78
    7300	   33698	    6426
    7400	   34355	    1809
    7500	   33482	    2665
    7600	   35324	    3048
    7700	   35425	    2480
    7800	   36156	    3874
    7900	   37026	    5461
    8000	   36723	    6815
    8100	   37404	    6336
    8200	   34853	    6686
    8300	   38584	    6257
    8400	   39312	     108
    8500	   39799	    5512
    8600	   40293	    3572
    8700	   41100	    8537
    8800	   41177	    2040
    8900	   41626	    7361
    9000	   42224	    1723
    9100	   42833	    6445
    9200	   43201	    1626
    9300	   41783	    5847
    9400	   43270	    9256
    9500	   44119	    6008
    9600	   44887	    3112
    9700	   45161	    5484
    9800	   44390	    5958
    9900	   46608	    9365
   10000	   46749	    2549
     100	     340	      38
     200	     808	      32
     300	    1151	      73
     400	    1626	      36
     500	    2044	     476
     600	    2575	     162
     700	    2631	       4
     800	    3346	     621
     900	    3821	     764
    1000	    4068	      58
    1100	    4771	     454
    1200	    5234	     133
    1300	    5613	     967
    1400	    5666	    1074
    1500	    6723	     514
    1600	    7039	    1404
    1700	    7663	     697
    1800	    7930	    1188
    1900	    8371	    1762
    2000	    8415	     939
    2100	    8391	    1114
    2200	   10101	     268
    2300	   10326	    2035
    2400	   10788	     301
    2500	   11511	    2308
    2600	   11283	    1658
    2700	   12042	     465
    2800	   12670	    1198
    2900	   12677	     860
    3000	   13623	    2775
    3100	   14004	    2087
    3200	   14415	     608
    3300	   14454	    1183
    3400	   15173	    2026
    3500	   15761	    2115
    3600	   16356	    3391
    3700	   17045	    2406
    3800	   15941	    2345
    3900	   17844	     393
    4000	   17843	    1089
    4100	   18780	    3485
    4200	   19348	    2441
    4300	   19657	     712
    4400	   20420	    4009
    4500	   21028	    4259
    4600	   21381	     819
    4700	   21901	    4072
    4800	   21714	    2529
    4900	   22174	     205
    5000	   23020	     169
    5100	   23485	    2539
    5200	   23549	    1387
    5300	   24714	    4995
    5400	   25378	    3663
    5500	   24963	    3562
    5600	   26100	    3255
    5700	   26681	    1285
    5800	   26746	    5316
    5900	   26903	    5209
    6000	   28031	    1352
    6100	   28322	    5540
    6200	   28350	    6086
    6300	   29511	    4315
    6400	   28364	    5104
    6500	   30190	    2036
    6600	   27758	    1485
    6700	   30815	    3086
    6800	   31882	     881
    6900	   32084	    3372
    7000	   32295	    3843
    7100	   33200	    6373
    7200	   32557	    3364
    7300	   33979	    2603
    7400	   34715	    4244
    7500	   35093	    4097
    7600	   35785	     569
    7700	   36190	     276
    7800	   36920	    7598
    7900	   36570	    3549
    8000	   37586	    6183
    8100	   34238	    4985
    8200	   38139	    5971
    8300	   38229	    6615
    8400	   39798	    2214
    8500	   39357	    3989
    8600	   40321	    1488
    8700	   40627	    6652
    8800	   41517	    4256
    8900	   41597	    6917
    9000	   41129	    5134
    9100	   41776	    4681
    9200	   43212	     299
    9300	   43869	    1252
    9400	   44017	    3876
    9500	   44015	    2091
    9600	   45252	    6653
    9700	   44613	    9151
    9800	   45581	    1318
    9900	   46698	    6274
   10000	   42795	    3306
     100	     380	      51
     200	     834	     153
     300	    1177	     125
     400	    1625	      40
     500	    2035	     456
     600	    2530	     332
     700	    2932	     685
     800	    3319	     505
     900	    3794	     246
    1000	    4330	     749
    1100	    4734	     523
    1200	    5278	     260
    1300	    5555	     424
    1400	    6468	     862
    1500	    6805	     940
    1600	    3731	     809
    1700	    7394	    1145
    1800	    8052	    1355
    1900	    8491	     720
    2000	    8712	     150
    2100	    9528	     836
    2200	    9744	    1319
    2300	   10195	    1214
    2400	   10667	    1279
    2500	   10253	     269
    2600	   11911	     127
    2700	   11761	    2259
    2800	   13144	     287
    2900	   12495	     553
    3000	   13062	    2245
    3100	   14111	    1764
    3200	   14662	    1743
    3300	   15120	     456
    3400	   15675	    2637
    3500	   15281	    2432
    3600	   15706	     237
    3700	   17145	     995
    3800	   17376	     975
    3900	   15985	     192
    4000	   18379	     128
    4100	   18719	    2870
    4200	   19247	     447
    4300	   19738	    2826
    4400	   20009	     586
    4500	   20965	    1550
    4600	   21051	    3193
    4700	   21904	    4099
    4800	   21900	    2652
    4900	   22777	    2483
    5000	   23070	    2953
    5100	   23584	    3725
    5200	   24018	    3789
    5300	   24793	    1093
    5400	   24338	    4567
    5500	   25537	    3176
    5600	   25905	    2073
    5700	   26429	     373
    5800	   27050	    4675
    5900	   27617	    2660
    6000	   28140	    3302
    6100	   28031	    5293
    6200	   28769	    5231
    6300	   29372	    3008
    6400	   29871	     523
    6500	   30305	    2328
    6600	   30715	    2997
    6700	   31182	    6097
    6800	   30762	    3970
    6900	   32240	    2761
    7000	   31266	    2527
    7100	   33141	    6654
    7200	   33353	    1571
    7300	   34318	    2774
    7400	   34356	    4896
    7500	   33585	    1590
    7600	   35509	    6408
    7700	   35836	    3353
    7800	   36561	    5071
    7900	   36571	    5406
    8000	   37014	       2
    8100	   36276	    2865
    8200	   34836	    5019
    8300	   38305	    7995
    8400	   39492	    6862
    8500	   39305	    2657
    8600	   40361	    1015
    8700	   41115	     495
    8800	   41354	     629
    8900	   42026	    7707
    9000	   42448	    3006
    9100	   42661	     575
    9200	   43194	     855
    9300	   43909	    4700
    9400	   44600	    9001
    9500	   44924	    7062
    9600	   45456	    9148
    9700	   45543	    1758
    9800	   45925	    2964
    9900	   46323	    6970
   10000	   46865	    3526
     100	     298	      57
     200	     701	       4
     300	    1201	     134
     400	    1674	     287
     500	    1946	      33
     600	    2511	     350
     700	    2925	     116
     800	    3325	     392
     900	    3874	     840
    1000	    4295	     900
    1100	    4783	     989
    1200	    5165	     847
    1300	    5685	     966
    1400	    6292	     623
    1500	    6622	     874
    1600	    7212	     383
    1700	    7491	    1635
    1800	    7841	    1436
    1900	    7904	     267
    2000	    8851	    1802
    2100	    9545	    1494
    2200	    9817	    1522
    2300	    9914	     710
    2400	   10716	      28
    2500	   11285	     631
    2600	   11561	     349
    2700	   11903	    1944
    2800	   12842	     655
    2900	   13203	    1333
    3000	   13690	    1578
    3100	   14123	    2403
    3200	   14651	    1669
    3300	   14944	     776
    3400	   15753	    2223
    3500	   14606	     949
    3600	   16499	     739
    3700	   16137	    1640
    3800	   17293	    2966
    3900	   17956	    1439
    4000	   18152	    1469
    4100	   18535	    3429
    4200	   19217	    3924
    4300	   19311	    1267
    4400	   20166	    3253
    4500	   20864	    2479
    4600	   21392	    1007
    4700	   21493	    1402
    4800	   22014	    1612
    4900	   22007	    1770
    5000	   23204	    3003
    5100	   22553	    2628
    5200	   24019	     536
    5300	   24290	    2407
    5400	   24635	    4778
    5500	   24173	    1927
    5600	   25717	     995
    5700	   26082	    3302
    5800	   26648	     267
    5900	   27152	    5180
    6000	   27433	    4035
    6100	   28513	    1909
    6200	   28504	    1201
    6300	   29216	    4885
    6400	   29780	    6242
    6500	   28503	     268
    6600	   30656	    5221
    6700	   31744	    4216
    6800	   31635	    6182
    6900	   32141	     469
    7000	   32122	    1053
    7100	   33260	    1027
    7200	   28466	    5983
    7300	   33964	    4036
    7400	   34401	    3300
    7500	   35154	    2149
    7600	   32178	    2385
    7700	   32296	     404
    7800	   34832	    4990
    7900	   37140	    2849
    8000	   37372	    7455
    8100	   38053	    3462
    8200	   38743	     254
    8300	   38642	    1798
    8400	   39216	    5742
    8500	   40180	    7476
    8600	   40349	    1328
    8700	   40445	    4677
    8800	   41573	    7359
    8900	   41260	    4410
    9000	   42103	    6362
    9100	   42631	    3203
    9200	   43277	    7248
    9300	   43978	    2194
    9400	   44258	      41
    9500	   43639	    3522
    9600	   44901	    3367
    9700	   45938	    2436
    9800	   45800	    3484
    9900	   45924	    3771
   10000	   46803	    7710
     100	     348	       6
     200	     788	     133
     300	    1173	      85
     400	    1639	      47
     500	    2087	     177
     600	    2285	      47
     700	    2899	     519
     800	    3392	     443
     900	    3797	     193
    1000	    4186	     645
    1100	    4944	    1053
    1200	    5353	     884
    1300	    5533	     879
    1400	    6277	     257
    1500	    6673	    1133
    1600	    7261	     194
    1700	    7044	    1373
    1800	    8189	     115
    1900	    8310	    1066
    2000	    9075	    1715
    2100	    9296	      91
    2200	    9958	    1943
    2300	   10081	    1201
    2400	   10530	    1884
    2500	   11088	    2135
    2600	   10807	     279
    2700	   12225	     991
    2800	   12323	    2752
    2900	   13142	     862
    3000	   13898	     636
    3100	   13596	    1713
    3200	   14623	    1440
    3300	   14356	    1077
    3400	   15430	    2841
    3500	   15827	    1078
    3600	   16766	    2521
    3700	   17037	    1226
    3800	   17591	     296
    3900	   17422	     239
    4000	   18543	    3789
    4100	   18706	     754
    4200	   19063	    1496
    4300	   19775	    3554
    4400	   20160	    4074
    4500	   20818	    3513
    4600	   21242	    1574
    4700	   21927	    2906
    4800	   22382	      83
    4900	   20763	    3507
    5000	   23040	    4175
    5100	   23744	    3297
    5200	   23813	    1629
    5300	   23730	    5008
    5400	   24492	    4870
    5500	   25094	    5429
    5600	   25672	      56
    5700	   27002	    3600
    5800	   27410	    2716
    5900	   25867	    1046
    6000	   28096	    1515
    6100	   26966	    1856
    6200	   28600	    1013
    6300	   29688	    3497
    6400	   29978	    3967
    6500	   30451	    5404
    6600	   30687	    2474
    6700	   31199	    1976
    6800	   32013	    6472
    6900	   31023	    5633
    7000	   31843	    2538
    7100	   33176	    5216
    7200	   33639	    3045
    7300	   34047	    1187
    7400	   34303	    1876
    7500	   35328	    6897
    7600	   35448	    6889
    7700	   36011	    6703
    7800	   36613	    3329
    7900	   35404	    1720
    8000	   37681	     372
    8100	   37383	    6610
    8200	   38223	    3549
    8300	   38059	    4084
    8400	   39318	    1400
    8500	   39879	    7373
    8600	   40760	      11
    8700	   40861	    4542
    8800	   40995	    6928
    8900	   41511	    6858
    9000	   42539	    8931
    9100	   42628	    5687
    9200	   43238	    2113
    9300	   43852	    4026
    9400	   43803	    7073
    9500	   45369	    8930
    9600	   44880	    2439
    9700	   44661	    6063
    9800	   45508	    6738
    9900	   46512	    2336
   10000	   46147	    8917
     100	     391	      66
     200	     727	      56
     300	    1325	     293
     400	    1660	     269
     500	    2022	      70
     600	    2473	     129
     700	    3107	     623
     800	    3196	     365
     900	    3877	     105
    1000	    4286	     546
    1100	    4793	     146
    1200	    4670	     606
    1300	    5453	      90
    1400	    6086	     783
    1500	    6569	     171
    1600	    6926	     256
    1700	    7477	     856
    1800	    7884	    1348
    1900	    8473	    1124
    2000	    8684	    1039
    2100	    9190	    1549
    2200	    9685	    1792
    2300	   10212	    1476
    2400	   11133	     127
    2500	   11544	       5
    2600	   11322	    1572
    2700	   12074	    2656
    2800	   12744	     764
    2900	   13253	    1141
    3000	   13728	     722
    3100	   14180	     471
    3200	   14471	     946
    3300	   14809	     272
    3400	   15538	    1984
    3500	   15948	     701
    3600	   16391	    1299
    3700	   17125	    2198
    3800	   17485	     475
    3900	   17680	    1008
    4000	   17950	    2887
    4100	   19051	    2540
    4200	   19249	    3158
    4300	   19348	    2277
    4400	   20246	    1727
    4500	   20716	     993
    4600	   20847	    1639
    4700	   22497	    3739
    4800	   21488	     915
    4900	   22042	    2603
    5000	   23211	     907
    5100	   23437	     215
    5200	   21563	    1395
    5300	   24252	    5234
    5400	   24823	     554
    5500	   24836	     367
    5600	   25826	    3226
    5700	   26459	    5225
    5800	   26730	    1994
    5900	   27749	    1703
    6000	   28099	     548
    6100	   28438	    4500
    6200	   28945	    1330
    6300	   29301	    3545
    6400	   29495	    2354
    6500	   30049	    1334
    6600	   30196	     374
    6700	   30736	    5892
    6800	   31497	    5905
    6900	   32232	    2417
    7000	   32905	      19
    7100	   33479	    2054
    7200	   33874	    3293
    7300	   33825	    6381
    7400	   33689	    2938
    7500	   34332	    4340
    7600	   34941	    1311
    7700	   36104	    1759
    7800	   35544	    3630
    7900	   36870	    2341
    8000	   36477	    3444
    8100	   37199	    2335
    8200	   38146	    5720
    8300	   38989	    4881
    8400	   39001	    4260
    8500	   39548	    7108
    8600	   40442	    4572
    8700	   40546	    4090
    8800	   41374	    1579
    8900	   40788	    7152
    9000	   41431	    7232
    9100	   41061	    3299
    9200	   43831	    1577
    9300	   43802	    7862
    9400	   43943	    4700
    9500	   44569	    6633
    9600	   44867	    1975
    9700	   41313	    1018
    9800	   46370	    8116
    9900	   46751	    5804
   10000	   47637	    5173
     100	     362	      41
     200	     638	     124
     300	    1182	      12
     400	    1572	     188
     500	    2141	     480
     600	    2556	     153
     700	    2982	      90
     800	    3406	     795
     900	    3796	     554
    1000	    4365	     547
    1100	    4699	     904
    1200	    5305	     515
    1300	    5682	     217
    1400	    6166	     188
    1500	    6642	    1207
    1600	    6934	     696
    1700	    7457	     808
    1800	    7393	     889
    1900	    8345	     531
    2000	    8117	     294
    2100	    8652	     137
    2200	    9740	    2095
    2300	   10397	    1797
    2400	   10823	      41
    2500	   10874	    2016
    2600	   11942	    1892
    2700	   12100	    2611
    2800	   12399	     792
    2900	   13182	      56
    3000	   13364	    1377
    3100	   14359	     658
    3200	   14661	    2042
    3300	   15226	    1794
    3400	   15624	    2869
    3500	   15709	    1346
    3600	   16592	     814
    3700	   16958	    3374
    3800	   17140	    1149
    3900	   17288	    3861
    4000	   17968	    1990
    4100	   18589	    2076
    4200	   19554	    2979
    4300	   18118	    1016
    4400	   20483	    2597
    4500	   20683	     146
    4600	   21236	     402
    4700	   21379	     975
    4800	   21837	    2858
    4900	   22636	     619
    5000	   22925	      69
    5100	   23528	    4431
    5200	   23361	    1079
    5300	   24645	    5074
    5400	   24780	    1958
    5500	   25715	    5423
    5600	   25906	    3282
    5700	   26059	    2855
    5800	   26922	    4106
    5900	   27880	    2672
    6000	   27997	    3618
    6100	   28334	    3069
    6200	   28366	    2771
    6300	   29086	    1641
    6400	   29978	    2351
    6500	   30048	    2848
    6600	   30332	     330
    6700	   31275	    1719
    6800	   31580	    1934
    6900	   32214	    5775
    7000	   32950	    5224
    7100	   32430	    3357
    7200	   32487	    1700
    7300	   32757	    7184
    7400	   34841	    1107
    7500	   35226	    3276
    7600	   33079	    4952
    7700	   34703	    6297
    7800	   36348	    7287
    7900	   37030	    4708
    8000	   35420	    1649
    8100	   37800	     427
    8200	   38944	    5985
    8300	   39111	    7524
    8400	   39520	     709
    8500	   39742	    7956
    8600	   39384	    6600
    8700	   40749	    3174
    8800	   41491	    5747
    8900	   41520	    1722
    9000	   40761	    6551
    9100	   42747	    4763
    9200	   43053	    7145
    9300	   43190	    7699
    9400	   44152	    6905
    9500	   44624	    7826
    9600	   40643	    9071
    9700	   45691	    5748
    9800	   45666	    5449
    9900	   45491	    1332
   10000	   46459	    3370
     100	     324	      51
     200	     757	       8
     300	    1157	      53
     400	    1571	     279
     500	    2114	     331
     600	    2510	     485
     700	    3018	     313
     800	    3360	     681
     900	    3503	     697
    1000	    3897	     776
    1100	    4819	     611
    1200	    5228	     817
    1300	    5765	     895
    1400	    6107	     117
    1500	    6207	     718
    1600	    7097	     642
    1700	    7423	       9
    1800	    7904	    1690
    1900	    8400	    1095
    2000	    9051	    1924
    2100	    9755	    1645
    2200	    9813	    1115
    2300	   10003	    2226
    2400	   10981	    1781
    2500	   11237	    2368
    2600	   11283	     552
    2700	   12373	    2472
    2800	   12156	    1207
    2900	   13078	     557
    3000	   13522	    1500
    3100	   14108	    2813
    3200	   14550	    2101
    3300	   15228	    2914
    3400	   15457	      89
    3500	   15820	    1205
    3600	   16564	     510
    3700	   16999	    2224
    3800	   17633	    3203
    3900	   17464	    2061
    4000	   18399	    3556
    4100	   18486	    3548
    4200	   19081	    1459
    4300	   19792	    1231
    4400	   20224	    4101
    4500	   20643	     998
    4600	   21084	    4450
    4700	   21998	    3637
    4800	   22013	    4373
    4900	   22728	    1461
    5000	   22779	    1744
    5100	   23272	     426
    5200	   24288	     187
    5300	   24310	    2431
    5400	   24870	    3420
    5500	   25591	    5138
    5600	   25822	    1452
    5700	   25455	    5624
    5800	   26707	    2448
    5900	   27738	     954
    6000	   27915	    2909
    6100	   28342	    2845
    6200	   29005	    1660
    6300	   29002	    2709
    6400	   30080	    3746
    6500	   29923	    4426
    6600	   30386	    2577
    6700	   31088	    2577
    6800	   31393	    4745
    6900	   31526	    5664
    7000	   32640	     159
    7100	   32779	     120
    7200	   31009	    4748
    7300	   34113	    6731
    7400	   34627	    3902
    7500	   34952	    3725
    7600	   35802	    1200
    7700	   34561	    5035
    7800	   35496	    1468
    7900	   36819	    6375
    8000	   37000	    1284
    8100	   37952	    7225
    8200	   38493	    7082
    8300	   38596	    7494
    8400	   39426	    1042
    8500	   39819	    1440
    8600	   40030	     395
    8700	   40682	     795
    8800	   41408	    5330
    8900	   41810	    7080
    9000	   41761	    4661
    9100	   42036	    4092
    9200	   43435	    2938
    9300	   43146	    1468
    9400	   44245	    6825
    9500	   45038	    8540
    9600	   45107	    7211
    9700	   45173	     845
    9800	   45202	    3494
    9900	   45618	    5276
   10000	   46671	    9176
     100	     410	      95
     200	     722	     168
     300	    1148	     289
     400	    1623	      36
     500	    2059	      98
     600	    2509	     277
     700	    2907	     397
     800	    3339	      17
     900	    3915	     561
    1000	    4268	     306
    1100	    4798	     757
    1200	    5256	     112
    1300	    5648	     436
    1400	    6186	     912
    1500	    6664	     884
    1600	    7235	     102
    1700	    7758	    1407
    1800	    8137	     786
    1900	    8647	    1518
    2000	    9054	    1478
    2100	    9111	    1285
    2200	   10173	    1094
    2300	   10082	     676
    2400	   10374	    1654
    2500	   11540	     644
    2600	   11803	     539
    2700	   11901	     324
    2800	   12893	    1296
    2900	   13375	    2526
    3000	   13510	     990
    3100	   14017	    2214
    3200	   14691	     788
    3300	   15172	    2753
    3400	   15672	     570
    3500	   15588	    2399
    3600	   16504	    1217
    3700	   16829	    1577
    3800	   17112	     483
    3900	   17898	    2927
    4000	   18153	    1574
    4100	   18777	     104
    4200	   19067	    1886
    4300	   19654	    2299
    4400	   20164	    2381
    4500	   20951	    2255
    4600	   21356	    3711
    4700	   21634	    1931
    4800	   21966	    4236
    4900	   22769	     829
    5000	   22883	    4979
    5100	   23699	    4820
    5200	   24109	     358
    5300	   21970	     573
    5400	   24269	    5074
    5500	   25715	    5479
    5600	   25697	      80
    5700	   26846	    5201
    5800	   26696	    2506
    5900	   27325	    2274
    6000	   25611	    5912
    6100	   28114	    5501
    6200	   28184	    3595
    6300	   29372	    1493
    6400	   29838	    5648
    6500	   30594	    5377
    6600	   30867	    2895
    6700	   29694	    3908
    6800	   28866	    3579
    6900	   32013	     921
    7000	   30894	    2692
    7100	   32731	    2658
    7200	   34263	    3159
    7300	   33946	    5253
    7400	   34767	    7156
    7500	   34983	    4919
    7600	   33989	    5648
    7700	   34835	    5188
    7800	   36052	     831
    7900	   37042	     955
    8000	   33573	    2489
    8100	   37748	    7485
    8200	   38768	    4227
    8300	   38850	    6270
    8400	   39395	    4851
    8500	   39730	    2996
    8600	   40247	    2955
    8700	   40945	    2764
    8800	   41046	    4672
    8900	   41473	    1146
    9000	   42047	     372
    9100	   41254	    6622
    9200	   43605	    8747
    9300	   43750	    7491
    9400	   44198	    8540
    9500	   42702	    8721
    9600	   44472	    9171
    9700	   45489	    6245
    9800	   45788	    2527
    9900	   46736	    8625
   10000	   46918	    9939
     100	     361	      84
     200	     719	     101
     300	    1177	      27
     400	    1576	     200
     500	    2037	     173
     600	    2636	     451
     700	    3037	     438
     800	    3443	     234
     900	    3845	     886
    1000	    4304	     669
    1100	    4704	     343
    1200	    5040	     916
    1300	    5629	     352
    1400	    6040	    1338
    1500	    6776	    1393
    1600	    7163	    1108
    1700	    7359	    1650
    1800	    7936	      21
    1900	    8288	    1533
    2000	    8783	    1045
    2100	    9096	     126
    2200	    9536	     392
    2300	    9915	    1899
    2400	   10559	     624
    2500	   11389	     114
    2600	   12062	    1308
    2700	   12164	    1444
    2800	   12448	      92
    2900	   13450	     923
    3000	   13581	    2954
    3100	   14072	     816
    3200	   14504	    2727
    3300	   14909	    2601
    3400	   15789	    2602
    3500	   15997	    2446
    3600	   16167	    1039
    3700	   16723	    1360
    3800	   17605	    2278
    3900	   18101	    1622
    4000	   18749	    2242
    4100	   18056	    1454
    4200	   19032	     468
    4300	   19646	    3754
    4400	   20654	    2895
    4500	   20128	     598
    4600	   21215	    2398
    4700	   21933	    1325
    4800	   22369	    4335
    4900	   22985	     914
    5000	   23228	    3320
    5100	   23760	    2839
    5200	   23889	     291
    5300	   24404	    2275
    5400	   24770	    4851
    5500	   25244	    2102
    5600	   25737	    1831
    5700	   26254	    3142
    5800	   26976	    3172
    5900	   27245	    5773
    6000	   27656	    3319
    6100	   28142	    4704
    6200	   28396	    5751
    6300	   29359	    3245
    6400	   29100	    3859
    6500	   30313	    4785
    6600	   30910	     849
    6700	   31385	    2206
    6800	   31629	    4052
    6900	   32427	    3287
    7000	   32839	    3109
    7100	   32685	    6366
    7200	   32863	    5190
    7300	   34198	    4257
    7400	   34315	    3765
    7500	   34081	    4587
    7600	   35488	    2896
    7700	   35836	    4271
    7800	   36281	    4778
    7900	   36670	    7558
    8000	   37360	    5788
    8100	   37145	    4923
    8200	   38293	     784
    8300	   38891	    7878
    8400	   39089	    2593
    8500	   37925	    7374
    8600	   40160	    7529
    8700	   40863	    5127
    8800	   41144	    8142
    8900	   41520	    2530
    9000	   42424	    4117
    9100	   42763	    4650
    9200	   43414	    2532
    9300	   44265	    3318
    9400	   41522	    3889
    9500	   44234	     262
    9600	   44842	    3132
    9700	   43688	    8855
    9800	   46012	    7193
    9900	   46550	    7394
   10000	   45916	    7782
     100	     303	      10
     200	     735	      55
     300	    1175	     159
     400	    1650	     385
     500	    2213	     499
     600	    2574	     303
     700	    2325	     185
     800	    3363	     359
     900	    3877	     468
    1000	    4423	     393
    1100	    4853	     361
    1200	    4966	     709
    1300	    5578	     805
    1400	    6364	    1030
    1500	    6301	    1080
    1600	    7199	     271
    1700	    7150	     400
    1800	    7880	     520
    1900	    8064	     651
    2000	    8926	    1038
    2100	    9487	     464
    2200	    9671	     578
    2300	   10219	    2125
    2400	   10747	    1596
    2500	   11192	    1184
    2600	   11727	    2112
    2700	   12108	     811
    2800	   12818	    1397
    2900	   13019	    2102
    3000	   13764	    2606
    3100	   14114	     987
    3200	   14518	    1464
    3300	   14566	     227
    3400	   15747	    3387
    3500	   15868	    1720
    3600	   16086	    2558
    3700	   16897	     512
    3800	   17539	    2786
    3900	   18116	    2450
    4000	   18229	    1649
    4100	   18753	    3486
    4200	   19257	     951
    4300	   17888	    3336
    4400	   20274	    1661
    4500	   20613	    2407
    4600	   21015	      81
    4700	   21665	    2412
    4800	   21966	    2413
    4900	   22435	    2894
    5000	   23039	    2713
    5100	   23010	     505
    5200	   23954	    4330
    5300	   24722	    2095
    5400	   25002	    1962
    5500	   25273	     385
    5600	   23574	    3522
    5700	   26275	    3612
    5800	   27142	    3025
    5900	   27496	    4492
    6000	   26500	    5420
    6100	   28481	    1319
    6200	   28904	    3792
    6300	   29342	    1387
    6400	   29578	     108
    6500	   30123	     460
    6600	   30126	    4254
    6700	   31414	    4444
    6800	   31779	     645
    6900	   32767	    6414
    7000	   32594	    5052
    7100	   33348	     325
    7200	   33692	    1901
    7300	   34132	    4750
    7400	   34974	    6404
    7500	   34465	    2467
    7600	   35435	     152
    7700	   35796	    2314
    7800	   35656	    6763
    7900	   36927	    1700
    8000	   35782	    7148
    8100	   38029	    4068
    8200	   38456	    3906
    8300	   38488	    6957
    8400	   39913	    3906
    8500	   39659	     894
    8600	   40724	    2438
    8700	   40224	    1577
    8800	   41597	    7267
    8900	   37252	    5006
    9000	   42155	    5684
    9100	   43006	    6076
    9200	   43478	     195
    9300	   43964	    5155
    9400	   44083	    2954
    9500	   44159	    9040
    9600	   41149	    1764
    9700	   45852	    3110
    9800	   46460	    6569
    9900	   46368	     668
   10000	   46579	    4488
     100	     401	      95
     200	     789	     159
     300	    1226	     272
     400	    1704	     377
     500	    1934	     119
     600	    2451	      83
     700	    2718	      83
     800	    3131	     342
     900	    3662	     849
    1000	    3953	     947
    1100	    4678	    1046
    1200	    5342	     545
    1300	    5659	      73
    1400	    6206	     969
    1500	    6643	     717
    1600	    7020	     871
    1700	    7451	    1169
    1800	    8088	     317
    1900	    8479	    1712
    2000	    8883	     225
    2100	    8532	    1601
    2200	   10017	    1054
    2300	   10502	    1593
    2400	    9923	    2294
    2500	   10406	    1335
    2600	   10978	     204
    2700	   12000	    2242
    2800	   12746	    2185
    2900	   13040	    1983
    3000	   13651	    1538
    3100	   13513	      44
    3200	   14959	    2817
    3300	   15071	    3247
    3400	   15291	     411
    3500	   15788	    1123
    3600	   15846	     736
    3700	   17023	     556
    3800	   17237	     575
    3900	   17901	    1053
    4000	   18403	    2503
    4100	   18999	    3202
    4200	   18984	    2578
    4300	   19603	    1428
    4400	   20239	    1506
    4500	   20860	    4363
    4600	   21299	    3961
    4700	   21887	    2262
    4800	   22158	    2277
    4900	   22651	    1014
    5000	   23162	    1554
    5100	   23199	    2012
    5200	   23733	    2035
    5300	   24518	    3962
    5400	   25140	      65
    5500	   25056	    5306
    5600	   26039	     465
    5700	   26571	    2842
    5800	   26955	    3493
    5900	   27598	    3898
    6000	   25596	     586
    6100	   28313	    5146
    6200	   28875	     119
    6300	   29002	    4154
    6400	   28706	    3251
    6500	   30156	    2681
    6600	   30578	    2018
    6700	   31360	    3756
    6800	   31891	    3069
    6900	   32176	    6585
    7000	   33027	    3901
    7100	   33046	    4641
    7200	   33584	    1734
    7300	   34318	    1252
    7400	   34304	    6358
    7500	   34453	    5897
    7600	   34762	    5327
    7700	   35997	    1218
    7800	   36523	    4319
    7900	   37461	     809
    8000	   37407	    5870
    8100	   37753	    6971
    8200	   38906	    4714
    8300	   39091	    4349
    8400	   39059	     699
    8500	   38894	    1549
    8600	   40116	    7442
    8700	   40421	    8217
    8800	   41178	    2532
    8900	   41799	    7014
    9000	   40537	    1647
    9100	   42752	    8919
    9200	   42509	    3316
    9300	   43474	    6775
    9400	   43784	    4803
    9500	   44347	     154
    9600	   45277	    2046
    9700	   46240	    4481
    9800	   44748	    7848
    9900	   45310	    4746
   10000	   47328	    6555
